Nov 12 23:27:46.786 INFO Logging to file                         path: "/data_beacon/beacon/logs/beacon.log"
Nov 12 23:27:46.791 INFO Lighthouse started                      version: Lighthouse/v7.0.0-beta.0-1888be5
Nov 12 23:27:46.791 INFO Configured for network                  name: custom (/data/testnet-dir)
Nov 12 23:27:46.830 INFO Data directory initialised              datadir: /data_beacon
Nov 12 23:27:46.830 WARN Discv5 packet filter is disabled
Nov 12 23:27:46.830 WARN Running HTTP server on port 3500
Nov 12 23:27:46.870 INFO Deposit contract                        address: 0x4242424242424242424242424242424242424242, deploy_block: 0
Nov 12 23:27:47.094 INFO Blob DB initialized                     oldest_data_column_slot: None, oldest_blob_slot: Some(Slot(0)), path: "/data_beacon/beacon/blobs_db", service: freezer_db
Nov 12 23:27:50.186 INFO Starting from known genesis state       service: beacon
Nov 12 23:27:50.233 INFO Block production enabled                method: json rpc via http, endpoint: Auth { endpoint: "http://el:8551/", jwt_path: "/data/jwtsecret", jwt_id: None, jwt_version: None }
Nov 12 23:27:50.251 INFO Beacon chain initialized                head_slot: 0, head_block: 0x553bd7e4aeb71265a64ce72a3b6c80b1ee0aa0055ea699acf5822cecee052fdc, head_state: 0x5dc5a907aea51d6aa420eb934ae31fd6daf32c9eddf21700c9dc54c0f4f5b12a, service: beacon
Nov 12 23:27:50.251 INFO Timer service started                   service: node_timer
Nov 12 23:27:50.251 INFO UPnP Attempting to initialise routes
Nov 12 23:27:50.258 INFO ENR Initialised                         quic6: None, quic4: Some(9100), udp6: None, tcp6: None, tcp4: Some(9000), udp4: Some(9000), ip4: Some(127.0.0.1), id: 0x6efc..12c7, seq: 1, enr: enr:-OS4QCW0f4cYLICPpFzGXGPbj5wQ6XoQgcmjtW2Rl8vQmqVHYvbjEqKJxHEm7S_y7yRkr_uxxpZf__E-ha9L5b6uUJkBh2F0dG5ldHOIAAAAAAAAAACGY2xpZW502IpMaWdodGhvdXNljDcuMC4wLWJldGEuMIRldGgykL_JABcgAACT__________-CaWSCdjSCaXCEfwAAAYRxdWljgiOMiXNlY3AyNTZrMaECH18N47n9Imchzc0dVW5Mdc81KfbXZ3eDS3a5Bpx8_OmIc3luY25ldHMAg3RjcIIjKIN1ZHCCIyg, service: libp2p
Nov 12 23:27:50.260 INFO Libp2p Starting                         bandwidth_config: 3-Average, peer_id: 16Uiu2HAkwY8ggvScSE21ynxk2ugwM4wXT814tyHpjahVkmXyrenU, service: libp2p
Nov 12 23:27:50.260 INFO Listening established                   address: /ip4/0.0.0.0/tcp/9000/p2p/16Uiu2HAkwY8ggvScSE21ynxk2ugwM4wXT814tyHpjahVkmXyrenU, service: libp2p
Nov 12 23:27:50.261 INFO Listening established                   address: /ip4/0.0.0.0/udp/9100/quic-v1/p2p/16Uiu2HAkwY8ggvScSE21ynxk2ugwM4wXT814tyHpjahVkmXyrenU, service: libp2p
Nov 12 23:27:50.266 INFO HTTP API started                        listen_address: 0.0.0.0:3500
Nov 12 23:27:50.268 INFO Execution engine online                 service: exec
Nov 12 23:27:53.504 INFO Prepared beacon proposer                parent_root: 0x553bd7e4aeb71265a64ce72a3b6c80b1ee0aa0055ea699acf5822cecee052fdc, validator: 23, prepare_slot: 1, service: beacon
Nov 12 23:27:53.505 WARN Execution engine call failed            error: Json(Error("missing field `totalDifficulty`", line: 0, column: 0)), service: exec
Nov 12 23:27:53.505 WARN Unable to prepare proposer with lookahead, slot: 1, error: ForkchoiceUpdate(EngineError(Api { error: Json(Error("missing field `totalDifficulty`", line: 0, column: 0)) })), service: state_advance
Nov 12 23:27:58.002 INFO Prepared beacon proposer                parent_root: 0x553bd7e4aeb71265a64ce72a3b6c80b1ee0aa0055ea699acf5822cecee052fdc, validator: 80, prepare_slot: 2, service: beacon
Nov 12 23:27:58.003 WARN Execution engine call failed            error: Json(Error("missing field `totalDifficulty`", line: 0, column: 0)), service: exec
Nov 12 23:27:58.003 ERRO Proposer prepare routine failed         error: ForkchoiceUpdate(EngineError(Api { error: Json(Error("missing field `totalDifficulty`", line: 0, column: 0)) })), service: beacon
Nov 12 23:28:00.002 WARN Low peer count                          peer_count: 0, service: slot_notifier
Nov 12 23:28:00.002 INFO Searching for peers                     current_slot: 1, head_slot: 0, finalized_epoch: 0, finalized_root: 0x553bd7e4aeb71265a64ce72a3b6c80b1ee0aa0055ea699acf5822cecee052fdc, peers: 0, service: slot_notifier
Nov 12 23:28:00.003 INFO Ready for Bellatrix                     current_difficulty: ??, terminal_total_difficulty: 0, service: slot_notifier
Nov 12 23:28:00.254 INFO Could not UPnP map Discovery port       error: Gateway does not support UPnP
Nov 12 23:28:00.266 INFO UPnP not available                      service: libp2p
Nov 12 23:28:05.505 WARN Execution engine call failed            error: Json(Error("missing field `totalDifficulty`", line: 0, column: 0)), service: exec
Nov 12 23:28:05.505 WARN Unable to prepare proposer with lookahead, slot: 2, error: ForkchoiceUpdate(EngineError(Api { error: Json(Error("missing field `totalDifficulty`", line: 0, column: 0)) })), service: state_advance
Nov 12 23:28:06.003 INFO Prepared beacon proposer                parent_root: 0x553bd7e4aeb71265a64ce72a3b6c80b1ee0aa0055ea699acf5822cecee052fdc, validator: 8, prepare_slot: 3, service: beacon
Nov 12 23:28:06.004 WARN Execution engine call failed            error: Json(Error("missing field `totalDifficulty`", line: 0, column: 0)), service: exec
Nov 12 23:28:06.004 WARN Error processing HTTP API request       method: POST, path: /eth/v1/validator/prepare_beacon_proposer, status: 400 Bad Request, elapsed: 1.948368ms
Nov 12 23:28:06.011 ERRO No valid eth1_data votes, `votes_to_consider` empty, outcome: casting `state.eth1_data` as eth1 vote, genesis_time: 1762990062, earliest_block_timestamp: 1762990062, lowest_block_number: 0, service: deposit_contract_rpc
Nov 12 23:28:06.013 WARN Producing block with no sync contributions, slot: 2, service: beacon
Nov 12 23:28:06.027 INFO Signed block published to network via HTTP API, publish_delay_ms: 1, slot: 2
Nov 12 23:28:06.029 WARN Could not publish message               kind: beacon_block, error: InsufficientPeers, service: libp2p
Nov 12 23:28:06.043 INFO Valid block from HTTP API               slot: 2, proposer_index: 80, root: 0x669f7e62bb2b2cc6401389aa1cfcc8bb86f2b7ed329c9faa401ae289c93404f3, block_delay: 25.432334ms
Nov 12 23:28:06.045 INFO Prepared beacon proposer                parent_root: 0x669f7e62bb2b2cc6401389aa1cfcc8bb86f2b7ed329c9faa401ae289c93404f3, validator: 8, prepare_slot: 3, service: beacon
Nov 12 23:28:06.085 INFO Forwarding register validator request to connected builder, count: 100
Nov 12 23:28:06.085 WARN Error processing HTTP API request       method: POST, path: /eth/v1/validator/register_validator, status: 500 Internal Server Error, elapsed: 4.042078ms
Nov 12 23:28:10.031 WARN Could not publish message               kind: beacon_attestation_2, error: InsufficientPeers, service: libp2p
Nov 12 23:28:10.032 WARN Could not publish message               kind: beacon_attestation_2, error: InsufficientPeers, service: libp2p
Nov 12 23:28:10.036 WARN Could not publish message               kind: sync_committee_2, error: InsufficientPeers, service: libp2p
Nov 12 23:28:10.036 WARN Could not publish message               kind: beacon_attestation_2, error: InsufficientPeers, service: libp2p
Nov 12 23:28:10.037 WARN Could not publish message               kind: sync_committee_3, error: InsufficientPeers, service: libp2p
Nov 12 23:28:10.039 WARN Could not publish message               kind: sync_committee_0, error: InsufficientPeers, service: libp2p
Nov 12 23:28:10.042 WARN Could not publish message               kind: sync_committee_1, error: InsufficientPeers, service: libp2p
Nov 12 23:28:10.044 WARN Could not publish message               kind: sync_committee_3, error: InsufficientPeers, service: libp2p
Nov 12 23:28:10.046 WARN Could not publish message               kind: sync_committee_2, error: InsufficientPeers, service: libp2p
Nov 12 23:28:10.048 WARN Could not publish message               kind: sync_committee_0, error: InsufficientPeers, service: libp2p
Nov 12 23:28:10.049 WARN Could not publish message               kind: sync_committee_1, error: InsufficientPeers, service: libp2p
Nov 12 23:28:10.051 WARN Could not publish message               kind: sync_committee_3, error: InsufficientPeers, service: libp2p
Nov 12 23:28:10.052 WARN Could not publish message               kind: sync_committee_0, error: InsufficientPeers, service: libp2p
Nov 12 23:28:10.054 WARN Could not publish message               kind: sync_committee_1, error: InsufficientPeers, service: libp2p
Nov 12 23:28:10.055 WARN Could not publish message               kind: sync_committee_2, error: InsufficientPeers, service: libp2p
Nov 12 23:28:10.058 WARN Could not publish message               kind: sync_committee_2, error: InsufficientPeers, service: libp2p
Nov 12 23:28:10.058 WARN Could not publish message               kind: sync_committee_0, error: InsufficientPeers, service: libp2p
Nov 12 23:28:10.059 WARN Could not publish message               kind: sync_committee_1, error: InsufficientPeers, service: libp2p
Nov 12 23:28:10.060 WARN Could not publish message               kind: sync_committee_3, error: InsufficientPeers, service: libp2p
Nov 12 23:28:10.062 WARN Could not publish message               kind: sync_committee_2, error: InsufficientPeers, service: libp2p
Nov 12 23:28:10.064 WARN Could not publish message               kind: sync_committee_0, error: InsufficientPeers, service: libp2p
Nov 12 23:28:10.065 WARN Could not publish message               kind: sync_committee_3, error: InsufficientPeers, service: libp2p
Nov 12 23:28:10.066 WARN Could not publish message               kind: sync_committee_1, error: InsufficientPeers, service: libp2p
Nov 12 23:28:10.067 WARN Could not publish message               kind: sync_committee_0, error: InsufficientPeers, service: libp2p
Nov 12 23:28:10.070 WARN Could not publish message               kind: sync_committee_3, error: InsufficientPeers, service: libp2p
Nov 12 23:28:10.070 WARN Could not publish message               kind: sync_committee_2, error: InsufficientPeers, service: libp2p
Nov 12 23:28:10.071 WARN Could not publish message               kind: sync_committee_1, error: InsufficientPeers, service: libp2p
Nov 12 23:28:10.072 WARN Could not publish message               kind: sync_committee_1, error: InsufficientPeers, service: libp2p
Nov 12 23:28:10.074 WARN Could not publish message               kind: sync_committee_3, error: InsufficientPeers, service: libp2p
Nov 12 23:28:10.075 WARN Could not publish message               kind: sync_committee_2, error: InsufficientPeers, service: libp2p
Nov 12 23:28:10.076 WARN Could not publish message               kind: sync_committee_0, error: InsufficientPeers, service: libp2p
Nov 12 23:28:10.077 WARN Could not publish message               kind: sync_committee_1, error: InsufficientPeers, service: libp2p
Nov 12 23:28:10.078 WARN Could not publish message               kind: sync_committee_0, error: InsufficientPeers, service: libp2p
Nov 12 23:28:10.079 WARN Could not publish message               kind: sync_committee_3, error: InsufficientPeers, service: libp2p
Nov 12 23:28:10.080 WARN Could not publish message               kind: sync_committee_2, error: InsufficientPeers, service: libp2p
Nov 12 23:28:10.082 WARN Could not publish message               kind: sync_committee_3, error: InsufficientPeers, service: libp2p
Nov 12 23:28:10.083 WARN Could not publish message               kind: sync_committee_0, error: InsufficientPeers, service: libp2p
Nov 12 23:28:10.084 WARN Could not publish message               kind: sync_committee_1, error: InsufficientPeers, service: libp2p
Nov 12 23:28:10.086 WARN Could not publish message               kind: sync_committee_2, error: InsufficientPeers, service: libp2p
Nov 12 23:28:10.088 WARN Could not publish message               kind: sync_committee_1, error: InsufficientPeers, service: libp2p
Nov 12 23:28:10.088 WARN Could not publish message               kind: sync_committee_0, error: InsufficientPeers, service: libp2p
Nov 12 23:28:10.090 WARN Could not publish message               kind: sync_committee_2, error: InsufficientPeers, service: libp2p
Nov 12 23:28:10.091 WARN Could not publish message               kind: sync_committee_3, error: InsufficientPeers, service: libp2p
Nov 12 23:28:10.092 WARN Could not publish message               kind: sync_committee_3, error: InsufficientPeers, service: libp2p
Nov 12 23:28:10.093 WARN Could not publish message               kind: sync_committee_1, error: InsufficientPeers, service: libp2p
Nov 12 23:28:10.095 WARN Could not publish message               kind: sync_committee_2, error: InsufficientPeers, service: libp2p
Nov 12 23:28:10.095 WARN Could not publish message               kind: sync_committee_0, error: InsufficientPeers, service: libp2p
Nov 12 23:28:10.097 WARN Could not publish message               kind: sync_committee_3, error: InsufficientPeers, service: libp2p
Nov 12 23:28:10.099 WARN Could not publish message               kind: sync_committee_1, error: InsufficientPeers, service: libp2p
Nov 12 23:28:10.100 WARN Could not publish message               kind: sync_committee_0, error: InsufficientPeers, service: libp2p
Nov 12 23:28:10.101 WARN Could not publish message               kind: sync_committee_2, error: InsufficientPeers, service: libp2p
Nov 12 23:28:10.102 WARN Could not publish message               kind: sync_committee_1, error: InsufficientPeers, service: libp2p
Nov 12 23:28:10.103 WARN Could not publish message               kind: sync_committee_0, error: InsufficientPeers, service: libp2p
Nov 12 23:28:10.104 WARN Could not publish message               kind: sync_committee_3, error: InsufficientPeers, service: libp2p
Nov 12 23:28:10.105 WARN Could not publish message               kind: sync_committee_2, error: InsufficientPeers, service: libp2p
Nov 12 23:28:10.106 WARN Could not publish message               kind: sync_committee_0, error: InsufficientPeers, service: libp2p
Nov 12 23:28:10.107 WARN Could not publish message               kind: sync_committee_3, error: InsufficientPeers, service: libp2p
Nov 12 23:28:10.108 WARN Could not publish message               kind: sync_committee_1, error: InsufficientPeers, service: libp2p
Nov 12 23:28:10.109 WARN Could not publish message               kind: sync_committee_2, error: InsufficientPeers, service: libp2p
Nov 12 23:28:10.110 WARN Could not publish message               kind: sync_committee_2, error: InsufficientPeers, service: libp2p
Nov 12 23:28:10.111 WARN Could not publish message               kind: sync_committee_1, error: InsufficientPeers, service: libp2p
Nov 12 23:28:10.112 WARN Could not publish message               kind: sync_committee_0, error: InsufficientPeers, service: libp2p
Nov 12 23:28:10.113 WARN Could not publish message               kind: sync_committee_3, error: InsufficientPeers, service: libp2p
Nov 12 23:28:10.114 WARN Could not publish message               kind: sync_committee_3, error: InsufficientPeers, service: libp2p
Nov 12 23:28:10.116 WARN Could not publish message               kind: sync_committee_1, error: InsufficientPeers, service: libp2p
Nov 12 23:28:10.116 WARN Could not publish message               kind: sync_committee_2, error: InsufficientPeers, service: libp2p
Nov 12 23:28:10.117 WARN Could not publish message               kind: sync_committee_0, error: InsufficientPeers, service: libp2p
Nov 12 23:28:10.118 WARN Could not publish message               kind: sync_committee_1, error: InsufficientPeers, service: libp2p
Nov 12 23:28:10.120 WARN Could not publish message               kind: sync_committee_2, error: InsufficientPeers, service: libp2p
Nov 12 23:28:10.121 WARN Could not publish message               kind: sync_committee_0, error: InsufficientPeers, service: libp2p
Nov 12 23:28:10.122 WARN Could not publish message               kind: sync_committee_3, error: InsufficientPeers, service: libp2p
Nov 12 23:28:10.123 WARN Could not publish message               kind: sync_committee_1, error: InsufficientPeers, service: libp2p
Nov 12 23:28:10.124 WARN Could not publish message               kind: sync_committee_0, error: InsufficientPeers, service: libp2p
Nov 12 23:28:10.125 WARN Could not publish message               kind: sync_committee_2, error: InsufficientPeers, service: libp2p
Nov 12 23:28:10.126 WARN Could not publish message               kind: sync_committee_3, error: InsufficientPeers, service: libp2p
Nov 12 23:28:10.127 WARN Could not publish message               kind: sync_committee_0, error: InsufficientPeers, service: libp2p
Nov 12 23:28:10.128 WARN Could not publish message               kind: sync_committee_2, error: InsufficientPeers, service: libp2p
Nov 12 23:28:10.130 WARN Could not publish message               kind: sync_committee_1, error: InsufficientPeers, service: libp2p
Nov 12 23:28:10.131 WARN Could not publish message               kind: sync_committee_3, error: InsufficientPeers, service: libp2p
Nov 12 23:28:10.132 WARN Could not publish message               kind: sync_committee_2, error: InsufficientPeers, service: libp2p
Nov 12 23:28:10.133 WARN Could not publish message               kind: sync_committee_1, error: InsufficientPeers, service: libp2p
Nov 12 23:28:10.134 WARN Could not publish message               kind: sync_committee_3, error: InsufficientPeers, service: libp2p
Nov 12 23:28:10.135 WARN Could not publish message               kind: sync_committee_0, error: InsufficientPeers, service: libp2p
Nov 12 23:28:10.136 WARN Could not publish message               kind: sync_committee_0, error: InsufficientPeers, service: libp2p
Nov 12 23:28:10.137 WARN Could not publish message               kind: sync_committee_2, error: InsufficientPeers, service: libp2p
Nov 12 23:28:10.139 WARN Could not publish message               kind: sync_committee_1, error: InsufficientPeers, service: libp2p
Nov 12 23:28:10.140 WARN Could not publish message               kind: sync_committee_3, error: InsufficientPeers, service: libp2p
Nov 12 23:28:10.141 WARN Could not publish message               kind: sync_committee_0, error: InsufficientPeers, service: libp2p
Nov 12 23:28:10.142 WARN Could not publish message               kind: sync_committee_3, error: InsufficientPeers, service: libp2p
Nov 12 23:28:10.143 WARN Could not publish message               kind: sync_committee_1, error: InsufficientPeers, service: libp2p
Nov 12 23:28:10.144 WARN Could not publish message               kind: sync_committee_2, error: InsufficientPeers, service: libp2p
Nov 12 23:28:10.145 WARN Could not publish message               kind: sync_committee_2, error: InsufficientPeers, service: libp2p
Nov 12 23:28:10.147 WARN Could not publish message               kind: sync_committee_0, error: InsufficientPeers, service: libp2p
Nov 12 23:28:10.147 WARN Could not publish message               kind: sync_committee_3, error: InsufficientPeers, service: libp2p
Nov 12 23:28:10.149 WARN Could not publish message               kind: sync_committee_1, error: InsufficientPeers, service: libp2p
Nov 12 23:28:10.150 WARN Could not publish message               kind: sync_committee_2, error: InsufficientPeers, service: libp2p
Nov 12 23:28:10.152 WARN Could not publish message               kind: sync_committee_0, error: InsufficientPeers, service: libp2p
Nov 12 23:28:10.153 WARN Could not publish message               kind: sync_committee_3, error: InsufficientPeers, service: libp2p
Nov 12 23:28:10.153 WARN Could not publish message               kind: sync_committee_1, error: InsufficientPeers, service: libp2p
Nov 12 23:28:10.154 WARN Could not publish message               kind: sync_committee_1, error: InsufficientPeers, service: libp2p
Nov 12 23:28:10.156 WARN Could not publish message               kind: sync_committee_2, error: InsufficientPeers, service: libp2p
Nov 12 23:28:10.157 WARN Could not publish message               kind: sync_committee_3, error: InsufficientPeers, service: libp2p
Nov 12 23:28:10.158 WARN Could not publish message               kind: sync_committee_0, error: InsufficientPeers, service: libp2p
Nov 12 23:28:10.159 WARN Could not publish message               kind: sync_committee_3, error: InsufficientPeers, service: libp2p
Nov 12 23:28:10.160 WARN Could not publish message               kind: sync_committee_0, error: InsufficientPeers, service: libp2p
Nov 12 23:28:10.161 WARN Could not publish message               kind: sync_committee_1, error: InsufficientPeers, service: libp2p
Nov 12 23:28:10.162 WARN Could not publish message               kind: sync_committee_2, error: InsufficientPeers, service: libp2p
Nov 12 23:28:10.163 WARN Could not publish message               kind: sync_committee_2, error: InsufficientPeers, service: libp2p
Nov 12 23:28:10.164 WARN Could not publish message               kind: sync_committee_1, error: InsufficientPeers, service: libp2p
Nov 12 23:28:10.165 WARN Could not publish message               kind: sync_committee_3, error: InsufficientPeers, service: libp2p
Nov 12 23:28:10.166 WARN Could not publish message               kind: sync_committee_0, error: InsufficientPeers, service: libp2p
Nov 12 23:28:10.167 WARN Could not publish message               kind: sync_committee_1, error: InsufficientPeers, service: libp2p
Nov 12 23:28:10.169 WARN Could not publish message               kind: sync_committee_0, error: InsufficientPeers, service: libp2p
Nov 12 23:28:10.170 WARN Could not publish message               kind: sync_committee_2, error: InsufficientPeers, service: libp2p
Nov 12 23:28:10.171 WARN Could not publish message               kind: sync_committee_3, error: InsufficientPeers, service: libp2p
Nov 12 23:28:10.172 WARN Could not publish message               kind: sync_committee_1, error: InsufficientPeers, service: libp2p
Nov 12 23:28:10.173 WARN Could not publish message               kind: sync_committee_0, error: InsufficientPeers, service: libp2p
Nov 12 23:28:10.175 WARN Could not publish message               kind: sync_committee_2, error: InsufficientPeers, service: libp2p
Nov 12 23:28:10.175 WARN Could not publish message               kind: sync_committee_3, error: InsufficientPeers, service: libp2p
Nov 12 23:28:10.176 WARN Could not publish message               kind: sync_committee_3, error: InsufficientPeers, service: libp2p
Nov 12 23:28:10.177 WARN Could not publish message               kind: sync_committee_2, error: InsufficientPeers, service: libp2p
Nov 12 23:28:10.179 WARN Could not publish message               kind: sync_committee_1, error: InsufficientPeers, service: libp2p
Nov 12 23:28:10.179 WARN Could not publish message               kind: sync_committee_0, error: InsufficientPeers, service: libp2p
Nov 12 23:28:10.180 WARN Could not publish message               kind: sync_committee_2, error: InsufficientPeers, service: libp2p
Nov 12 23:28:10.182 WARN Could not publish message               kind: sync_committee_1, error: InsufficientPeers, service: libp2p
Nov 12 23:28:10.183 WARN Could not publish message               kind: sync_committee_3, error: InsufficientPeers, service: libp2p
Nov 12 23:28:10.184 WARN Could not publish message               kind: sync_committee_0, error: InsufficientPeers, service: libp2p
Nov 12 23:28:10.187 WARN Could not publish message               kind: sync_committee_1, error: InsufficientPeers, service: libp2p
Nov 12 23:28:10.187 WARN Could not publish message               kind: sync_committee_0, error: InsufficientPeers, service: libp2p
Nov 12 23:28:10.188 WARN Could not publish message               kind: sync_committee_3, error: InsufficientPeers, service: libp2p
Nov 12 23:28:10.189 WARN Could not publish message               kind: sync_committee_2, error: InsufficientPeers, service: libp2p
Nov 12 23:28:10.190 WARN Could not publish message               kind: sync_committee_2, error: InsufficientPeers, service: libp2p
Nov 12 23:28:10.191 WARN Could not publish message               kind: sync_committee_1, error: InsufficientPeers, service: libp2p
Nov 12 23:28:10.192 WARN Could not publish message               kind: sync_committee_0, error: InsufficientPeers, service: libp2p
Nov 12 23:28:10.194 WARN Could not publish message               kind: sync_committee_3, error: InsufficientPeers, service: libp2p
Nov 12 23:28:10.195 WARN Could not publish message               kind: sync_committee_1, error: InsufficientPeers, service: libp2p
Nov 12 23:28:10.195 WARN Could not publish message               kind: sync_committee_2, error: InsufficientPeers, service: libp2p
Nov 12 23:28:10.197 WARN Could not publish message               kind: sync_committee_3, error: InsufficientPeers, service: libp2p
Nov 12 23:28:10.199 WARN Could not publish message               kind: sync_committee_0, error: InsufficientPeers, service: libp2p
Nov 12 23:28:10.200 WARN Could not publish message               kind: sync_committee_3, error: InsufficientPeers, service: libp2p
Nov 12 23:28:10.203 WARN Could not publish message               kind: sync_committee_2, error: InsufficientPeers, service: libp2p
Nov 12 23:28:10.203 WARN Could not publish message               kind: sync_committee_0, error: InsufficientPeers, service: libp2p
Nov 12 23:28:10.204 WARN Could not publish message               kind: sync_committee_1, error: InsufficientPeers, service: libp2p
Nov 12 23:28:10.206 WARN Could not publish message               kind: sync_committee_2, error: InsufficientPeers, service: libp2p
Nov 12 23:28:10.207 WARN Could not publish message               kind: sync_committee_1, error: InsufficientPeers, service: libp2p
Nov 12 23:28:10.207 WARN Could not publish message               kind: sync_committee_0, error: InsufficientPeers, service: libp2p
Nov 12 23:28:10.209 WARN Could not publish message               kind: sync_committee_3, error: InsufficientPeers, service: libp2p
Nov 12 23:28:10.210 WARN Could not publish message               kind: sync_committee_2, error: InsufficientPeers, service: libp2p
Nov 12 23:28:10.211 WARN Could not publish message               kind: sync_committee_1, error: InsufficientPeers, service: libp2p
Nov 12 23:28:10.213 WARN Could not publish message               kind: sync_committee_0, error: InsufficientPeers, service: libp2p
Nov 12 23:28:10.213 WARN Could not publish message               kind: sync_committee_3, error: InsufficientPeers, service: libp2p
Nov 12 23:28:10.214 WARN Could not publish message               kind: sync_committee_0, error: InsufficientPeers, service: libp2p
Nov 12 23:28:10.215 WARN Could not publish message               kind: sync_committee_3, error: InsufficientPeers, service: libp2p
Nov 12 23:28:10.216 WARN Could not publish message               kind: sync_committee_1, error: InsufficientPeers, service: libp2p
Nov 12 23:28:10.218 WARN Could not publish message               kind: sync_committee_2, error: InsufficientPeers, service: libp2p
Nov 12 23:28:10.218 WARN Could not publish message               kind: sync_committee_1, error: InsufficientPeers, service: libp2p
Nov 12 23:28:10.220 WARN Could not publish message               kind: sync_committee_0, error: InsufficientPeers, service: libp2p
Nov 12 23:28:10.221 WARN Could not publish message               kind: sync_committee_3, error: InsufficientPeers, service: libp2p
Nov 12 23:28:10.222 WARN Could not publish message               kind: sync_committee_2, error: InsufficientPeers, service: libp2p
Nov 12 23:28:10.224 WARN Could not publish message               kind: sync_committee_0, error: InsufficientPeers, service: libp2p
Nov 12 23:28:10.226 WARN Could not publish message               kind: sync_committee_2, error: InsufficientPeers, service: libp2p
Nov 12 23:28:10.227 WARN Could not publish message               kind: sync_committee_1, error: InsufficientPeers, service: libp2p
Nov 12 23:28:10.228 WARN Could not publish message               kind: sync_committee_3, error: InsufficientPeers, service: libp2p
Nov 12 23:28:10.230 WARN Could not publish message               kind: sync_committee_1, error: InsufficientPeers, service: libp2p
Nov 12 23:28:10.231 WARN Could not publish message               kind: sync_committee_0, error: InsufficientPeers, service: libp2p
Nov 12 23:28:10.233 WARN Could not publish message               kind: sync_committee_2, error: InsufficientPeers, service: libp2p
Nov 12 23:28:10.234 WARN Could not publish message               kind: sync_committee_3, error: InsufficientPeers, service: libp2p
Nov 12 23:28:10.235 WARN Could not publish message               kind: sync_committee_1, error: InsufficientPeers, service: libp2p
Nov 12 23:28:10.236 WARN Could not publish message               kind: sync_committee_3, error: InsufficientPeers, service: libp2p
Nov 12 23:28:10.238 WARN Could not publish message               kind: sync_committee_2, error: InsufficientPeers, service: libp2p
Nov 12 23:28:10.238 WARN Could not publish message               kind: sync_committee_0, error: InsufficientPeers, service: libp2p
Nov 12 23:28:10.239 WARN Could not publish message               kind: sync_committee_0, error: InsufficientPeers, service: libp2p
Nov 12 23:28:10.241 WARN Could not publish message               kind: sync_committee_3, error: InsufficientPeers, service: libp2p
Nov 12 23:28:10.242 WARN Could not publish message               kind: sync_committee_2, error: InsufficientPeers, service: libp2p
Nov 12 23:28:10.243 WARN Could not publish message               kind: sync_committee_1, error: InsufficientPeers, service: libp2p
Nov 12 23:28:10.244 WARN Could not publish message               kind: sync_committee_0, error: InsufficientPeers, service: libp2p
Nov 12 23:28:10.245 WARN Could not publish message               kind: sync_committee_1, error: InsufficientPeers, service: libp2p
Nov 12 23:28:10.246 WARN Could not publish message               kind: sync_committee_3, error: InsufficientPeers, service: libp2p
Nov 12 23:28:10.248 WARN Could not publish message               kind: sync_committee_2, error: InsufficientPeers, service: libp2p
Nov 12 23:28:10.248 WARN Could not publish message               kind: sync_committee_3, error: InsufficientPeers, service: libp2p
Nov 12 23:28:10.250 WARN Could not publish message               kind: sync_committee_1, error: InsufficientPeers, service: libp2p
Nov 12 23:28:10.251 WARN Could not publish message               kind: sync_committee_2, error: InsufficientPeers, service: libp2p
Nov 12 23:28:10.252 WARN Could not publish message               kind: sync_committee_0, error: InsufficientPeers, service: libp2p
Nov 12 23:28:10.253 WARN Could not publish message               kind: sync_committee_3, error: InsufficientPeers, service: libp2p
Nov 12 23:28:10.254 WARN Could not publish message               kind: sync_committee_1, error: InsufficientPeers, service: libp2p
Nov 12 23:28:10.255 WARN Could not publish message               kind: sync_committee_2, error: InsufficientPeers, service: libp2p
Nov 12 23:28:10.256 WARN Could not publish message               kind: sync_committee_0, error: InsufficientPeers, service: libp2p
Nov 12 23:28:10.257 WARN Could not publish message               kind: sync_committee_1, error: InsufficientPeers, service: libp2p
Nov 12 23:28:10.258 WARN Could not publish message               kind: sync_committee_2, error: InsufficientPeers, service: libp2p
Nov 12 23:28:10.260 WARN Could not publish message               kind: sync_committee_0, error: InsufficientPeers, service: libp2p
Nov 12 23:28:10.260 WARN Could not publish message               kind: sync_committee_3, error: InsufficientPeers, service: libp2p
Nov 12 23:28:10.261 WARN Could not publish message               kind: sync_committee_1, error: InsufficientPeers, service: libp2p
Nov 12 23:28:10.262 WARN Could not publish message               kind: sync_committee_2, error: InsufficientPeers, service: libp2p
Nov 12 23:28:10.263 WARN Could not publish message               kind: sync_committee_3, error: InsufficientPeers, service: libp2p
Nov 12 23:28:10.264 WARN Could not publish message               kind: sync_committee_0, error: InsufficientPeers, service: libp2p
Nov 12 23:28:10.266 WARN Could not publish message               kind: sync_committee_0, error: InsufficientPeers, service: libp2p
Nov 12 23:28:10.267 WARN Could not publish message               kind: sync_committee_1, error: InsufficientPeers, service: libp2p
Nov 12 23:28:10.268 WARN Could not publish message               kind: sync_committee_2, error: InsufficientPeers, service: libp2p
Nov 12 23:28:10.269 WARN Could not publish message               kind: sync_committee_3, error: InsufficientPeers, service: libp2p
Nov 12 23:28:10.270 WARN Could not publish message               kind: sync_committee_1, error: InsufficientPeers, service: libp2p
Nov 12 23:28:10.271 WARN Could not publish message               kind: sync_committee_2, error: InsufficientPeers, service: libp2p
Nov 12 23:28:10.272 WARN Could not publish message               kind: sync_committee_0, error: InsufficientPeers, service: libp2p
Nov 12 23:28:10.273 WARN Could not publish message               kind: sync_committee_3, error: InsufficientPeers, service: libp2p
Nov 12 23:28:10.274 WARN Could not publish message               kind: sync_committee_0, error: InsufficientPeers, service: libp2p
Nov 12 23:28:10.275 WARN Could not publish message               kind: sync_committee_2, error: InsufficientPeers, service: libp2p
Nov 12 23:28:10.277 WARN Could not publish message               kind: sync_committee_1, error: InsufficientPeers, service: libp2p
Nov 12 23:28:10.278 WARN Could not publish message               kind: sync_committee_3, error: InsufficientPeers, service: libp2p
Nov 12 23:28:10.280 WARN Could not publish message               kind: sync_committee_0, error: InsufficientPeers, service: libp2p
Nov 12 23:28:10.280 WARN Could not publish message               kind: sync_committee_1, error: InsufficientPeers, service: libp2p
Nov 12 23:28:10.281 WARN Could not publish message               kind: sync_committee_2, error: InsufficientPeers, service: libp2p
Nov 12 23:28:10.282 WARN Could not publish message               kind: sync_committee_3, error: InsufficientPeers, service: libp2p
Nov 12 23:28:10.283 WARN Could not publish message               kind: sync_committee_1, error: InsufficientPeers, service: libp2p
Nov 12 23:28:10.285 WARN Could not publish message               kind: sync_committee_0, error: InsufficientPeers, service: libp2p
Nov 12 23:28:10.286 WARN Could not publish message               kind: sync_committee_2, error: InsufficientPeers, service: libp2p
Nov 12 23:28:10.287 WARN Could not publish message               kind: sync_committee_3, error: InsufficientPeers, service: libp2p
Nov 12 23:28:10.288 WARN Could not publish message               kind: sync_committee_2, error: InsufficientPeers, service: libp2p
Nov 12 23:28:10.289 WARN Could not publish message               kind: sync_committee_0, error: InsufficientPeers, service: libp2p
Nov 12 23:28:10.290 WARN Could not publish message               kind: sync_committee_3, error: InsufficientPeers, service: libp2p
Nov 12 23:28:10.292 WARN Could not publish message               kind: sync_committee_1, error: InsufficientPeers, service: libp2p
Nov 12 23:28:10.293 WARN Could not publish message               kind: sync_committee_3, error: InsufficientPeers, service: libp2p
Nov 12 23:28:10.294 WARN Could not publish message               kind: sync_committee_1, error: InsufficientPeers, service: libp2p
Nov 12 23:28:10.295 WARN Could not publish message               kind: sync_committee_0, error: InsufficientPeers, service: libp2p
Nov 12 23:28:10.296 WARN Could not publish message               kind: sync_committee_2, error: InsufficientPeers, service: libp2p
Nov 12 23:28:10.297 WARN Could not publish message               kind: sync_committee_0, error: InsufficientPeers, service: libp2p
Nov 12 23:28:10.298 WARN Could not publish message               kind: sync_committee_1, error: InsufficientPeers, service: libp2p
Nov 12 23:28:10.299 WARN Could not publish message               kind: sync_committee_2, error: InsufficientPeers, service: libp2p
Nov 12 23:28:10.300 WARN Could not publish message               kind: sync_committee_3, error: InsufficientPeers, service: libp2p
Nov 12 23:28:10.301 WARN Could not publish message               kind: sync_committee_1, error: InsufficientPeers, service: libp2p
Nov 12 23:28:10.303 WARN Could not publish message               kind: sync_committee_2, error: InsufficientPeers, service: libp2p
Nov 12 23:28:10.303 WARN Could not publish message               kind: sync_committee_0, error: InsufficientPeers, service: libp2p
Nov 12 23:28:10.305 WARN Could not publish message               kind: sync_committee_3, error: InsufficientPeers, service: libp2p
Nov 12 23:28:10.306 WARN Could not publish message               kind: sync_committee_0, error: InsufficientPeers, service: libp2p
Nov 12 23:28:10.307 WARN Could not publish message               kind: sync_committee_1, error: InsufficientPeers, service: libp2p
Nov 12 23:28:10.308 WARN Could not publish message               kind: sync_committee_2, error: InsufficientPeers, service: libp2p
Nov 12 23:28:10.309 WARN Could not publish message               kind: sync_committee_3, error: InsufficientPeers, service: libp2p
Nov 12 23:28:10.310 WARN Could not publish message               kind: sync_committee_0, error: InsufficientPeers, service: libp2p
Nov 12 23:28:10.311 WARN Could not publish message               kind: sync_committee_3, error: InsufficientPeers, service: libp2p
Nov 12 23:28:10.312 WARN Could not publish message               kind: sync_committee_1, error: InsufficientPeers, service: libp2p
Nov 12 23:28:10.313 WARN Could not publish message               kind: sync_committee_2, error: InsufficientPeers, service: libp2p
Nov 12 23:28:10.314 WARN Could not publish message               kind: sync_committee_1, error: InsufficientPeers, service: libp2p
Nov 12 23:28:10.315 WARN Could not publish message               kind: sync_committee_3, error: InsufficientPeers, service: libp2p
Nov 12 23:28:10.317 WARN Could not publish message               kind: sync_committee_2, error: InsufficientPeers, service: libp2p
Nov 12 23:28:10.318 WARN Could not publish message               kind: sync_committee_0, error: InsufficientPeers, service: libp2p
Nov 12 23:28:10.319 WARN Could not publish message               kind: sync_committee_2, error: InsufficientPeers, service: libp2p
Nov 12 23:28:10.320 WARN Could not publish message               kind: sync_committee_3, error: InsufficientPeers, service: libp2p
Nov 12 23:28:10.321 WARN Could not publish message               kind: sync_committee_0, error: InsufficientPeers, service: libp2p
Nov 12 23:28:10.322 WARN Could not publish message               kind: sync_committee_1, error: InsufficientPeers, service: libp2p
Nov 12 23:28:10.324 WARN Could not publish message               kind: sync_committee_1, error: InsufficientPeers, service: libp2p
Nov 12 23:28:10.325 WARN Could not publish message               kind: sync_committee_2, error: InsufficientPeers, service: libp2p
Nov 12 23:28:10.326 WARN Could not publish message               kind: sync_committee_0, error: InsufficientPeers, service: libp2p
Nov 12 23:28:10.327 WARN Could not publish message               kind: sync_committee_3, error: InsufficientPeers, service: libp2p
Nov 12 23:28:10.329 WARN Could not publish message               kind: sync_committee_2, error: InsufficientPeers, service: libp2p
Nov 12 23:28:10.329 WARN Could not publish message               kind: sync_committee_3, error: InsufficientPeers, service: libp2p
Nov 12 23:28:10.330 WARN Could not publish message               kind: sync_committee_0, error: InsufficientPeers, service: libp2p
Nov 12 23:28:10.331 WARN Could not publish message               kind: sync_committee_1, error: InsufficientPeers, service: libp2p
Nov 12 23:28:10.332 WARN Could not publish message               kind: sync_committee_2, error: InsufficientPeers, service: libp2p
Nov 12 23:28:10.333 WARN Could not publish message               kind: sync_committee_0, error: InsufficientPeers, service: libp2p
Nov 12 23:28:10.334 WARN Could not publish message               kind: sync_committee_3, error: InsufficientPeers, service: libp2p
Nov 12 23:28:10.335 WARN Could not publish message               kind: sync_committee_1, error: InsufficientPeers, service: libp2p
Nov 12 23:28:10.337 WARN Could not publish message               kind: sync_committee_0, error: InsufficientPeers, service: libp2p
Nov 12 23:28:10.338 WARN Could not publish message               kind: sync_committee_1, error: InsufficientPeers, service: libp2p
Nov 12 23:28:10.339 WARN Could not publish message               kind: sync_committee_2, error: InsufficientPeers, service: libp2p
Nov 12 23:28:10.340 WARN Could not publish message               kind: sync_committee_3, error: InsufficientPeers, service: libp2p
Nov 12 23:28:10.341 WARN Could not publish message               kind: sync_committee_0, error: InsufficientPeers, service: libp2p
Nov 12 23:28:10.342 WARN Could not publish message               kind: sync_committee_2, error: InsufficientPeers, service: libp2p
Nov 12 23:28:10.343 WARN Could not publish message               kind: sync_committee_1, error: InsufficientPeers, service: libp2p
Nov 12 23:28:10.344 WARN Could not publish message               kind: sync_committee_3, error: InsufficientPeers, service: libp2p
Nov 12 23:28:10.345 WARN Could not publish message               kind: sync_committee_1, error: InsufficientPeers, service: libp2p
Nov 12 23:28:10.346 WARN Could not publish message               kind: sync_committee_3, error: InsufficientPeers, service: libp2p
Nov 12 23:28:10.347 WARN Could not publish message               kind: sync_committee_2, error: InsufficientPeers, service: libp2p
Nov 12 23:28:10.348 WARN Could not publish message               kind: sync_committee_0, error: InsufficientPeers, service: libp2p
Nov 12 23:28:10.350 WARN Could not publish message               kind: sync_committee_0, error: InsufficientPeers, service: libp2p
Nov 12 23:28:10.351 WARN Could not publish message               kind: sync_committee_3, error: InsufficientPeers, service: libp2p
Nov 12 23:28:10.352 WARN Could not publish message               kind: sync_committee_1, error: InsufficientPeers, service: libp2p
Nov 12 23:28:10.353 WARN Could not publish message               kind: sync_committee_2, error: InsufficientPeers, service: libp2p
Nov 12 23:28:10.355 WARN Could not publish message               kind: sync_committee_1, error: InsufficientPeers, service: libp2p
Nov 12 23:28:10.355 WARN Could not publish message               kind: sync_committee_3, error: InsufficientPeers, service: libp2p
Nov 12 23:28:10.356 WARN Could not publish message               kind: sync_committee_0, error: InsufficientPeers, service: libp2p
Nov 12 23:28:10.357 WARN Could not publish message               kind: sync_committee_2, error: InsufficientPeers, service: libp2p
Nov 12 23:28:10.359 WARN Could not publish message               kind: sync_committee_3, error: InsufficientPeers, service: libp2p
Nov 12 23:28:10.360 WARN Could not publish message               kind: sync_committee_2, error: InsufficientPeers, service: libp2p
Nov 12 23:28:10.361 WARN Could not publish message               kind: sync_committee_1, error: InsufficientPeers, service: libp2p
Nov 12 23:28:10.362 WARN Could not publish message               kind: sync_committee_0, error: InsufficientPeers, service: libp2p
Nov 12 23:28:10.363 WARN Could not publish message               kind: sync_committee_1, error: InsufficientPeers, service: libp2p
Nov 12 23:28:10.365 WARN Could not publish message               kind: sync_committee_0, error: InsufficientPeers, service: libp2p
Nov 12 23:28:10.365 WARN Could not publish message               kind: sync_committee_3, error: InsufficientPeers, service: libp2p
Nov 12 23:28:10.367 WARN Could not publish message               kind: sync_committee_2, error: InsufficientPeers, service: libp2p
Nov 12 23:28:10.368 WARN Could not publish message               kind: sync_committee_0, error: InsufficientPeers, service: libp2p
Nov 12 23:28:10.369 WARN Could not publish message               kind: sync_committee_1, error: InsufficientPeers, service: libp2p
Nov 12 23:28:10.370 WARN Could not publish message               kind: sync_committee_3, error: InsufficientPeers, service: libp2p
Nov 12 23:28:10.371 WARN Could not publish message               kind: sync_committee_2, error: InsufficientPeers, service: libp2p
Nov 12 23:28:10.373 WARN Could not publish message               kind: sync_committee_3, error: InsufficientPeers, service: libp2p
Nov 12 23:28:10.374 WARN Could not publish message               kind: sync_committee_0, error: InsufficientPeers, service: libp2p
Nov 12 23:28:10.375 WARN Could not publish message               kind: sync_committee_1, error: InsufficientPeers, service: libp2p
Nov 12 23:28:10.376 WARN Could not publish message               kind: sync_committee_2, error: InsufficientPeers, service: libp2p
Nov 12 23:28:10.377 WARN Could not publish message               kind: sync_committee_1, error: InsufficientPeers, service: libp2p
Nov 12 23:28:10.378 WARN Could not publish message               kind: sync_committee_0, error: InsufficientPeers, service: libp2p
Nov 12 23:28:10.379 WARN Could not publish message               kind: sync_committee_3, error: InsufficientPeers, service: libp2p
Nov 12 23:28:10.380 WARN Could not publish message               kind: sync_committee_2, error: InsufficientPeers, service: libp2p
Nov 12 23:28:10.381 WARN Could not publish message               kind: sync_committee_0, error: InsufficientPeers, service: libp2p
Nov 12 23:28:10.383 WARN Could not publish message               kind: sync_committee_2, error: InsufficientPeers, service: libp2p
Nov 12 23:28:10.383 WARN Could not publish message               kind: sync_committee_3, error: InsufficientPeers, service: libp2p
Nov 12 23:28:10.385 WARN Could not publish message               kind: sync_committee_1, error: InsufficientPeers, service: libp2p
Nov 12 23:28:10.386 WARN Could not publish message               kind: sync_committee_0, error: InsufficientPeers, service: libp2p
Nov 12 23:28:10.387 WARN Could not publish message               kind: sync_committee_1, error: InsufficientPeers, service: libp2p
Nov 12 23:28:10.388 WARN Could not publish message               kind: sync_committee_3, error: InsufficientPeers, service: libp2p
Nov 12 23:28:10.389 WARN Could not publish message               kind: sync_committee_2, error: InsufficientPeers, service: libp2p
Nov 12 23:28:10.390 WARN Could not publish message               kind: sync_committee_1, error: InsufficientPeers, service: libp2p
Nov 12 23:28:10.391 WARN Could not publish message               kind: sync_committee_0, error: InsufficientPeers, service: libp2p
Nov 12 23:28:10.392 WARN Could not publish message               kind: sync_committee_3, error: InsufficientPeers, service: libp2p
Nov 12 23:28:10.393 WARN Could not publish message               kind: sync_committee_2, error: InsufficientPeers, service: libp2p
Nov 12 23:28:10.395 WARN Could not publish message               kind: sync_committee_0, error: InsufficientPeers, service: libp2p
Nov 12 23:28:10.396 WARN Could not publish message               kind: sync_committee_1, error: InsufficientPeers, service: libp2p
Nov 12 23:28:10.397 WARN Could not publish message               kind: sync_committee_2, error: InsufficientPeers, service: libp2p
Nov 12 23:28:10.398 WARN Could not publish message               kind: sync_committee_3, error: InsufficientPeers, service: libp2p
Nov 12 23:28:10.400 WARN Could not publish message               kind: sync_committee_3, error: InsufficientPeers, service: libp2p
Nov 12 23:28:10.400 WARN Could not publish message               kind: sync_committee_1, error: InsufficientPeers, service: libp2p
Nov 12 23:28:10.401 WARN Could not publish message               kind: sync_committee_2, error: InsufficientPeers, service: libp2p
Nov 12 23:28:10.402 WARN Could not publish message               kind: sync_committee_0, error: InsufficientPeers, service: libp2p
Nov 12 23:28:10.404 WARN Could not publish message               kind: sync_committee_0, error: InsufficientPeers, service: libp2p
Nov 12 23:28:10.405 WARN Could not publish message               kind: sync_committee_2, error: InsufficientPeers, service: libp2p
Nov 12 23:28:10.406 WARN Could not publish message               kind: sync_committee_3, error: InsufficientPeers, service: libp2p
Nov 12 23:28:10.406 WARN Could not publish message               kind: sync_committee_1, error: InsufficientPeers, service: libp2p
Nov 12 23:28:10.408 WARN Could not publish message               kind: sync_committee_3, error: InsufficientPeers, service: libp2p
Nov 12 23:28:10.409 WARN Could not publish message               kind: sync_committee_0, error: InsufficientPeers, service: libp2p
Nov 12 23:28:10.410 WARN Could not publish message               kind: sync_committee_1, error: InsufficientPeers, service: libp2p
Nov 12 23:28:10.411 WARN Could not publish message               kind: sync_committee_2, error: InsufficientPeers, service: libp2p
Nov 12 23:28:10.412 WARN Could not publish message               kind: sync_committee_0, error: InsufficientPeers, service: libp2p
Nov 12 23:28:10.413 WARN Could not publish message               kind: sync_committee_3, error: InsufficientPeers, service: libp2p
Nov 12 23:28:10.414 WARN Could not publish message               kind: sync_committee_2, error: InsufficientPeers, service: libp2p
Nov 12 23:28:10.415 WARN Could not publish message               kind: sync_committee_1, error: InsufficientPeers, service: libp2p
Nov 12 23:28:10.417 WARN Could not publish message               kind: sync_committee_0, error: InsufficientPeers, service: libp2p
Nov 12 23:28:10.418 WARN Could not publish message               kind: sync_committee_2, error: InsufficientPeers, service: libp2p
Nov 12 23:28:10.419 WARN Could not publish message               kind: sync_committee_3, error: InsufficientPeers, service: libp2p
Nov 12 23:28:10.420 WARN Could not publish message               kind: sync_committee_1, error: InsufficientPeers, service: libp2p
Nov 12 23:28:10.421 WARN Could not publish message               kind: sync_committee_1, error: InsufficientPeers, service: libp2p
Nov 12 23:28:10.422 WARN Could not publish message               kind: sync_committee_3, error: InsufficientPeers, service: libp2p
Nov 12 23:28:10.423 WARN Could not publish message               kind: sync_committee_2, error: InsufficientPeers, service: libp2p
Nov 12 23:28:10.424 WARN Could not publish message               kind: sync_committee_0, error: InsufficientPeers, service: libp2p
Nov 12 23:28:10.425 WARN Could not publish message               kind: sync_committee_1, error: InsufficientPeers, service: libp2p
Nov 12 23:28:10.427 WARN Could not publish message               kind: sync_committee_2, error: InsufficientPeers, service: libp2p
Nov 12 23:28:10.427 WARN Could not publish message               kind: sync_committee_0, error: InsufficientPeers, service: libp2p
Nov 12 23:28:10.429 WARN Could not publish message               kind: sync_committee_3, error: InsufficientPeers, service: libp2p
Nov 12 23:28:10.430 WARN Could not publish message               kind: sync_committee_1, error: InsufficientPeers, service: libp2p
Nov 12 23:28:10.431 WARN Could not publish message               kind: sync_committee_2, error: InsufficientPeers, service: libp2p
Nov 12 23:28:10.432 WARN Could not publish message               kind: sync_committee_0, error: InsufficientPeers, service: libp2p
Nov 12 23:28:10.433 WARN Could not publish message               kind: sync_committee_3, error: InsufficientPeers, service: libp2p
Nov 12 23:28:10.435 WARN Could not publish message               kind: sync_committee_2, error: InsufficientPeers, service: libp2p
Nov 12 23:28:10.435 WARN Could not publish message               kind: sync_committee_1, error: InsufficientPeers, service: libp2p
Nov 12 23:28:10.436 WARN Could not publish message               kind: sync_committee_3, error: InsufficientPeers, service: libp2p
Nov 12 23:28:10.437 WARN Could not publish message               kind: sync_committee_0, error: InsufficientPeers, service: libp2p
Nov 12 23:28:10.438 WARN Could not publish message               kind: sync_committee_2, error: InsufficientPeers, service: libp2p
Nov 12 23:28:10.440 WARN Could not publish message               kind: sync_committee_1, error: InsufficientPeers, service: libp2p
Nov 12 23:28:10.441 WARN Could not publish message               kind: sync_committee_0, error: InsufficientPeers, service: libp2p
Nov 12 23:28:10.442 WARN Could not publish message               kind: sync_committee_3, error: InsufficientPeers, service: libp2p
Nov 12 23:28:10.444 WARN Could not publish message               kind: sync_committee_3, error: InsufficientPeers, service: libp2p
Nov 12 23:28:10.445 WARN Could not publish message               kind: sync_committee_0, error: InsufficientPeers, service: libp2p
Nov 12 23:28:10.445 WARN Could not publish message               kind: sync_committee_2, error: InsufficientPeers, service: libp2p
Nov 12 23:28:10.447 WARN Could not publish message               kind: sync_committee_1, error: InsufficientPeers, service: libp2p
Nov 12 23:28:10.448 WARN Could not publish message               kind: sync_committee_0, error: InsufficientPeers, service: libp2p
Nov 12 23:28:10.449 WARN Could not publish message               kind: sync_committee_3, error: InsufficientPeers, service: libp2p
Nov 12 23:28:10.450 WARN Could not publish message               kind: sync_committee_1, error: InsufficientPeers, service: libp2p
Nov 12 23:28:10.451 WARN Could not publish message               kind: sync_committee_2, error: InsufficientPeers, service: libp2p
Nov 12 23:28:10.452 WARN Could not publish message               kind: sync_committee_2, error: InsufficientPeers, service: libp2p
Nov 12 23:28:10.453 WARN Could not publish message               kind: sync_committee_3, error: InsufficientPeers, service: libp2p
Nov 12 23:28:10.455 WARN Could not publish message               kind: sync_committee_1, error: InsufficientPeers, service: libp2p
Nov 12 23:28:10.456 WARN Could not publish message               kind: sync_committee_0, error: InsufficientPeers, service: libp2p
Nov 12 23:28:10.457 WARN Could not publish message               kind: sync_committee_0, error: InsufficientPeers, service: libp2p
Nov 12 23:28:10.459 WARN Could not publish message               kind: sync_committee_2, error: InsufficientPeers, service: libp2p
Nov 12 23:28:10.459 WARN Could not publish message               kind: sync_committee_1, error: InsufficientPeers, service: libp2p
Nov 12 23:28:10.460 WARN Could not publish message               kind: sync_committee_3, error: InsufficientPeers, service: libp2p
Nov 12 23:28:10.462 WARN Could not publish message               kind: sync_committee_0, error: InsufficientPeers, service: libp2p
Nov 12 23:28:10.463 WARN Could not publish message               kind: sync_committee_2, error: InsufficientPeers, service: libp2p
Nov 12 23:28:10.464 WARN Could not publish message               kind: sync_committee_1, error: InsufficientPeers, service: libp2p
Nov 12 23:28:10.465 WARN Could not publish message               kind: sync_committee_3, error: InsufficientPeers, service: libp2p
Nov 12 23:28:10.467 WARN Could not publish message               kind: sync_committee_1, error: InsufficientPeers, service: libp2p
Nov 12 23:28:10.468 WARN Could not publish message               kind: sync_committee_3, error: InsufficientPeers, service: libp2p
Nov 12 23:28:10.469 WARN Could not publish message               kind: sync_committee_2, error: InsufficientPeers, service: libp2p
Nov 12 23:28:10.470 WARN Could not publish message               kind: sync_committee_0, error: InsufficientPeers, service: libp2p
Nov 12 23:28:10.471 WARN Could not publish message               kind: sync_committee_0, error: InsufficientPeers, service: libp2p
Nov 12 23:28:10.472 WARN Could not publish message               kind: sync_committee_3, error: InsufficientPeers, service: libp2p
Nov 12 23:28:10.473 WARN Could not publish message               kind: sync_committee_1, error: InsufficientPeers, service: libp2p
Nov 12 23:28:10.475 WARN Could not publish message               kind: sync_committee_2, error: InsufficientPeers, service: libp2p
Nov 12 23:28:10.475 WARN Could not publish message               kind: sync_committee_3, error: InsufficientPeers, service: libp2p
Nov 12 23:28:10.476 WARN Could not publish message               kind: sync_committee_0, error: InsufficientPeers, service: libp2p
Nov 12 23:28:10.478 WARN Could not publish message               kind: sync_committee_2, error: InsufficientPeers, service: libp2p
Nov 12 23:28:10.479 WARN Could not publish message               kind: sync_committee_1, error: InsufficientPeers, service: libp2p
Nov 12 23:28:10.479 WARN Could not publish message               kind: sync_committee_1, error: InsufficientPeers, service: libp2p
Nov 12 23:28:10.480 WARN Could not publish message               kind: sync_committee_0, error: InsufficientPeers, service: libp2p
Nov 12 23:28:10.482 WARN Could not publish message               kind: sync_committee_3, error: InsufficientPeers, service: libp2p
Nov 12 23:28:10.483 WARN Could not publish message               kind: sync_committee_2, error: InsufficientPeers, service: libp2p
Nov 12 23:28:10.485 WARN Could not publish message               kind: sync_committee_3, error: InsufficientPeers, service: libp2p
Nov 12 23:28:10.486 WARN Could not publish message               kind: sync_committee_1, error: InsufficientPeers, service: libp2p
Nov 12 23:28:10.487 WARN Could not publish message               kind: sync_committee_2, error: InsufficientPeers, service: libp2p
Nov 12 23:28:10.488 WARN Could not publish message               kind: sync_committee_0, error: InsufficientPeers, service: libp2p
Nov 12 23:28:10.489 WARN Could not publish message               kind: sync_committee_3, error: InsufficientPeers, service: libp2p
Nov 12 23:28:10.490 WARN Could not publish message               kind: sync_committee_0, error: InsufficientPeers, service: libp2p
Nov 12 23:28:10.492 WARN Could not publish message               kind: sync_committee_2, error: InsufficientPeers, service: libp2p
Nov 12 23:28:10.493 WARN Could not publish message               kind: sync_committee_1, error: InsufficientPeers, service: libp2p
Nov 12 23:28:10.494 WARN Could not publish message               kind: sync_committee_0, error: InsufficientPeers, service: libp2p
Nov 12 23:28:10.495 WARN Could not publish message               kind: sync_committee_3, error: InsufficientPeers, service: libp2p
Nov 12 23:28:10.497 WARN Could not publish message               kind: sync_committee_2, error: InsufficientPeers, service: libp2p
Nov 12 23:28:10.497 WARN Could not publish message               kind: sync_committee_1, error: InsufficientPeers, service: libp2p
Nov 12 23:28:12.002 WARN Low peer count                          peer_count: 0, service: slot_notifier
Nov 12 23:28:12.002 INFO Searching for peers                     current_slot: 2, head_slot: 2, finalized_epoch: 0, finalized_root: 0x553bd7e4aeb71265a64ce72a3b6c80b1ee0aa0055ea699acf5822cecee052fdc, peers: 0, service: slot_notifier
Nov 12 23:28:14.014 WARN Could not publish message               kind: signed_contribution_and_proof, error: InsufficientPeers, service: libp2p
Nov 12 23:28:14.014 WARN Could not publish message               kind: signed_contribution_and_proof, error: InsufficientPeers, service: libp2p
Nov 12 23:28:14.014 WARN Could not publish message               kind: signed_contribution_and_proof, error: InsufficientPeers, service: libp2p
Nov 12 23:28:14.015 WARN Could not publish message               kind: signed_contribution_and_proof, error: InsufficientPeers, service: libp2p
