INFO [11-12|23:27:46.941] Maximum peer count                       ETH=50 total=50
INFO [11-12|23:27:46.951] Smartcard socket not found, disabling    err="stat /run/pcscd/pcscd.comm: no such file or directory"
INFO [11-12|23:27:46.982] Set global gas cap                       cap=50,000,000
INFO [11-12|23:27:46.984] Initializing the KZG library             backend=gokzg
INFO [11-12|23:27:47.059] Defaulting to pebble as the backing database
INFO [11-12|23:27:47.059] Allocated cache and file handles         database=/data_opgeth/geth/chaindata cache=16.00MiB handles=16
INFO [11-12|23:27:47.126] Opened ancient database                  database=/data_opgeth/geth/chaindata/ancient/chain readonly=false
INFO [11-12|23:27:47.127] State scheme set by user                 scheme=hash
INFO [11-12|23:27:47.127] Writing custom genesis block
ERROR[11-12|23:27:47.129] Head block is not reachable
INFO [11-12|23:27:47.390] Persisted trie from memory database      nodes=3153 size=455.83KiB time=22.675455ms gcnodes=0 gcsize=0.00B gctime=0s livenodes=0 livesize=0.00B
INFO [11-12|23:27:47.565] Successfully wrote genesis state         database=chaindata hash=861c08..e8059a
INFO [11-12|23:27:47.671] Starting Geth on Ethereum mainnet...
INFO [11-12|23:27:47.671] Bumping default cache on mainnet         provided=1024 updated=4096
INFO [11-12|23:27:47.676] Maximum peer count                       ETH=5 total=5
INFO [11-12|23:27:47.677] Smartcard socket not found, disabling    err="stat /run/pcscd/pcscd.comm: no such file or directory"
WARN [11-12|23:27:47.686] Sanitizing cache to Go's GC limits       provided=4096 updated=2613
INFO [11-12|23:27:47.687] Enabling recording of key preimages since archive mode is used
WARN [11-12|23:27:47.688] Disabled transaction unindexing for archive node
WARN [11-12|23:27:47.688] Forcing hash state-scheme for archive mode
INFO [11-12|23:27:47.688] Set global gas cap                       cap=50,000,000
INFO [11-12|23:27:47.690] Initializing the KZG library             backend=gokzg
INFO [11-12|23:27:47.731] Enabling metrics collection
INFO [11-12|23:27:47.731] Enabling stand-alone metrics HTTP endpoint address=0.0.0.0:6061
INFO [11-12|23:27:47.731] Starting metrics server                  addr=http://0.0.0.0:6061/debug/metrics
INFO [11-12|23:27:47.731] Allocated trie memory caches             clean=782.00MiB dirty=0.00B
INFO [11-12|23:27:47.733] Using pebble as the backing database
INFO [11-12|23:27:47.733] Allocated cache and file handles         database=/data_opgeth/geth/chaindata cache=1.28GiB handles=524,288
INFO [11-12|23:27:47.760] Opened ancient database                  database=/data_opgeth/geth/chaindata/ancient/chain readonly=false
INFO [11-12|23:27:47.762] State scheme set by user                 scheme=hash
INFO [11-12|23:27:47.772] Genesis hash                             hash=861c08..e8059a
WARN [11-12|23:27:47.772] failed to load chain config from superchain-registry, skipping override err="unknown chain ID: 13" chain_id=13
INFO [11-12|23:27:47.772] Checking compatibility                   height=0 time=1,762,990,064 error=<nil>
INFO [11-12|23:27:47.772] Configured chain config matches existing chain config in storage.
INFO [11-12|23:27:47.772] 
INFO [11-12|23:27:47.772] ---------------------------------------------------------------------------------------------------------------------------------------------------------
INFO [11-12|23:27:47.772] Chain ID:  13 (unknown)
INFO [11-12|23:27:47.772] Consensus: Optimism
INFO [11-12|23:27:47.772] 
INFO [11-12|23:27:47.772] Pre-Merge hard forks (block based):
INFO [11-12|23:27:47.772]  - Homestead:                   #0        (https://github.com/ethereum/execution-specs/blob/master/network-upgrades/mainnet-upgrades/homestead.md)
INFO [11-12|23:27:47.772]  - Tangerine Whistle (EIP 150): #0        (https://github.com/ethereum/execution-specs/blob/master/network-upgrades/mainnet-upgrades/tangerine-whistle.md)
INFO [11-12|23:27:47.772]  - Spurious Dragon/1 (EIP 155): #0        (https://github.com/ethereum/execution-specs/blob/master/network-upgrades/mainnet-upgrades/spurious-dragon.md)
INFO [11-12|23:27:47.772]  - Spurious Dragon/2 (EIP 158): #0        (https://github.com/ethereum/execution-specs/blob/master/network-upgrades/mainnet-upgrades/spurious-dragon.md)
INFO [11-12|23:27:47.772]  - Byzantium:                   #0        (https://github.com/ethereum/execution-specs/blob/master/network-upgrades/mainnet-upgrades/byzantium.md)
INFO [11-12|23:27:47.772]  - Constantinople:              #0        (https://github.com/ethereum/execution-specs/blob/master/network-upgrades/mainnet-upgrades/constantinople.md)
INFO [11-12|23:27:47.772]  - Petersburg:                  #0        (https://github.com/ethereum/execution-specs/blob/master/network-upgrades/mainnet-upgrades/petersburg.md)
INFO [11-12|23:27:47.772]  - Istanbul:                    #0        (https://github.com/ethereum/execution-specs/blob/master/network-upgrades/mainnet-upgrades/istanbul.md)
INFO [11-12|23:27:47.772]  - Muir Glacier:                #0        (https://github.com/ethereum/execution-specs/blob/master/network-upgrades/mainnet-upgrades/muir-glacier.md)
INFO [11-12|23:27:47.772]  - Berlin:                      #0        (https://github.com/ethereum/execution-specs/blob/master/network-upgrades/mainnet-upgrades/berlin.md)
INFO [11-12|23:27:47.772]  - London:                      #0        (https://github.com/ethereum/execution-specs/blob/master/network-upgrades/mainnet-upgrades/london.md)
INFO [11-12|23:27:47.772]  - Arrow Glacier:               #0        (https://github.com/ethereum/execution-specs/blob/master/network-upgrades/mainnet-upgrades/arrow-glacier.md)
INFO [11-12|23:27:47.772]  - Gray Glacier:                #0        (https://github.com/ethereum/execution-specs/blob/master/network-upgrades/mainnet-upgrades/gray-glacier.md)
INFO [11-12|23:27:47.772] 
INFO [11-12|23:27:47.772] Merge configured:
INFO [11-12|23:27:47.772]  - Hard-fork specification:    https://github.com/ethereum/execution-specs/blob/master/network-upgrades/mainnet-upgrades/paris.md
INFO [11-12|23:27:47.772]  - Network known to be merged
INFO [11-12|23:27:47.772]  - Total terminal difficulty:  0
INFO [11-12|23:27:47.772]  - Merge netsplit block:       #0       
INFO [11-12|23:27:47.772] 
INFO [11-12|23:27:47.772] Post-Merge hard forks (timestamp based):
INFO [11-12|23:27:47.772]  - Shanghai:                    @0          (https://github.com/ethereum/execution-specs/blob/master/network-upgrades/mainnet-upgrades/shanghai.md)
INFO [11-12|23:27:47.772]  - Cancun:                      @0          (https://github.com/ethereum/execution-specs/blob/master/network-upgrades/mainnet-upgrades/cancun.md)
INFO [11-12|23:27:47.772]  - Regolith:                    @0         
INFO [11-12|23:27:47.772]  - Canyon:                      @0         
INFO [11-12|23:27:47.772]  - Ecotone:                     @0         
INFO [11-12|23:27:47.772]  - Fjord:                       @0         
INFO [11-12|23:27:47.772]  - Granite:                     @0         
INFO [11-12|23:27:47.772]  - Holocene:                    @0         
INFO [11-12|23:27:47.772] 
INFO [11-12|23:27:47.772] ---------------------------------------------------------------------------------------------------------------------------------------------------------
INFO [11-12|23:27:47.772] 
INFO [11-12|23:27:47.774] Loaded most recent local block           number=0 hash=861c08..e8059a age=3s
WARN [11-12|23:27:47.774] Failed to load snapshot                  err="missing or corrupted snapshot"
INFO [11-12|23:27:47.774] Rebuilding state snapshot
INFO [11-12|23:27:47.779] Initialized transaction indexer          range="entire chain"
INFO [11-12|23:27:47.779] Initialising Ethereum protocol           network=13 dbversion=<nil>
INFO [11-12|23:27:47.779] Unprotected transactions allowed
INFO [11-12|23:27:47.779] Gasprice oracle is ignoring threshold set threshold=2
INFO [11-12|23:27:47.779] Resuming state snapshot generation       root=dca5f6..8d3717 accounts=0 slots=0 storage=0.00B dangling=0 elapsed=5.411ms
WARN [11-12|23:27:47.781] Engine API enabled                       protocol=eth
INFO [11-12|23:27:47.781] Starting peer-to-peer node               instance=Geth/v1.101503.2-rc.5-37be9e05-20250401/linux-amd64/go1.24.1
INFO [11-12|23:27:47.805] IPC endpoint opened                      url=/data_opgeth/geth.ipc
INFO [11-12|23:27:47.807] Loaded JWT secret file                   path=/data/jwtsecret crc32=0x245ce2b6
INFO [11-12|23:27:47.807] New local node record                    seq=1,762,990,067,804 id=c0a6c424ac7157ae ip=127.0.0.1 udp=0 tcp=30303
INFO [11-12|23:27:47.807] Started P2P networking                   self="enode://79be667ef9dcbbac55a06295ce870b07029bfcdb2dce28d959f2815b16f81798483ada7726a3c4655da4fbfc0e1108a8fd17b448a68554199c47d08ffb10d4b8@127.0.0.1:30303?discport=0"
INFO [11-12|23:27:47.808] HTTP server started                      endpoint=[::]:8545 auth=false prefix= cors=* vhosts=*
INFO [11-12|23:27:47.808] WebSocket enabled                        url=ws://[::]:8546
INFO [11-12|23:27:47.808] WebSocket enabled                        url=ws://[::]:8551
INFO [11-12|23:27:47.808] HTTP server started                      endpoint=[::]:8551 auth=true  prefix= cors=localhost vhosts=*
INFO [11-12|23:27:47.933] Generated state snapshot                 accounts=2346 slots=2084 storage=393.10KiB dangling=0 elapsed=159.510ms
WARN [11-12|23:27:51.396] Served eth_getBlockByNumber              conn=172.19.0.8:37276 reqid=3 duration="34.953µs" err="finalized block not found"
WARN [11-12|23:27:51.397] Served eth_getBlockByNumber              conn=172.19.0.8:37276 reqid=4 duration="21.488µs" err="safe block not found"
INFO [11-12|23:27:53.407] Starting work on payload                 id=0x037e8192e05c521c
INFO [11-12|23:27:53.408] Updated payload                          id=0x037e8192e05c521c number=1 hash=f4b93b..d78ccf txs=1 withdrawals=0 gas=160,418 fees=0 root=36a9f8..616549 elapsed="773.762µs"
INFO [11-12|23:27:53.413] Stopping work on payload                 id=0x037e8192e05c521c reason=delivery elapsed=5.491ms
INFO [11-12|23:27:53.415] Imported new potential chain segment     number=1 hash=f4b93b..d78ccf blocks=1 txs=1 mgas=0.160 elapsed="631.857µs" mgasps=253.883 snapdiffs=558.00B triedirty=0.00B
INFO [11-12|23:27:53.418] Chain head was updated                   number=1 hash=f4b93b..d78ccf root=36a9f8..616549 elapsed="68.13µs"
INFO [11-12|23:27:53.418] Indexed transactions                     blocks=2 txs=1 tail=0 elapsed="58.091µs"
INFO [11-12|23:27:53.423] Starting work on payload                 id=0x03884b14676a5202
INFO [11-12|23:27:53.424] Updated payload                          id=0x03884b14676a5202 number=2 hash=36a873..24c67c txs=1 withdrawals=0 gas=43818   fees=0 root=2e4de4..a2f2a5 elapsed="418.382µs"
INFO [11-12|23:27:53.429] Stopping work on payload                 id=0x03884b14676a5202 reason=delivery elapsed=5.714ms
INFO [11-12|23:27:53.433] Imported new potential chain segment     number=2 hash=36a873..24c67c blocks=1 txs=1 mgas=0.044 elapsed="704.072µs" mgasps=62.235  snapdiffs=883.00B triedirty=0.00B
INFO [11-12|23:27:53.435] Chain head was updated                   number=2 hash=36a873..24c67c root=2e4de4..a2f2a5 elapsed="69.044µs"
INFO [11-12|23:27:53.439] Starting work on payload                 id=0x03e519718de24e48
INFO [11-12|23:27:53.440] Updated payload                          id=0x03e519718de24e48 number=3 hash=706cf5..7ffd74 txs=1 withdrawals=0 gas=43818   fees=0 root=28076f..9fc2c0 elapsed="307.186µs"
INFO [11-12|23:27:53.445] Stopping work on payload                 id=0x03e519718de24e48 reason=delivery elapsed=5.885ms
INFO [11-12|23:27:53.448] Imported new potential chain segment     number=3 hash=706cf5..7ffd74 blocks=1 txs=1 mgas=0.044 elapsed="536.197µs" mgasps=81.720  snapdiffs=1.18KiB triedirty=0.00B
INFO [11-12|23:27:53.450] Chain head was updated                   number=3 hash=706cf5..7ffd74 root=28076f..9fc2c0 elapsed="120.7µs"
INFO [11-12|23:27:53.455] Starting work on payload                 id=0x03585951cfb02033
INFO [11-12|23:27:53.456] Updated payload                          id=0x03585951cfb02033 number=4 hash=74c497..6116f6 txs=1 withdrawals=0 gas=43818   fees=0 root=d5117a..048b2d elapsed="373.537µs"
INFO [11-12|23:27:53.462] Stopping work on payload                 id=0x03585951cfb02033 reason=delivery elapsed=6.257ms
INFO [11-12|23:27:53.465] Imported new potential chain segment     number=4 hash=74c497..6116f6 blocks=1 txs=1 mgas=0.044 elapsed=1.142ms     mgasps=38.353  snapdiffs=1.50KiB triedirty=0.00B
INFO [11-12|23:27:53.467] Chain head was updated                   number=4 hash=74c497..6116f6 root=d5117a..048b2d elapsed="96.141µs"
INFO [11-12|23:27:53.474] Starting work on payload                 id=0x03ae094d14076c7d
INFO [11-12|23:27:53.475] Updated payload                          id=0x03ae094d14076c7d number=5 hash=468c48..0a6f66 txs=1 withdrawals=0 gas=43818   fees=0 root=6ddd22..73a4dc elapsed="458.012µs"
INFO [11-12|23:27:53.952] Stopping work on payload                 id=0x03ae094d14076c7d reason=delivery elapsed=477.875ms
INFO [11-12|23:27:53.954] Imported new potential chain segment     number=5 hash=468c48..0a6f66 blocks=1 txs=1 mgas=0.044 elapsed="480.956µs" mgasps=91.106  snapdiffs=1.81KiB triedirty=0.00B
INFO [11-12|23:27:53.956] Chain head was updated                   number=5 hash=468c48..0a6f66 root=6ddd22..73a4dc elapsed="133.942µs"
INFO [11-12|23:27:54.003] Starting work on payload                 id=0x03f4dfa081f19baa
INFO [11-12|23:27:54.004] Updated payload                          id=0x03f4dfa081f19baa number=6 hash=e0f57f..23ba1e txs=1 withdrawals=0 gas=43818   fees=0 root=301deb..66f890 elapsed=1.052ms
INFO [11-12|23:27:55.952] Stopping work on payload                 id=0x03f4dfa081f19baa reason=delivery elapsed=1.948s
INFO [11-12|23:27:55.955] Imported new potential chain segment     number=6 hash=e0f57f..23ba1e blocks=1 txs=1 mgas=0.044 elapsed="644.218µs" mgasps=68.017  snapdiffs=2.13KiB triedirty=0.00B
INFO [11-12|23:27:55.957] Chain head was updated                   number=6 hash=e0f57f..23ba1e root=301deb..66f890 elapsed="140.079µs"
INFO [11-12|23:27:56.007] Starting work on payload                 id=0x03bf6eaaee66c043
INFO [11-12|23:27:56.008] Updated payload                          id=0x03bf6eaaee66c043 number=7 hash=789ca5..9e314a txs=1 withdrawals=0 gas=43818   fees=0 root=9269a2..ce8035 elapsed="884.674µs"
INFO [11-12|23:27:57.951] Stopping work on payload                 id=0x03bf6eaaee66c043 reason=delivery elapsed=1.943s
INFO [11-12|23:27:57.954] Imported new potential chain segment     number=7 hash=789ca5..9e314a blocks=1 txs=1 mgas=0.044 elapsed="878.068µs" mgasps=49.903  snapdiffs=2.45KiB triedirty=0.00B
INFO [11-12|23:27:57.956] Chain head was updated                   number=7 hash=789ca5..9e314a root=9269a2..ce8035 elapsed="77.415µs"
INFO [11-12|23:27:58.003] Starting work on payload                 id=0x0386f6cca0022057
INFO [11-12|23:27:58.004] Updated payload                          id=0x0386f6cca0022057 number=8 hash=d4f596..1e0e52 txs=1 withdrawals=0 gas=43818   fees=0 root=8c9a89..1c7380 elapsed="322.326µs"
INFO [11-12|23:27:59.953] Stopping work on payload                 id=0x0386f6cca0022057 reason=delivery elapsed=1.949s
INFO [11-12|23:27:59.955] Imported new potential chain segment     number=8 hash=d4f596..1e0e52 blocks=1 txs=1 mgas=0.044 elapsed="475.407µs" mgasps=92.169  snapdiffs=2.77KiB triedirty=0.00B
INFO [11-12|23:27:59.957] Chain head was updated                   number=8 hash=d4f596..1e0e52 root=8c9a89..1c7380 elapsed="96.302µs"
INFO [11-12|23:28:00.004] Starting work on payload                 id=0x0304dd7a6fa6a257
INFO [11-12|23:28:00.005] Updated payload                          id=0x0304dd7a6fa6a257 number=9 hash=64b089..e00f3b txs=1 withdrawals=0 gas=43818   fees=0 root=757735..9a00d1 elapsed="518.736µs"
INFO [11-12|23:28:01.951] Stopping work on payload                 id=0x0304dd7a6fa6a257 reason=delivery elapsed=1.946s
INFO [11-12|23:28:01.953] Imported new potential chain segment     number=9 hash=64b089..e00f3b blocks=1 txs=1 mgas=0.044 elapsed="615.276µs" mgasps=71.217  snapdiffs=3.08KiB triedirty=0.00B
INFO [11-12|23:28:01.955] Chain head was updated                   number=9 hash=64b089..e00f3b root=757735..9a00d1 elapsed="289.657µs"
INFO [11-12|23:28:02.003] Starting work on payload                 id=0x03e05963da9c3456
INFO [11-12|23:28:02.004] Updated payload                          id=0x03e05963da9c3456 number=10 hash=8c1be6..28ca14 txs=1 withdrawals=0 gas=43818   fees=0 root=0b956b..408a84 elapsed="521.485µs"
INFO [11-12|23:28:03.951] Stopping work on payload                 id=0x03e05963da9c3456 reason=delivery elapsed=1.946s
INFO [11-12|23:28:03.953] Imported new potential chain segment     number=10 hash=8c1be6..28ca14 blocks=1 txs=1 mgas=0.044 elapsed="563.851µs" mgasps=77.712  snapdiffs=3.40KiB triedirty=0.00B
INFO [11-12|23:28:03.955] Chain head was updated                   number=10 hash=8c1be6..28ca14 root=0b956b..408a84 elapsed="54.787µs"
INFO [11-12|23:28:04.002] Starting work on payload                 id=0x031636fdd544d3fd
INFO [11-12|23:28:04.003] Updated payload                          id=0x031636fdd544d3fd number=11 hash=9d8918..9f65c4 txs=1 withdrawals=0 gas=43818   fees=0 root=143859..4c6268 elapsed="532.77µs"
INFO [11-12|23:28:05.952] Stopping work on payload                 id=0x031636fdd544d3fd reason=delivery elapsed=1.949s
INFO [11-12|23:28:05.955] Imported new potential chain segment     number=11 hash=9d8918..9f65c4 blocks=1 txs=1 mgas=0.044 elapsed="967.256µs" mgasps=45.301  snapdiffs=3.72KiB triedirty=0.00B
INFO [11-12|23:28:05.959] Chain head was updated                   number=11 hash=9d8918..9f65c4 root=143859..4c6268 elapsed="56.671µs"
INFO [11-12|23:28:06.003] Starting work on payload                 id=0x0335176ccbe09626
INFO [11-12|23:28:06.004] Updated payload                          id=0x0335176ccbe09626 number=12 hash=244446..3b6dab txs=1 withdrawals=0 gas=43818   fees=0 root=4846d1..c7425b elapsed="562.23µs"
INFO [11-12|23:28:07.951] Stopping work on payload                 id=0x0335176ccbe09626 reason=delivery elapsed=1.947s
INFO [11-12|23:28:07.953] Imported new potential chain segment     number=12 hash=244446..3b6dab blocks=1 txs=1 mgas=0.044 elapsed="872.793µs" mgasps=50.204  snapdiffs=4.04KiB triedirty=0.00B
INFO [11-12|23:28:07.956] Chain head was updated                   number=12 hash=244446..3b6dab root=4846d1..c7425b elapsed="43.062µs"
INFO [11-12|23:28:08.004] Starting work on payload                 id=0x0358d7a6cfdc2055
INFO [11-12|23:28:08.005] Updated payload                          id=0x0358d7a6cfdc2055 number=13 hash=53d6e2..d8b34d txs=1 withdrawals=0 gas=52230   fees=0 root=946f60..386f30 elapsed="431.025µs"
INFO [11-12|23:28:09.951] Stopping work on payload                 id=0x0358d7a6cfdc2055 reason=delivery elapsed=1.945s
INFO [11-12|23:28:09.953] Imported new potential chain segment     number=13 hash=53d6e2..d8b34d blocks=1 txs=1 mgas=0.052 elapsed="499.682µs" mgasps=104.526 snapdiffs=4.56KiB triedirty=0.00B
INFO [11-12|23:28:09.954] Chain head was updated                   number=13 hash=53d6e2..d8b34d root=946f60..386f30 elapsed="51.281µs"
INFO [11-12|23:28:10.004] Starting work on payload                 id=0x0360cbd8d3c0e1a4
INFO [11-12|23:28:10.006] Updated payload                          id=0x0360cbd8d3c0e1a4 number=14 hash=28efe5..047600 txs=1 withdrawals=0 gas=43842   fees=0 root=23e4e4..f75278 elapsed=1.085ms
INFO [11-12|23:28:11.952] Stopping work on payload                 id=0x0360cbd8d3c0e1a4 reason=delivery elapsed=1.948s
INFO [11-12|23:28:11.956] Imported new potential chain segment     number=14 hash=28efe5..047600 blocks=1 txs=1 mgas=0.044 elapsed="955.264µs" mgasps=45.895  snapdiffs=4.94KiB triedirty=0.00B
INFO [11-12|23:28:11.958] Chain head was updated                   number=14 hash=28efe5..047600 root=23e4e4..f75278 elapsed="159.427µs"
INFO [11-12|23:28:12.006] Starting work on payload                 id=0x03d5f271c5b860b2
INFO [11-12|23:28:12.007] Updated payload                          id=0x03d5f271c5b860b2 number=15 hash=767317..53a5db txs=1 withdrawals=0 gas=43842   fees=0 root=7b7a6b..cc7551 elapsed="614.132µs"
INFO [11-12|23:28:13.951] Stopping work on payload                 id=0x03d5f271c5b860b2 reason=delivery elapsed=1.944s
INFO [11-12|23:28:13.954] Imported new potential chain segment     number=15 hash=767317..53a5db blocks=1 txs=1 mgas=0.044 elapsed="774.079µs" mgasps=56.638  snapdiffs=5.32KiB triedirty=0.00B
INFO [11-12|23:28:13.956] Chain head was updated                   number=15 hash=767317..53a5db root=7b7a6b..cc7551 elapsed="79.047µs"
INFO [11-12|23:28:14.007] Starting work on payload                 id=0x03a8422b71fe81a1
INFO [11-12|23:28:14.008] Updated payload                          id=0x03a8422b71fe81a1 number=16 hash=c7b472..4b12af txs=1 withdrawals=0 gas=43842   fees=0 root=a9dbd0..62df91 elapsed="803.658µs"
