t=2025-11-12T23:27:46+0000 lvl=warn msg="Found a deprecated flag which will be removed in a future version" flag_name=p2p.scoring.peers
t=2025-11-12T23:27:46+0000 lvl=info msg="Not opted in to ProtocolVersions signal loading, disabling ProtocolVersions contract now."
t=2025-11-12T23:27:46+0000 lvl=info msg="Using default bootnodes, none provided."
t=2025-11-12T23:27:46+0000 lvl=info msg="No persisted sequencer state loaded"
t=2025-11-12T23:27:46+0000 lvl=info msg="Rollup Config" l2_chain_id=13 l2_network="unknown L2" l1_chain_id=1337 l1_network="unknown L1" l2_start_time=1762990064 l2_block_hash=0x861c087ac568fb98521b51358b83583aaf9585f0402d4a393e6473acbbe8059a l2_block_number=0 l1_block_hash=0xf4419ca199de1303fbb830a76f1151758900917181fe97f8681bcef0e3c1b8e6 l1_block_number=0 regolith_time="@ genesis" canyon_time="@ genesis" delta_time="@ genesis" ecotone_time="@ genesis" fjord_time="@ genesis" granite_time="@ genesis" holocene_time="@ genesis" isthmus_time="(not configured)" jovian_time="(not configured)" interop_time="(not configured)"
t=2025-11-12T23:27:46+0000 lvl=info msg="Initializing rollup node" version=v1.13.0-rc.1-5f003211-1743511639
t=2025-11-12T23:27:46+0000 lvl=warn msg="failed to dial address, but may connect later" addr=http://el:8545
t=2025-11-12T23:27:51+0000 lvl=info msg="Connected to L1 Beacon API, ready for EIP-4844 blobs retrieval." version=Lighthouse/v7.0.0-beta.0-1888be5/x86_64-linux
t=2025-11-12T23:27:51+0000 lvl=info msg="loaded new runtime config values!" p2p_seq_address=0xafF0CA253b97e54440965855cec0A8a2E2399896
t=2025-11-12T23:27:51+0000 lvl=info msg="started p2p host" addrs="[/ip4/127.0.0.1/tcp/9003 /ip4/172.19.0.3/tcp/9003]" peerID=16Uiu2HAkxoSKDNQeCTLoRhwrFLQzy933SSi67Yrezxy2PsV9DwAm
t=2025-11-12T23:27:51+0000 lvl=info msg="New local node record" seq=1762990071381 id=650c5854d5ea883127eb32f64cf9f95fa951dfa0ca26e87f67c5a29db7dcc804 ip="invalid IP" udp=9003 tcp=9003
t=2025-11-12T23:27:51+0000 lvl=info msg="started discovery service" p2p=discv5 enr=enr:-JS4QHlk9krWmyNcrSQa0i2ZCDRhIRLP7rmVTmRKXUEDCZPOAH4SoOPt-Cwd6bLvt_xfzANZojfc4S1B1MkLoCcDRkGGAZp6ZZ5VgmlkgnY0h29wc3RhY2uCDQCJc2VjcDI1NmsxoQIyJmMoDZPcpHCiNWzVuT18-MMmIUkr1zGKTB5gHwYMLoN0Y3CCIyuDdWRwgiMr id=650c5854d5ea883127eb32f64cf9f95fa951dfa0ca26e87f67c5a29db7dcc804
t=2025-11-12T23:27:51+0000 lvl=info msg="Starting JSON-RPC server"
t=2025-11-12T23:27:51+0000 lvl=info msg="Started JSON-RPC server" addr=[::]:8549
t=2025-11-12T23:27:51+0000 lvl=info msg="metrics disabled"
t=2025-11-12T23:27:51+0000 lvl=info msg="Starting execution engine driver"
t=2025-11-12T23:27:51+0000 lvl=info msg="Starting driver" sequencerEnabled=true sequencerStopped=false recoverMode=false
t=2025-11-12T23:27:51+0000 lvl=info msg="Starting sequencing, without known pre-state"
t=2025-11-12T23:27:51+0000 lvl=info msg="Sequencer has been started" "next action"=2025-11-12T23:27:51+0000
t=2025-11-12T23:27:51+0000 lvl=info msg="Rollup node started"
t=2025-11-12T23:27:51+0000 lvl=info msg="State loop started"
t=2025-11-12T23:27:51+0000 lvl=info msg="Scheduled sequencer action" delta=-98.935µs
t=2025-11-12T23:27:51+0000 lvl=warn msg="Deriver system is resetting" err="reset: cannot continue derivation until Engine has been reset"
t=2025-11-12T23:27:51+0000 lvl=error msg="Sequencer encountered reset signal, aborting work" err="reset: cannot continue derivation until Engine has been reset"
t=2025-11-12T23:27:51+0000 lvl=info msg="Loaded current L2 heads" unsafe=0x861c087ac568fb98521b51358b83583aaf9585f0402d4a393e6473acbbe8059a:0 safe=0x861c087ac568fb98521b51358b83583aaf9585f0402d4a393e6473acbbe8059a:0 finalized=0x861c087ac568fb98521b51358b83583aaf9585f0402d4a393e6473acbbe8059a:0 unsafe_origin=0xf4419ca199de1303fbb830a76f1151758900917181fe97f8681bcef0e3c1b8e6:0 safe_origin=0xf4419ca199de1303fbb830a76f1151758900917181fe97f8681bcef0e3c1b8e6:0
t=2025-11-12T23:27:51+0000 lvl=info msg="Walking back L1Block by number" curr=0xf4419ca199de1303fbb830a76f1151758900917181fe97f8681bcef0e3c1b8e6:0 next=0xf4419ca199de1303fbb830a76f1151758900917181fe97f8681bcef0e3c1b8e6:0 l2block=0x861c087ac568fb98521b51358b83583aaf9585f0402d4a393e6473acbbe8059a:0
t=2025-11-12T23:27:51+0000 lvl=info msg="Hit finalized L2 head, returning immediately" unsafe=0x861c087ac568fb98521b51358b83583aaf9585f0402d4a393e6473acbbe8059a:0 safe=0x861c087ac568fb98521b51358b83583aaf9585f0402d4a393e6473acbbe8059a:0 finalized=0x861c087ac568fb98521b51358b83583aaf9585f0402d4a393e6473acbbe8059a:0 unsafe_origin=0xf4419ca199de1303fbb830a76f1151758900917181fe97f8681bcef0e3c1b8e6:0 safe_origin=0xf4419ca199de1303fbb830a76f1151758900917181fe97f8681bcef0e3c1b8e6:0
t=2025-11-12T23:27:51+0000 lvl=info msg="Current hardfork version detected" forkName=holocene
t=2025-11-12T23:27:51+0000 lvl=info msg="Reset of Engine is completed" local_unsafe=0x861c087ac568fb98521b51358b83583aaf9585f0402d4a393e6473acbbe8059a:0 cross_unsafe=0x861c087ac568fb98521b51358b83583aaf9585f0402d4a393e6473acbbe8059a:0 local_safe=0x861c087ac568fb98521b51358b83583aaf9585f0402d4a393e6473acbbe8059a:0 cross_safe=0x861c087ac568fb98521b51358b83583aaf9585f0402d4a393e6473acbbe8059a:0 finalized=0x861c087ac568fb98521b51358b83583aaf9585f0402d4a393e6473acbbe8059a:0
t=2025-11-12T23:27:51+0000 lvl=info msg="Confirming pipeline reset"
t=2025-11-12T23:27:51+0000 lvl=info msg="Engine reset confirmed, sequencer may continue" next=true
t=2025-11-12T23:27:51+0000 lvl=info msg="Scheduled sequencer action" delta=1.999137672s
t=2025-11-12T23:27:53+0000 lvl=info msg="Started sequencing new block" parent=0x861c087ac568fb98521b51358b83583aaf9585f0402d4a393e6473acbbe8059a:0 l1Origin=0xf4419ca199de1303fbb830a76f1151758900917181fe97f8681bcef0e3c1b8e6:0
t=2025-11-12T23:27:53+0000 lvl=info msg="Scheduled sequencer action" delta=-3.207µs
t=2025-11-12T23:27:53+0000 lvl=info msg="Sequencer sealed block" payloadID=0x037e8192e05c521c block=0xf4b93b70c3dfee00683fb98754a4b1e5d40a3084e4b49efac621ad764ed78ccf:1 parent=0x861c087ac568fb98521b51358b83583aaf9585f0402d4a393e6473acbbe8059a:0 txs=1 time=1762990066
t=2025-11-12T23:27:53+0000 lvl=info msg="Publishing signed execution payload on p2p" id=0xf4b93b70c3dfee00683fb98754a4b1e5d40a3084e4b49efac621ad764ed78ccf:1
t=2025-11-12T23:27:53+0000 lvl=info msg="Sequencer inserted block" block=0xf4b93b70c3dfee00683fb98754a4b1e5d40a3084e4b49efac621ad764ed78ccf:1 parent=0x861c087ac568fb98521b51358b83583aaf9585f0402d4a393e6473acbbe8059a:0
t=2025-11-12T23:27:53+0000 lvl=warn msg="invalid block signature" topic=blocksV3 err="unrecognized signer" peer=16Uiu2HAkxoSKDNQeCTLoRhwrFLQzy933SSi67Yrezxy2PsV9DwAm
t=2025-11-12T23:27:53+0000 lvl=warn msg="failed to publish newly created block" id=0xf4b93b70c3dfee00683fb98754a4b1e5d40a3084e4b49efac621ad764ed78ccf:1 hash=0xf4b93b70c3dfee00683fb98754a4b1e5d40a3084e4b49efac621ad764ed78ccf err="validation failed"
t=2025-11-12T23:27:53+0000 lvl=info msg="Inserted new L2 unsafe block" hash=0xf4b93b70c3dfee00683fb98754a4b1e5d40a3084e4b49efac621ad764ed78ccf number=1 state_root=0x36a9f82ea6395fe5b23fcfa8a1f29ade95d20222463611744d94718fb5616549 timestamp=1762990066 parent=0x861c087ac568fb98521b51358b83583aaf9585f0402d4a393e6473acbbe8059a prev_randao=0x0000000000000000000000000000000000000000000000000000000000000000 fee_recipient=0x4200000000000000000000000000000000000011 txs=1 build_time=7.959ms insert_time=5.325ms total_time=13.285ms mgas=0.160418 mgasps=12.07440248951662
t=2025-11-12T23:27:53+0000 lvl=info msg="Scheduled sequencer action" delta=-38.461µs
t=2025-11-12T23:27:53+0000 lvl=info msg="Started sequencing new block" parent=0xf4b93b70c3dfee00683fb98754a4b1e5d40a3084e4b49efac621ad764ed78ccf:1 l1Origin=0xf4419ca199de1303fbb830a76f1151758900917181fe97f8681bcef0e3c1b8e6:0
t=2025-11-12T23:27:53+0000 lvl=info msg="Scheduled sequencer action" delta=-2.476µs
t=2025-11-12T23:27:53+0000 lvl=info msg="Sequencer sealed block" payloadID=0x03884b14676a5202 block=0x36a8736169f993125c46ca697451d551ac482fa412235fb8d1f141db0124c67c:2 parent=0xf4b93b70c3dfee00683fb98754a4b1e5d40a3084e4b49efac621ad764ed78ccf:1 txs=1 time=1762990068
t=2025-11-12T23:27:53+0000 lvl=info msg="Publishing signed execution payload on p2p" id=0x36a8736169f993125c46ca697451d551ac482fa412235fb8d1f141db0124c67c:2
t=2025-11-12T23:27:53+0000 lvl=warn msg="invalid block signature" topic=blocksV3 err="unrecognized signer" peer=16Uiu2HAkxoSKDNQeCTLoRhwrFLQzy933SSi67Yrezxy2PsV9DwAm
t=2025-11-12T23:27:53+0000 lvl=warn msg="failed to publish newly created block" id=0x36a8736169f993125c46ca697451d551ac482fa412235fb8d1f141db0124c67c:2 hash=0x36a8736169f993125c46ca697451d551ac482fa412235fb8d1f141db0124c67c err="validation failed"
t=2025-11-12T23:27:53+0000 lvl=info msg="Sequencer inserted block" block=0x36a8736169f993125c46ca697451d551ac482fa412235fb8d1f141db0124c67c:2 parent=0xf4b93b70c3dfee00683fb98754a4b1e5d40a3084e4b49efac621ad764ed78ccf:1
t=2025-11-12T23:27:53+0000 lvl=info msg="Inserted new L2 unsafe block" hash=0x36a8736169f993125c46ca697451d551ac482fa412235fb8d1f141db0124c67c number=2 state_root=0x2e4de46cfbc03a73c704c1bfe8b839ea178f76192c014eccf4d89fd1d3a2f2a5 timestamp=1762990068 parent=0xf4b93b70c3dfee00683fb98754a4b1e5d40a3084e4b49efac621ad764ed78ccf prev_randao=0x0000000000000000000000000000000000000000000000000000000000000000 fee_recipient=0x4200000000000000000000000000000000000011 txs=1 build_time=8.850ms insert_time=5.483ms total_time=14.334ms mgas=0.043818 mgasps=3.0568872783803815
t=2025-11-12T23:27:53+0000 lvl=info msg="Scheduled sequencer action" delta=-27.584µs
t=2025-11-12T23:27:53+0000 lvl=info msg="Started sequencing new block" parent=0x36a8736169f993125c46ca697451d551ac482fa412235fb8d1f141db0124c67c:2 l1Origin=0xf4419ca199de1303fbb830a76f1151758900917181fe97f8681bcef0e3c1b8e6:0
t=2025-11-12T23:27:53+0000 lvl=info msg="Scheduled sequencer action" delta=-2.24µs
t=2025-11-12T23:27:53+0000 lvl=info msg="Sequencer sealed block" payloadID=0x03e519718de24e48 block=0x706cf54e64fab4fed58512821d4121bcdb514929e456119b1e759eadb77ffd74:3 parent=0x36a8736169f993125c46ca697451d551ac482fa412235fb8d1f141db0124c67c:2 txs=1 time=1762990070
t=2025-11-12T23:27:53+0000 lvl=info msg="Publishing signed execution payload on p2p" id=0x706cf54e64fab4fed58512821d4121bcdb514929e456119b1e759eadb77ffd74:3
t=2025-11-12T23:27:53+0000 lvl=warn msg="invalid block signature" topic=blocksV3 err="unrecognized signer" peer=16Uiu2HAkxoSKDNQeCTLoRhwrFLQzy933SSi67Yrezxy2PsV9DwAm
t=2025-11-12T23:27:53+0000 lvl=warn msg="failed to publish newly created block" id=0x706cf54e64fab4fed58512821d4121bcdb514929e456119b1e759eadb77ffd74:3 hash=0x706cf54e64fab4fed58512821d4121bcdb514929e456119b1e759eadb77ffd74 err="validation failed"
t=2025-11-12T23:27:53+0000 lvl=info msg="Sequencer inserted block" block=0x706cf54e64fab4fed58512821d4121bcdb514929e456119b1e759eadb77ffd74:3 parent=0x36a8736169f993125c46ca697451d551ac482fa412235fb8d1f141db0124c67c:2
t=2025-11-12T23:27:53+0000 lvl=info msg="Inserted new L2 unsafe block" hash=0x706cf54e64fab4fed58512821d4121bcdb514929e456119b1e759eadb77ffd74 number=3 state_root=0x28076fb8a39a85ba93864483bb9b409da23c92225dd1808c72e1816b839fc2c0 timestamp=1762990070 parent=0x36a8736169f993125c46ca697451d551ac482fa412235fb8d1f141db0124c67c prev_randao=0x0000000000000000000000000000000000000000000000000000000000000000 fee_recipient=0x4200000000000000000000000000000000000011 txs=1 build_time=7.475ms insert_time=4.429ms total_time=11.904ms mgas=0.043818 mgasps=3.680683526232241
t=2025-11-12T23:27:53+0000 lvl=info msg="Scheduled sequencer action" delta=-25.954µs
t=2025-11-12T23:27:53+0000 lvl=info msg="Started sequencing new block" parent=0x706cf54e64fab4fed58512821d4121bcdb514929e456119b1e759eadb77ffd74:3 l1Origin=0xf4419ca199de1303fbb830a76f1151758900917181fe97f8681bcef0e3c1b8e6:0
t=2025-11-12T23:27:53+0000 lvl=info msg="Scheduled sequencer action" delta=-2.721µs
t=2025-11-12T23:27:53+0000 lvl=info msg="Sequencer sealed block" payloadID=0x03585951cfb02033 block=0x74c497759c94423017e13059f31063e3cb1a0cd3ce61d573b421eb43fd6116f6:4 parent=0x706cf54e64fab4fed58512821d4121bcdb514929e456119b1e759eadb77ffd74:3 txs=1 time=1762990072
t=2025-11-12T23:27:53+0000 lvl=info msg="Publishing signed execution payload on p2p" id=0x74c497759c94423017e13059f31063e3cb1a0cd3ce61d573b421eb43fd6116f6:4
t=2025-11-12T23:27:53+0000 lvl=warn msg="invalid block signature" topic=blocksV3 err="unrecognized signer" peer=16Uiu2HAkxoSKDNQeCTLoRhwrFLQzy933SSi67Yrezxy2PsV9DwAm
t=2025-11-12T23:27:53+0000 lvl=warn msg="failed to publish newly created block" id=0x74c497759c94423017e13059f31063e3cb1a0cd3ce61d573b421eb43fd6116f6:4 hash=0x74c497759c94423017e13059f31063e3cb1a0cd3ce61d573b421eb43fd6116f6 err="validation failed"
t=2025-11-12T23:27:53+0000 lvl=info msg="Sequencer inserted block" block=0x74c497759c94423017e13059f31063e3cb1a0cd3ce61d573b421eb43fd6116f6:4 parent=0x706cf54e64fab4fed58512821d4121bcdb514929e456119b1e759eadb77ffd74:3
t=2025-11-12T23:27:53+0000 lvl=info msg="Inserted new L2 unsafe block" hash=0x74c497759c94423017e13059f31063e3cb1a0cd3ce61d573b421eb43fd6116f6 number=4 state_root=0xd5117a311b99b2ddadedbbf014d21abce8067cdbea9e66f3fc6e973cf8048b2d timestamp=1762990072 parent=0x706cf54e64fab4fed58512821d4121bcdb514929e456119b1e759eadb77ffd74 prev_randao=0x0000000000000000000000000000000000000000000000000000000000000000 fee_recipient=0x4200000000000000000000000000000000000011 txs=1 build_time=8.400ms insert_time=5.864ms total_time=14.264ms mgas=0.043818 mgasps=3.071776217548326
t=2025-11-12T23:27:53+0000 lvl=info msg="Scheduled sequencer action" delta=-32.801µs
t=2025-11-12T23:27:53+0000 lvl=info msg="Started sequencing new block" parent=0x74c497759c94423017e13059f31063e3cb1a0cd3ce61d573b421eb43fd6116f6:4 l1Origin=0xf4419ca199de1303fbb830a76f1151758900917181fe97f8681bcef0e3c1b8e6:0
t=2025-11-12T23:27:53+0000 lvl=info msg="Scheduled sequencer action" delta=470.269438ms
t=2025-11-12T23:27:53+0000 lvl=info msg="Rewinding derivation-pipeline L1 traversal to handle reset"
t=2025-11-12T23:27:53+0000 lvl=info msg="completed reset of derivation pipeline" origin=0xf4419ca199de1303fbb830a76f1151758900917181fe97f8681bcef0e3c1b8e6:0
t=2025-11-12T23:27:53+0000 lvl=info msg="Reset of L1Retrieval done" origin=0xf4419ca199de1303fbb830a76f1151758900917181fe97f8681bcef0e3c1b8e6:0
t=2025-11-12T23:27:53+0000 lvl=info msg="ChannelMux: activating Holocene stage during reset" origin=0xf4419ca199de1303fbb830a76f1151758900917181fe97f8681bcef0e3c1b8e6:0
t=2025-11-12T23:27:53+0000 lvl=info msg="BatchMux: activating Holocene stage during reset" origin=0xf4419ca199de1303fbb830a76f1151758900917181fe97f8681bcef0e3c1b8e6:0
t=2025-11-12T23:27:53+0000 lvl=info msg="Sequencer sealed block" payloadID=0x03ae094d14076c7d block=0x468c48411f7a5d34c788209be4740e8b71d4eb28c9b503845461d404910a6f66:5 parent=0x74c497759c94423017e13059f31063e3cb1a0cd3ce61d573b421eb43fd6116f6:4 txs=1 time=1762990074
t=2025-11-12T23:27:53+0000 lvl=info msg="Publishing signed execution payload on p2p" id=0x468c48411f7a5d34c788209be4740e8b71d4eb28c9b503845461d404910a6f66:5
t=2025-11-12T23:27:53+0000 lvl=warn msg="invalid block signature" topic=blocksV3 err="unrecognized signer" peer=16Uiu2HAkxoSKDNQeCTLoRhwrFLQzy933SSi67Yrezxy2PsV9DwAm
t=2025-11-12T23:27:53+0000 lvl=warn msg="failed to publish newly created block" id=0x468c48411f7a5d34c788209be4740e8b71d4eb28c9b503845461d404910a6f66:5 hash=0x468c48411f7a5d34c788209be4740e8b71d4eb28c9b503845461d404910a6f66 err="validation failed"
t=2025-11-12T23:27:53+0000 lvl=info msg="Sequencer inserted block" block=0x468c48411f7a5d34c788209be4740e8b71d4eb28c9b503845461d404910a6f66:5 parent=0x74c497759c94423017e13059f31063e3cb1a0cd3ce61d573b421eb43fd6116f6:4
t=2025-11-12T23:27:53+0000 lvl=info msg="Inserted new L2 unsafe block" hash=0x468c48411f7a5d34c788209be4740e8b71d4eb28c9b503845461d404910a6f66 number=5 state_root=0x6ddd228754870dde9ddd22420b1db4b9b3b24a9301cc1387fb80c2db7c73a4dc timestamp=1762990074 parent=0x74c497759c94423017e13059f31063e3cb1a0cd3ce61d573b421eb43fd6116f6 prev_randao=0x0000000000000000000000000000000000000000000000000000000000000000 fee_recipient=0x4200000000000000000000000000000000000011 txs=1 build_time=479.781ms insert_time=3.708ms total_time=483.489ms mgas=0.043818 mgasps=0.09062861673962962
t=2025-11-12T23:27:53+0000 lvl=info msg="Scheduled sequencer action" delta=41.839425ms
t=2025-11-12T23:27:54+0000 lvl=info msg="Started sequencing new block" parent=0x468c48411f7a5d34c788209be4740e8b71d4eb28c9b503845461d404910a6f66:5 l1Origin=0xf4419ca199de1303fbb830a76f1151758900917181fe97f8681bcef0e3c1b8e6:0
t=2025-11-12T23:27:54+0000 lvl=info msg="Scheduled sequencer action" delta=1.942281819s
t=2025-11-12T23:27:54+0000 lvl=info msg="Received first L1 head signal" l1_head=0xf4419ca199de1303fbb830a76f1151758900917181fe97f8681bcef0e3c1b8e6:0
t=2025-11-12T23:27:55+0000 lvl=info msg="Sequencer sealed block" payloadID=0x03f4dfa081f19baa block=0xe0f57f0c334e53b158ab2fa2c8c7308482b5a5dfb5b112c23dbb415d5d23ba1e:6 parent=0x468c48411f7a5d34c788209be4740e8b71d4eb28c9b503845461d404910a6f66:5 txs=1 time=1762990076
t=2025-11-12T23:27:55+0000 lvl=info msg="Publishing signed execution payload on p2p" id=0xe0f57f0c334e53b158ab2fa2c8c7308482b5a5dfb5b112c23dbb415d5d23ba1e:6
t=2025-11-12T23:27:55+0000 lvl=warn msg="invalid block signature" topic=blocksV3 err="unrecognized signer" peer=16Uiu2HAkxoSKDNQeCTLoRhwrFLQzy933SSi67Yrezxy2PsV9DwAm
t=2025-11-12T23:27:55+0000 lvl=warn msg="failed to publish newly created block" id=0xe0f57f0c334e53b158ab2fa2c8c7308482b5a5dfb5b112c23dbb415d5d23ba1e:6 hash=0xe0f57f0c334e53b158ab2fa2c8c7308482b5a5dfb5b112c23dbb415d5d23ba1e err="validation failed"
t=2025-11-12T23:27:55+0000 lvl=info msg="Sequencer inserted block" block=0xe0f57f0c334e53b158ab2fa2c8c7308482b5a5dfb5b112c23dbb415d5d23ba1e:6 parent=0x468c48411f7a5d34c788209be4740e8b71d4eb28c9b503845461d404910a6f66:5
t=2025-11-12T23:27:55+0000 lvl=info msg="Inserted new L2 unsafe block" hash=0xe0f57f0c334e53b158ab2fa2c8c7308482b5a5dfb5b112c23dbb415d5d23ba1e number=6 state_root=0x301deb12c4e8099b08332330c1e78315039bd4540e7936fee2788cdc5566f890 timestamp=1762990076 parent=0x468c48411f7a5d34c788209be4740e8b71d4eb28c9b503845461d404910a6f66 prev_randao=0x0000000000000000000000000000000000000000000000000000000000000000 fee_recipient=0x4200000000000000000000000000000000000011 txs=1 build_time=1.950s insert_time=20.024ms total_time=1.970s mgas=0.043818 mgasps=0.02223453502688537
t=2025-11-12T23:27:55+0000 lvl=info msg="Scheduled sequencer action" delta=15.606701ms
t=2025-11-12T23:27:56+0000 lvl=info msg="Started sequencing new block" parent=0xe0f57f0c334e53b158ab2fa2c8c7308482b5a5dfb5b112c23dbb415d5d23ba1e:6 l1Origin=0xf4419ca199de1303fbb830a76f1151758900917181fe97f8681bcef0e3c1b8e6:0
t=2025-11-12T23:27:56+0000 lvl=info msg="Scheduled sequencer action" delta=1.937383263s
t=2025-11-12T23:27:57+0000 lvl=info msg="Sequencer sealed block" payloadID=0x03bf6eaaee66c043 block=0x789ca5ff499dd5b2319e41332efa74f28ab493af6ca74dd846349a693c9e314a:7 parent=0xe0f57f0c334e53b158ab2fa2c8c7308482b5a5dfb5b112c23dbb415d5d23ba1e:6 txs=1 time=1762990078
t=2025-11-12T23:27:57+0000 lvl=info msg="Publishing signed execution payload on p2p" id=0x789ca5ff499dd5b2319e41332efa74f28ab493af6ca74dd846349a693c9e314a:7
t=2025-11-12T23:27:57+0000 lvl=warn msg="invalid block signature" topic=blocksV3 err="unrecognized signer" peer=16Uiu2HAkxoSKDNQeCTLoRhwrFLQzy933SSi67Yrezxy2PsV9DwAm
t=2025-11-12T23:27:57+0000 lvl=warn msg="failed to publish newly created block" id=0x789ca5ff499dd5b2319e41332efa74f28ab493af6ca74dd846349a693c9e314a:7 hash=0x789ca5ff499dd5b2319e41332efa74f28ab493af6ca74dd846349a693c9e314a err="validation failed"
t=2025-11-12T23:27:57+0000 lvl=info msg="Sequencer inserted block" block=0x789ca5ff499dd5b2319e41332efa74f28ab493af6ca74dd846349a693c9e314a:7 parent=0xe0f57f0c334e53b158ab2fa2c8c7308482b5a5dfb5b112c23dbb415d5d23ba1e:6
t=2025-11-12T23:27:57+0000 lvl=info msg="Inserted new L2 unsafe block" hash=0x789ca5ff499dd5b2319e41332efa74f28ab493af6ca74dd846349a693c9e314a number=7 state_root=0x9269a231ff09b09d773f6774f0785dbd47d6e10b9da5d9e4823d266ebbce8035 timestamp=1762990078 parent=0xe0f57f0c334e53b158ab2fa2c8c7308482b5a5dfb5b112c23dbb415d5d23ba1e prev_randao=0x0000000000000000000000000000000000000000000000000000000000000000 fee_recipient=0x4200000000000000000000000000000000000011 txs=1 build_time=1.947s insert_time=4.654ms total_time=1.952s mgas=0.043818 mgasps=0.02244759903776265
t=2025-11-12T23:27:57+0000 lvl=info msg="Scheduled sequencer action" delta=41.640497ms
t=2025-11-12T23:27:58+0000 lvl=info msg="Started sequencing new block" parent=0x789ca5ff499dd5b2319e41332efa74f28ab493af6ca74dd846349a693c9e314a:7 l1Origin=0xf4419ca199de1303fbb830a76f1151758900917181fe97f8681bcef0e3c1b8e6:0
t=2025-11-12T23:27:58+0000 lvl=info msg="Scheduled sequencer action" delta=1.941525116s
t=2025-11-12T23:27:59+0000 lvl=info msg="Sequencer sealed block" payloadID=0x0386f6cca0022057 block=0xd4f596d5efaedbbd817c4c56ae42ab968916467c2ed1c50d0f808a6a221e0e52:8 parent=0x789ca5ff499dd5b2319e41332efa74f28ab493af6ca74dd846349a693c9e314a:7 txs=1 time=1762990080
t=2025-11-12T23:27:59+0000 lvl=info msg="Publishing signed execution payload on p2p" id=0xd4f596d5efaedbbd817c4c56ae42ab968916467c2ed1c50d0f808a6a221e0e52:8
t=2025-11-12T23:27:59+0000 lvl=warn msg="invalid block signature" topic=blocksV3 err="unrecognized signer" peer=16Uiu2HAkxoSKDNQeCTLoRhwrFLQzy933SSi67Yrezxy2PsV9DwAm
t=2025-11-12T23:27:59+0000 lvl=warn msg="failed to publish newly created block" id=0xd4f596d5efaedbbd817c4c56ae42ab968916467c2ed1c50d0f808a6a221e0e52:8 hash=0xd4f596d5efaedbbd817c4c56ae42ab968916467c2ed1c50d0f808a6a221e0e52 err="validation failed"
t=2025-11-12T23:27:59+0000 lvl=info msg="Sequencer inserted block" block=0xd4f596d5efaedbbd817c4c56ae42ab968916467c2ed1c50d0f808a6a221e0e52:8 parent=0x789ca5ff499dd5b2319e41332efa74f28ab493af6ca74dd846349a693c9e314a:7
t=2025-11-12T23:27:59+0000 lvl=info msg="Inserted new L2 unsafe block" hash=0xd4f596d5efaedbbd817c4c56ae42ab968916467c2ed1c50d0f808a6a221e0e52 number=8 state_root=0x8c9a89507e68d57e79117af55802fd34d9429256d6a54b2775b75826461c7380 timestamp=1762990080 parent=0x789ca5ff499dd5b2319e41332efa74f28ab493af6ca74dd846349a693c9e314a prev_randao=0x0000000000000000000000000000000000000000000000000000000000000000 fee_recipient=0x4200000000000000000000000000000000000011 txs=1 build_time=1.950s insert_time=4.398ms total_time=1.955s mgas=0.043818 mgasps=0.022411312008517655
t=2025-11-12T23:27:59+0000 lvl=info msg="Scheduled sequencer action" delta=40.591175ms
t=2025-11-12T23:28:00+0000 lvl=info msg="Started sequencing new block" parent=0xd4f596d5efaedbbd817c4c56ae42ab968916467c2ed1c50d0f808a6a221e0e52:8 l1Origin=0xf4419ca199de1303fbb830a76f1151758900917181fe97f8681bcef0e3c1b8e6:0
t=2025-11-12T23:28:00+0000 lvl=info msg="Scheduled sequencer action" delta=1.940339682s
t=2025-11-12T23:28:00+0000 lvl=warn msg="failed to poll L1 block" label=safe err="failed to fetch head header: not found"
t=2025-11-12T23:28:00+0000 lvl=warn msg="failed to poll L1 block" label=finalized err="failed to fetch head header: not found"
t=2025-11-12T23:28:01+0000 lvl=info msg="Sequencer sealed block" payloadID=0x0304dd7a6fa6a257 block=0x64b089955466d67b1ea5091b58998902b3426344eefd31a7bc250bc5f2e00f3b:9 parent=0xd4f596d5efaedbbd817c4c56ae42ab968916467c2ed1c50d0f808a6a221e0e52:8 txs=1 time=1762990082
t=2025-11-12T23:28:01+0000 lvl=info msg="Publishing signed execution payload on p2p" id=0x64b089955466d67b1ea5091b58998902b3426344eefd31a7bc250bc5f2e00f3b:9
t=2025-11-12T23:28:01+0000 lvl=warn msg="invalid block signature" topic=blocksV3 err="unrecognized signer" peer=16Uiu2HAkxoSKDNQeCTLoRhwrFLQzy933SSi67Yrezxy2PsV9DwAm
t=2025-11-12T23:28:01+0000 lvl=warn msg="failed to publish newly created block" id=0x64b089955466d67b1ea5091b58998902b3426344eefd31a7bc250bc5f2e00f3b:9 hash=0x64b089955466d67b1ea5091b58998902b3426344eefd31a7bc250bc5f2e00f3b err="validation failed"
t=2025-11-12T23:28:01+0000 lvl=info msg="Sequencer inserted block" block=0x64b089955466d67b1ea5091b58998902b3426344eefd31a7bc250bc5f2e00f3b:9 parent=0xd4f596d5efaedbbd817c4c56ae42ab968916467c2ed1c50d0f808a6a221e0e52:8
t=2025-11-12T23:28:01+0000 lvl=info msg="Inserted new L2 unsafe block" hash=0x64b089955466d67b1ea5091b58998902b3426344eefd31a7bc250bc5f2e00f3b number=9 state_root=0x7577355f7194a646e454ea54cd068339788539ca471003385e3f88535e9a00d1 timestamp=1762990082 parent=0xd4f596d5efaedbbd817c4c56ae42ab968916467c2ed1c50d0f808a6a221e0e52 prev_randao=0x0000000000000000000000000000000000000000000000000000000000000000 fee_recipient=0x4200000000000000000000000000000000000011 txs=1 build_time=1.949s insert_time=3.956ms total_time=1.953s mgas=0.043818 mgasps=0.022432373003315367
t=2025-11-12T23:28:01+0000 lvl=info msg="Scheduled sequencer action" delta=43.431099ms
t=2025-11-12T23:28:02+0000 lvl=info msg="Started sequencing new block" parent=0x64b089955466d67b1ea5091b58998902b3426344eefd31a7bc250bc5f2e00f3b:9 l1Origin=0xf4419ca199de1303fbb830a76f1151758900917181fe97f8681bcef0e3c1b8e6:0
t=2025-11-12T23:28:02+0000 lvl=info msg="Scheduled sequencer action" delta=1.940170955s
t=2025-11-12T23:28:03+0000 lvl=info msg="Sequencer sealed block" payloadID=0x03e05963da9c3456 block=0x8c1be6d3b85d2aa58c65a27098ca6ca0561d51e37d6f9e69b205f3352c28ca14:10 parent=0x64b089955466d67b1ea5091b58998902b3426344eefd31a7bc250bc5f2e00f3b:9 txs=1 time=1762990084
t=2025-11-12T23:28:03+0000 lvl=info msg="Publishing signed execution payload on p2p" id=0x8c1be6d3b85d2aa58c65a27098ca6ca0561d51e37d6f9e69b205f3352c28ca14:10
t=2025-11-12T23:28:03+0000 lvl=warn msg="invalid block signature" topic=blocksV3 err="unrecognized signer" peer=16Uiu2HAkxoSKDNQeCTLoRhwrFLQzy933SSi67Yrezxy2PsV9DwAm
t=2025-11-12T23:28:03+0000 lvl=warn msg="failed to publish newly created block" id=0x8c1be6d3b85d2aa58c65a27098ca6ca0561d51e37d6f9e69b205f3352c28ca14:10 hash=0x8c1be6d3b85d2aa58c65a27098ca6ca0561d51e37d6f9e69b205f3352c28ca14 err="validation failed"
t=2025-11-12T23:28:03+0000 lvl=info msg="Sequencer inserted block" block=0x8c1be6d3b85d2aa58c65a27098ca6ca0561d51e37d6f9e69b205f3352c28ca14:10 parent=0x64b089955466d67b1ea5091b58998902b3426344eefd31a7bc250bc5f2e00f3b:9
t=2025-11-12T23:28:03+0000 lvl=info msg="Inserted new L2 unsafe block" hash=0x8c1be6d3b85d2aa58c65a27098ca6ca0561d51e37d6f9e69b205f3352c28ca14 number=10 state_root=0x0b956bee532488ade6dc681fbf80637490bfcca5737f8a6fa4961ca51f408a84 timestamp=1762990084 parent=0x64b089955466d67b1ea5091b58998902b3426344eefd31a7bc250bc5f2e00f3b prev_randao=0x0000000000000000000000000000000000000000000000000000000000000000 fee_recipient=0x4200000000000000000000000000000000000011 txs=1 build_time=1.949s insert_time=3.648ms total_time=1.953s mgas=0.043818 mgasps=0.02243290745274081
t=2025-11-12T23:28:03+0000 lvl=info msg="Scheduled sequencer action" delta=43.070287ms
t=2025-11-12T23:28:04+0000 lvl=info msg="Started sequencing new block" parent=0x8c1be6d3b85d2aa58c65a27098ca6ca0561d51e37d6f9e69b205f3352c28ca14:10 l1Origin=0xf4419ca199de1303fbb830a76f1151758900917181fe97f8681bcef0e3c1b8e6:0
t=2025-11-12T23:28:04+0000 lvl=info msg="Scheduled sequencer action" delta=1.942044823s
t=2025-11-12T23:28:05+0000 lvl=info msg="Sequencer sealed block" payloadID=0x031636fdd544d3fd block=0x9d89185ddaa810ccc80716461503adc29eec2b26e8c5ad21b9a9986db29f65c4:11 parent=0x8c1be6d3b85d2aa58c65a27098ca6ca0561d51e37d6f9e69b205f3352c28ca14:10 txs=1 time=1762990086
t=2025-11-12T23:28:05+0000 lvl=info msg="Publishing signed execution payload on p2p" id=0x9d89185ddaa810ccc80716461503adc29eec2b26e8c5ad21b9a9986db29f65c4:11
t=2025-11-12T23:28:05+0000 lvl=warn msg="invalid block signature" topic=blocksV3 err="unrecognized signer" peer=16Uiu2HAkxoSKDNQeCTLoRhwrFLQzy933SSi67Yrezxy2PsV9DwAm
t=2025-11-12T23:28:05+0000 lvl=warn msg="failed to publish newly created block" id=0x9d89185ddaa810ccc80716461503adc29eec2b26e8c5ad21b9a9986db29f65c4:11 hash=0x9d89185ddaa810ccc80716461503adc29eec2b26e8c5ad21b9a9986db29f65c4 err="validation failed"
t=2025-11-12T23:28:05+0000 lvl=info msg="Sequencer inserted block" block=0x9d89185ddaa810ccc80716461503adc29eec2b26e8c5ad21b9a9986db29f65c4:11 parent=0x8c1be6d3b85d2aa58c65a27098ca6ca0561d51e37d6f9e69b205f3352c28ca14:10
t=2025-11-12T23:28:05+0000 lvl=info msg="Inserted new L2 unsafe block" hash=0x9d89185ddaa810ccc80716461503adc29eec2b26e8c5ad21b9a9986db29f65c4 number=11 state_root=0x143859e070b56f2c7e0cefcb0fa5b8ae9875e63320322011c015a01bef4c6268 timestamp=1762990086 parent=0x8c1be6d3b85d2aa58c65a27098ca6ca0561d51e37d6f9e69b205f3352c28ca14 prev_randao=0x0000000000000000000000000000000000000000000000000000000000000000 fee_recipient=0x4200000000000000000000000000000000000011 txs=1 build_time=1.951s insert_time=7.190ms total_time=1.958s mgas=0.043818 mgasps=0.022371047635823826
t=2025-11-12T23:28:05+0000 lvl=info msg="Scheduled sequencer action" delta=38.454819ms
t=2025-11-12T23:28:06+0000 lvl=info msg="Started sequencing new block" parent=0x9d89185ddaa810ccc80716461503adc29eec2b26e8c5ad21b9a9986db29f65c4:11 l1Origin=0xf4419ca199de1303fbb830a76f1151758900917181fe97f8681bcef0e3c1b8e6:0
t=2025-11-12T23:28:06+0000 lvl=info msg="Scheduled sequencer action" delta=1.940564744s
t=2025-11-12T23:28:06+0000 lvl=info msg="Advancing bq origin" origin=0x22b2fce97e698a001d4e629ca3ad631f9918c1d422dd0b78f11fb1dca8d72440:1 originBehind=false
t=2025-11-12T23:28:07+0000 lvl=info msg="Sequencer sealed block" payloadID=0x0335176ccbe09626 block=0x244446386c71392fed9fe52fcea447a42ef73dfb81ec5f1756e3816c493b6dab:12 parent=0x9d89185ddaa810ccc80716461503adc29eec2b26e8c5ad21b9a9986db29f65c4:11 txs=1 time=1762990088
t=2025-11-12T23:28:07+0000 lvl=info msg="Publishing signed execution payload on p2p" id=0x244446386c71392fed9fe52fcea447a42ef73dfb81ec5f1756e3816c493b6dab:12
t=2025-11-12T23:28:07+0000 lvl=warn msg="invalid block signature" topic=blocksV3 err="unrecognized signer" peer=16Uiu2HAkxoSKDNQeCTLoRhwrFLQzy933SSi67Yrezxy2PsV9DwAm
t=2025-11-12T23:28:07+0000 lvl=warn msg="failed to publish newly created block" id=0x244446386c71392fed9fe52fcea447a42ef73dfb81ec5f1756e3816c493b6dab:12 hash=0x244446386c71392fed9fe52fcea447a42ef73dfb81ec5f1756e3816c493b6dab err="validation failed"
t=2025-11-12T23:28:07+0000 lvl=info msg="Sequencer inserted block" block=0x244446386c71392fed9fe52fcea447a42ef73dfb81ec5f1756e3816c493b6dab:12 parent=0x9d89185ddaa810ccc80716461503adc29eec2b26e8c5ad21b9a9986db29f65c4:11
t=2025-11-12T23:28:07+0000 lvl=info msg="Inserted new L2 unsafe block" hash=0x244446386c71392fed9fe52fcea447a42ef73dfb81ec5f1756e3816c493b6dab number=12 state_root=0x4846d18fedff6df4492a45c3a957fef2fcdafc105fc0663f49e929344fc7425b timestamp=1762990088 parent=0x9d89185ddaa810ccc80716461503adc29eec2b26e8c5ad21b9a9986db29f65c4 prev_randao=0x0000000000000000000000000000000000000000000000000000000000000000 fee_recipient=0x4200000000000000000000000000000000000011 txs=1 build_time=1.949s insert_time=5.551ms total_time=1.954s mgas=0.043818 mgasps=0.022413332170589936
t=2025-11-12T23:28:07+0000 lvl=info msg="Scheduled sequencer action" delta=42.542293ms
t=2025-11-12T23:28:08+0000 lvl=info msg="Started sequencing new block" parent=0x244446386c71392fed9fe52fcea447a42ef73dfb81ec5f1756e3816c493b6dab:12 l1Origin=0x22b2fce97e698a001d4e629ca3ad631f9918c1d422dd0b78f11fb1dca8d72440:1
t=2025-11-12T23:28:08+0000 lvl=info msg="Scheduled sequencer action" delta=1.941484393s
t=2025-11-12T23:28:09+0000 lvl=info msg="Sequencer sealed block" payloadID=0x0358d7a6cfdc2055 block=0x53d6e279f0086c0430058bd503d11b99db5d387bfeff8d20b737ac993ed8b34d:13 parent=0x244446386c71392fed9fe52fcea447a42ef73dfb81ec5f1756e3816c493b6dab:12 txs=1 time=1762990090
t=2025-11-12T23:28:09+0000 lvl=info msg="Publishing signed execution payload on p2p" id=0x53d6e279f0086c0430058bd503d11b99db5d387bfeff8d20b737ac993ed8b34d:13
t=2025-11-12T23:28:09+0000 lvl=warn msg="invalid block signature" topic=blocksV3 err="unrecognized signer" peer=16Uiu2HAkxoSKDNQeCTLoRhwrFLQzy933SSi67Yrezxy2PsV9DwAm
t=2025-11-12T23:28:09+0000 lvl=warn msg="failed to publish newly created block" id=0x53d6e279f0086c0430058bd503d11b99db5d387bfeff8d20b737ac993ed8b34d:13 hash=0x53d6e279f0086c0430058bd503d11b99db5d387bfeff8d20b737ac993ed8b34d err="validation failed"
t=2025-11-12T23:28:09+0000 lvl=info msg="Sequencer inserted block" block=0x53d6e279f0086c0430058bd503d11b99db5d387bfeff8d20b737ac993ed8b34d:13 parent=0x244446386c71392fed9fe52fcea447a42ef73dfb81ec5f1756e3816c493b6dab:12
t=2025-11-12T23:28:09+0000 lvl=info msg="Inserted new L2 unsafe block" hash=0x53d6e279f0086c0430058bd503d11b99db5d387bfeff8d20b737ac993ed8b34d number=13 state_root=0x946f609d8367955733867671479057b5fbe29f23b7ef0ce8223aa4bef6386f30 timestamp=1762990090 parent=0x244446386c71392fed9fe52fcea447a42ef73dfb81ec5f1756e3816c493b6dab prev_randao=0xf4419ca199de1303fbb830a76f1151758900917181fe97f8681bcef0e3c1b8e6 fee_recipient=0x4200000000000000000000000000000000000011 txs=1 build_time=1.948s insert_time=3.642ms total_time=1.951s mgas=0.05223 mgasps=0.02676059486881041
t=2025-11-12T23:28:09+0000 lvl=info msg="Scheduled sequencer action" delta=43.350357ms
t=2025-11-12T23:28:10+0000 lvl=info msg="Started sequencing new block" parent=0x53d6e279f0086c0430058bd503d11b99db5d387bfeff8d20b737ac993ed8b34d:13 l1Origin=0x22b2fce97e698a001d4e629ca3ad631f9918c1d422dd0b78f11fb1dca8d72440:1
t=2025-11-12T23:28:10+0000 lvl=info msg="Scheduled sequencer action" delta=1.939798986s
t=2025-11-12T23:28:11+0000 lvl=info msg="Sequencer sealed block" payloadID=0x0360cbd8d3c0e1a4 block=0x28efe5cccaedcdaaec021cc2c7dd2c9db63c799a593c265715454b4d30047600:14 parent=0x53d6e279f0086c0430058bd503d11b99db5d387bfeff8d20b737ac993ed8b34d:13 txs=1 time=1762990092
t=2025-11-12T23:28:11+0000 lvl=info msg="Publishing signed execution payload on p2p" id=0x28efe5cccaedcdaaec021cc2c7dd2c9db63c799a593c265715454b4d30047600:14
t=2025-11-12T23:28:11+0000 lvl=warn msg="invalid block signature" topic=blocksV3 err="unrecognized signer" peer=16Uiu2HAkxoSKDNQeCTLoRhwrFLQzy933SSi67Yrezxy2PsV9DwAm
t=2025-11-12T23:28:11+0000 lvl=warn msg="failed to publish newly created block" id=0x28efe5cccaedcdaaec021cc2c7dd2c9db63c799a593c265715454b4d30047600:14 hash=0x28efe5cccaedcdaaec021cc2c7dd2c9db63c799a593c265715454b4d30047600 err="validation failed"
t=2025-11-12T23:28:11+0000 lvl=info msg="Sequencer inserted block" block=0x28efe5cccaedcdaaec021cc2c7dd2c9db63c799a593c265715454b4d30047600:14 parent=0x53d6e279f0086c0430058bd503d11b99db5d387bfeff8d20b737ac993ed8b34d:13
t=2025-11-12T23:28:11+0000 lvl=info msg="Inserted new L2 unsafe block" hash=0x28efe5cccaedcdaaec021cc2c7dd2c9db63c799a593c265715454b4d30047600 number=14 state_root=0x23e4e49096607929a54feb959dae1ba99e9fb55d5ae8e12089f649aad2f75278 timestamp=1762990092 parent=0x53d6e279f0086c0430058bd503d11b99db5d387bfeff8d20b737ac993ed8b34d prev_randao=0xf4419ca199de1303fbb830a76f1151758900917181fe97f8681bcef0e3c1b8e6 fee_recipient=0x4200000000000000000000000000000000000011 txs=1 build_time=1.950s insert_time=5.904ms total_time=1.956s mgas=0.043842 mgasps=0.02240744216482501
t=2025-11-12T23:28:11+0000 lvl=info msg="Scheduled sequencer action" delta=39.377983ms
t=2025-11-12T23:28:12+0000 lvl=info msg="Started sequencing new block" parent=0x28efe5cccaedcdaaec021cc2c7dd2c9db63c799a593c265715454b4d30047600:14 l1Origin=0x22b2fce97e698a001d4e629ca3ad631f9918c1d422dd0b78f11fb1dca8d72440:1
t=2025-11-12T23:28:12+0000 lvl=info msg="Scheduled sequencer action" delta=1.938117926s
t=2025-11-12T23:28:12+0000 lvl=warn msg="failed to poll L1 block" label=finalized err="failed to fetch head header: not found"
t=2025-11-12T23:28:12+0000 lvl=warn msg="failed to poll L1 block" label=safe err="failed to fetch head header: not found"
t=2025-11-12T23:28:13+0000 lvl=info msg="Sequencer sealed block" payloadID=0x03d5f271c5b860b2 block=0x7673177954dcf0ab14432f28405c3b56c9f6f3993f8a04ee6b0dc5e4fb53a5db:15 parent=0x28efe5cccaedcdaaec021cc2c7dd2c9db63c799a593c265715454b4d30047600:14 txs=1 time=1762990094
t=2025-11-12T23:28:13+0000 lvl=info msg="Publishing signed execution payload on p2p" id=0x7673177954dcf0ab14432f28405c3b56c9f6f3993f8a04ee6b0dc5e4fb53a5db:15
t=2025-11-12T23:28:13+0000 lvl=warn msg="invalid block signature" topic=blocksV3 err="unrecognized signer" peer=16Uiu2HAkxoSKDNQeCTLoRhwrFLQzy933SSi67Yrezxy2PsV9DwAm
t=2025-11-12T23:28:13+0000 lvl=warn msg="failed to publish newly created block" id=0x7673177954dcf0ab14432f28405c3b56c9f6f3993f8a04ee6b0dc5e4fb53a5db:15 hash=0x7673177954dcf0ab14432f28405c3b56c9f6f3993f8a04ee6b0dc5e4fb53a5db err="validation failed"
t=2025-11-12T23:28:13+0000 lvl=info msg="Sequencer inserted block" block=0x7673177954dcf0ab14432f28405c3b56c9f6f3993f8a04ee6b0dc5e4fb53a5db:15 parent=0x28efe5cccaedcdaaec021cc2c7dd2c9db63c799a593c265715454b4d30047600:14
t=2025-11-12T23:28:13+0000 lvl=info msg="Inserted new L2 unsafe block" hash=0x7673177954dcf0ab14432f28405c3b56c9f6f3993f8a04ee6b0dc5e4fb53a5db number=15 state_root=0x7b7a6b2440023a2c4b4347d167ba5615612c9f2fd80af0e078911cd567cc7551 timestamp=1762990094 parent=0x28efe5cccaedcdaaec021cc2c7dd2c9db63c799a593c265715454b4d30047600 prev_randao=0xf4419ca199de1303fbb830a76f1151758900917181fe97f8681bcef0e3c1b8e6 fee_recipient=0x4200000000000000000000000000000000000011 txs=1 build_time=1.946s insert_time=5.145ms total_time=1.951s mgas=0.043842 mgasps=0.0224609895116539
t=2025-11-12T23:28:13+0000 lvl=info msg="Scheduled sequencer action" delta=41.696093ms
t=2025-11-12T23:28:14+0000 lvl=info msg="Started sequencing new block" parent=0x7673177954dcf0ab14432f28405c3b56c9f6f3993f8a04ee6b0dc5e4fb53a5db:15 l1Origin=0x22b2fce97e698a001d4e629ca3ad631f9918c1d422dd0b78f11fb1dca8d72440:1
t=2025-11-12T23:28:14+0000 lvl=info msg="Scheduled sequencer action" delta=1.936807372s
