2025-11-12T23:27:46.847086Z  INFO rollup_boost::debug_api: Debug server listening on addr 127.0.0.1:5555
2025-11-12T23:27:46.847134Z  INFO rollup_boost::server: method registered method="engine_newPayloadV4"
2025-11-12T23:27:46.847142Z  INFO rollup_boost::server: method registered method="engine_newPayloadV3"
2025-11-12T23:27:46.847144Z  INFO rollup_boost::server: method registered method="engine_getPayloadV3"
2025-11-12T23:27:46.847147Z  INFO rollup_boost::server: method registered method="engine_getPayloadV4"
2025-11-12T23:27:46.847150Z  INFO rollup_boost::server: method registered method="engine_forkchoiceUpdatedV3"
2025-11-12T23:27:46.847152Z  INFO rollup_boost::server: method registered method="eth_getBlockByNumber"
2025-11-12T23:27:46.847157Z  INFO rollup_boost::cli: Starting server on :8551
2025-11-12T23:27:46.989301Z  WARN rollup_boost::health: Failed to get unsafe block from builder client: client error (Connect) - updating health status
2025-11-12T23:27:51.396316Z ERROR forward{otel.kind=Client url=http://op-geth:8551/ method="eth_getBlockByNumber"}: rollup_boost::client::http: error in forwarded response code=-32000
2025-11-12T23:27:51.400168Z ERROR forward{otel.kind=Client url=http://op-geth:8551/ method="eth_getBlockByNumber"}: rollup_boost::client::http: error in forwarded response code=-32000
2025-11-12T23:27:51.403135Z  INFO proxy::call: proxying request to rollup-boost server method="engine_forkchoiceUpdatedV3"
2025-11-12T23:27:51.403243Z  INFO fork_choice_updated_v3{otel.kind=Server head_block_hash=0x861c087ac568fb98521b51358b83583aaf9585f0402d4a393e6473acbbe8059a timestamp=None}:fork_choice_updated_v3{otel.kind=Client target="l2" head_block_hash=0x861c087ac568fb98521b51358b83583aaf9585f0402d4a393e6473acbbe8059a url=http://op-geth:8551/}: rollup_boost::client::rpc: Sending fork_choice_updated_v3 to l2
2025-11-12T23:27:51.403366Z  INFO fork_choice_updated_v3{otel.kind=Client target="builder" head_block_hash=0x861c087ac568fb98521b51358b83583aaf9585f0402d4a393e6473acbbe8059a url=http://op-rbuilder:8551/}: rollup_boost::client::rpc: Sending fork_choice_updated_v3 to builder
2025-11-12T23:27:51.408852Z ERROR fork_choice_updated_v3{otel.kind=Client target="builder" head_block_hash=0x861c087ac568fb98521b51358b83583aaf9585f0402d4a393e6473acbbe8059a url=http://op-rbuilder:8551/ code=13}: rollup_boost::client::rpc: error=client error (Connect)
2025-11-12T23:27:53.406299Z  INFO proxy::call: proxying request to rollup-boost server method="engine_forkchoiceUpdatedV3"
2025-11-12T23:27:53.406406Z  INFO fork_choice_updated_v3{otel.kind=Server head_block_hash=0x861c087ac568fb98521b51358b83583aaf9585f0402d4a393e6473acbbe8059a timestamp=Some(1762990066)}:fork_choice_updated_v3{otel.kind=Client target="l2" head_block_hash=0x861c087ac568fb98521b51358b83583aaf9585f0402d4a393e6473acbbe8059a url=http://op-geth:8551/}: rollup_boost::client::rpc: Sending fork_choice_updated_v3 to l2
2025-11-12T23:27:53.406470Z  INFO fork_choice_updated_v3{otel.kind=Server head_block_hash=0x861c087ac568fb98521b51358b83583aaf9585f0402d4a393e6473acbbe8059a timestamp=Some(1762990066)}:fork_choice_updated_v3{otel.kind=Client target="builder" head_block_hash=0x861c087ac568fb98521b51358b83583aaf9585f0402d4a393e6473acbbe8059a url=http://op-rbuilder:8551/}: rollup_boost::client::rpc: Sending fork_choice_updated_v3 to builder
2025-11-12T23:27:53.410793Z ERROR fork_choice_updated_v3{otel.kind=Server head_block_hash=0x861c087ac568fb98521b51358b83583aaf9585f0402d4a393e6473acbbe8059a timestamp=Some(1762990066)}:fork_choice_updated_v3{otel.kind=Client target="builder" head_block_hash=0x861c087ac568fb98521b51358b83583aaf9585f0402d4a393e6473acbbe8059a url=http://op-rbuilder:8551/ code=13}: rollup_boost::client::rpc: error=client error (Connect)
2025-11-12T23:27:53.410855Z  INFO fork_choice_updated_v3{otel.kind=Server head_block_hash=0x861c087ac568fb98521b51358b83583aaf9585f0402d4a393e6473acbbe8059a timestamp=Some(1762990066)}: rollup_boost::server: block building started payload_id=0x037e8192e05c521c builder_building=false
2025-11-12T23:27:53.412186Z  INFO proxy::call: proxying request to rollup-boost server method="engine_getPayloadV3"
2025-11-12T23:27:53.412252Z  INFO get_payload_v3{otel.kind=Server payload_id=0x037e8192e05c521c}: rollup_boost::server: received get_payload_v3
2025-11-12T23:27:53.412275Z  INFO get_payload_v3{otel.kind=Server payload_id=0x037e8192e05c521c}:get_payload_v3{otel.kind=Client target="l2" url=http://op-geth:8551/ payload_id=0x037e8192e05c521c}: rollup_boost::client::rpc: Sending get_payload_v3 to l2
2025-11-12T23:27:53.412389Z  INFO get_payload_v3{otel.kind=Server payload_id=0x037e8192e05c521c}: rollup_boost::server: builder has no payload, skipping get_payload call to builder
2025-11-12T23:27:53.413301Z  INFO get_payload_v3{otel.kind=Server payload_id=0x037e8192e05c521c builder_has_payload=false payload_source="l2"}: rollup_boost::server: returning block hash=0xf4b93b70c3dfee00683fb98754a4b1e5d40a3084e4b49efac621ad764ed78ccf number=1 context=l2 payload_id=0x037e8192e05c521c
2025-11-12T23:27:53.414122Z  INFO proxy::call: proxying request to rollup-boost server method="engine_newPayloadV3"
2025-11-12T23:27:53.414159Z  INFO new_payload_v3{otel.kind=Server}: rollup_boost::server: received new_payload_v3
2025-11-12T23:27:53.414165Z  INFO new_payload_v3{otel.kind=Server}: rollup_boost::server: received new_payload block_hash=0xf4b93b70c3dfee00683fb98754a4b1e5d40a3084e4b49efac621ad764ed78ccf version="v3"
2025-11-12T23:27:53.414186Z  INFO new_payload_v3{otel.kind=Server}:new_payload_v3{otel.kind=Client target="l2" url=http://op-geth:8551/}: rollup_boost::client::rpc: Sending new_payload_v3 to l2
2025-11-12T23:27:53.414311Z  INFO new_payload_v3{otel.kind=Client target="builder" url=http://op-rbuilder:8551/}: rollup_boost::client::rpc: Sending new_payload_v3 to builder
2025-11-12T23:27:53.417858Z  INFO proxy::call: proxying request to rollup-boost server method="engine_forkchoiceUpdatedV3"
2025-11-12T23:27:53.417990Z  INFO fork_choice_updated_v3{otel.kind=Server head_block_hash=0xf4b93b70c3dfee00683fb98754a4b1e5d40a3084e4b49efac621ad764ed78ccf timestamp=None}:fork_choice_updated_v3{otel.kind=Client target="l2" head_block_hash=0xf4b93b70c3dfee00683fb98754a4b1e5d40a3084e4b49efac621ad764ed78ccf url=http://op-geth:8551/}: rollup_boost::client::rpc: Sending fork_choice_updated_v3 to l2
2025-11-12T23:27:53.418064Z ERROR new_payload_v3{otel.kind=Client target="builder" url=http://op-rbuilder:8551/ block_hash="0xf4b93b70c3dfee00683fb98754a4b1e5d40a3084e4b49efac621ad764ed78ccf" code=13}: rollup_boost::client::rpc: error=client error (Connect)
2025-11-12T23:27:53.418086Z  INFO fork_choice_updated_v3{otel.kind=Client target="builder" head_block_hash=0xf4b93b70c3dfee00683fb98754a4b1e5d40a3084e4b49efac621ad764ed78ccf url=http://op-rbuilder:8551/}: rollup_boost::client::rpc: Sending fork_choice_updated_v3 to builder
2025-11-12T23:27:53.421976Z ERROR fork_choice_updated_v3{otel.kind=Client target="builder" head_block_hash=0xf4b93b70c3dfee00683fb98754a4b1e5d40a3084e4b49efac621ad764ed78ccf url=http://op-rbuilder:8551/ code=13}: rollup_boost::client::rpc: error=client error (Connect)
2025-11-12T23:27:53.422266Z  INFO proxy::call: proxying request to rollup-boost server method="engine_forkchoiceUpdatedV3"
2025-11-12T23:27:53.422354Z  INFO fork_choice_updated_v3{otel.kind=Server head_block_hash=0xf4b93b70c3dfee00683fb98754a4b1e5d40a3084e4b49efac621ad764ed78ccf timestamp=Some(1762990068)}:fork_choice_updated_v3{otel.kind=Client target="l2" head_block_hash=0xf4b93b70c3dfee00683fb98754a4b1e5d40a3084e4b49efac621ad764ed78ccf url=http://op-geth:8551/}: rollup_boost::client::rpc: Sending fork_choice_updated_v3 to l2
2025-11-12T23:27:53.422405Z  INFO fork_choice_updated_v3{otel.kind=Server head_block_hash=0xf4b93b70c3dfee00683fb98754a4b1e5d40a3084e4b49efac621ad764ed78ccf timestamp=Some(1762990068)}:fork_choice_updated_v3{otel.kind=Client target="builder" head_block_hash=0xf4b93b70c3dfee00683fb98754a4b1e5d40a3084e4b49efac621ad764ed78ccf url=http://op-rbuilder:8551/}: rollup_boost::client::rpc: Sending fork_choice_updated_v3 to builder
2025-11-12T23:27:53.427314Z ERROR fork_choice_updated_v3{otel.kind=Server head_block_hash=0xf4b93b70c3dfee00683fb98754a4b1e5d40a3084e4b49efac621ad764ed78ccf timestamp=Some(1762990068)}:fork_choice_updated_v3{otel.kind=Client target="builder" head_block_hash=0xf4b93b70c3dfee00683fb98754a4b1e5d40a3084e4b49efac621ad764ed78ccf url=http://op-rbuilder:8551/ code=13}: rollup_boost::client::rpc: error=client error (Connect)
2025-11-12T23:27:53.427360Z  INFO fork_choice_updated_v3{otel.kind=Server head_block_hash=0xf4b93b70c3dfee00683fb98754a4b1e5d40a3084e4b49efac621ad764ed78ccf timestamp=Some(1762990068)}: rollup_boost::server: block building started payload_id=0x03884b14676a5202 builder_building=false
2025-11-12T23:27:53.428719Z  INFO proxy::call: proxying request to rollup-boost server method="engine_getPayloadV3"
2025-11-12T23:27:53.428834Z  INFO get_payload_v3{otel.kind=Server payload_id=0x03884b14676a5202}: rollup_boost::server: received get_payload_v3
2025-11-12T23:27:53.428861Z  INFO get_payload_v3{otel.kind=Server payload_id=0x03884b14676a5202}:get_payload_v3{otel.kind=Client target="l2" url=http://op-geth:8551/ payload_id=0x03884b14676a5202}: rollup_boost::client::rpc: Sending get_payload_v3 to l2
2025-11-12T23:27:53.428973Z  INFO get_payload_v3{otel.kind=Server payload_id=0x03884b14676a5202}: rollup_boost::server: builder has no payload, skipping get_payload call to builder
2025-11-12T23:27:53.430146Z  INFO get_payload_v3{otel.kind=Server payload_id=0x03884b14676a5202 builder_has_payload=false payload_source="l2"}: rollup_boost::server: returning block hash=0x36a8736169f993125c46ca697451d551ac482fa412235fb8d1f141db0124c67c number=2 context=l2 payload_id=0x03884b14676a5202
2025-11-12T23:27:53.431896Z  INFO proxy::call: proxying request to rollup-boost server method="engine_newPayloadV3"
2025-11-12T23:27:53.432011Z  INFO new_payload_v3{otel.kind=Server}: rollup_boost::server: received new_payload_v3
2025-11-12T23:27:53.432020Z  INFO new_payload_v3{otel.kind=Server}: rollup_boost::server: received new_payload block_hash=0x36a8736169f993125c46ca697451d551ac482fa412235fb8d1f141db0124c67c version="v3"
2025-11-12T23:27:53.432058Z  INFO new_payload_v3{otel.kind=Server}:new_payload_v3{otel.kind=Client target="l2" url=http://op-geth:8551/}: rollup_boost::client::rpc: Sending new_payload_v3 to l2
2025-11-12T23:27:53.432295Z  INFO new_payload_v3{otel.kind=Client target="builder" url=http://op-rbuilder:8551/}: rollup_boost::client::rpc: Sending new_payload_v3 to builder
2025-11-12T23:27:53.434884Z  INFO proxy::call: proxying request to rollup-boost server method="engine_forkchoiceUpdatedV3"
2025-11-12T23:27:53.434955Z  INFO fork_choice_updated_v3{otel.kind=Server head_block_hash=0x36a8736169f993125c46ca697451d551ac482fa412235fb8d1f141db0124c67c timestamp=None}:fork_choice_updated_v3{otel.kind=Client target="l2" head_block_hash=0x36a8736169f993125c46ca697451d551ac482fa412235fb8d1f141db0124c67c url=http://op-geth:8551/}: rollup_boost::client::rpc: Sending fork_choice_updated_v3 to l2
2025-11-12T23:27:53.435153Z  INFO fork_choice_updated_v3{otel.kind=Client target="builder" head_block_hash=0x36a8736169f993125c46ca697451d551ac482fa412235fb8d1f141db0124c67c url=http://op-rbuilder:8551/}: rollup_boost::client::rpc: Sending fork_choice_updated_v3 to builder
2025-11-12T23:27:53.436718Z ERROR new_payload_v3{otel.kind=Client target="builder" url=http://op-rbuilder:8551/ block_hash="0x36a8736169f993125c46ca697451d551ac482fa412235fb8d1f141db0124c67c" code=13}: rollup_boost::client::rpc: error=client error (Connect)
2025-11-12T23:27:53.439214Z  INFO proxy::call: proxying request to rollup-boost server method="engine_forkchoiceUpdatedV3"
2025-11-12T23:27:53.439297Z  INFO fork_choice_updated_v3{otel.kind=Server head_block_hash=0x36a8736169f993125c46ca697451d551ac482fa412235fb8d1f141db0124c67c timestamp=Some(1762990070)}:fork_choice_updated_v3{otel.kind=Client target="l2" head_block_hash=0x36a8736169f993125c46ca697451d551ac482fa412235fb8d1f141db0124c67c url=http://op-geth:8551/}: rollup_boost::client::rpc: Sending fork_choice_updated_v3 to l2
2025-11-12T23:27:53.439353Z  INFO fork_choice_updated_v3{otel.kind=Server head_block_hash=0x36a8736169f993125c46ca697451d551ac482fa412235fb8d1f141db0124c67c timestamp=Some(1762990070)}:fork_choice_updated_v3{otel.kind=Client target="builder" head_block_hash=0x36a8736169f993125c46ca697451d551ac482fa412235fb8d1f141db0124c67c url=http://op-rbuilder:8551/}: rollup_boost::client::rpc: Sending fork_choice_updated_v3 to builder
2025-11-12T23:27:53.442712Z ERROR fork_choice_updated_v3{otel.kind=Client target="builder" head_block_hash=0x36a8736169f993125c46ca697451d551ac482fa412235fb8d1f141db0124c67c url=http://op-rbuilder:8551/ code=13}: rollup_boost::client::rpc: error=client error (Connect)
2025-11-12T23:27:53.443964Z ERROR fork_choice_updated_v3{otel.kind=Server head_block_hash=0x36a8736169f993125c46ca697451d551ac482fa412235fb8d1f141db0124c67c timestamp=Some(1762990070)}:fork_choice_updated_v3{otel.kind=Client target="builder" head_block_hash=0x36a8736169f993125c46ca697451d551ac482fa412235fb8d1f141db0124c67c url=http://op-rbuilder:8551/ code=13}: rollup_boost::client::rpc: error=client error (Connect)
2025-11-12T23:27:53.444012Z  INFO fork_choice_updated_v3{otel.kind=Server head_block_hash=0x36a8736169f993125c46ca697451d551ac482fa412235fb8d1f141db0124c67c timestamp=Some(1762990070)}: rollup_boost::server: block building started payload_id=0x03e519718de24e48 builder_building=false
2025-11-12T23:27:53.445135Z  INFO proxy::call: proxying request to rollup-boost server method="engine_getPayloadV3"
2025-11-12T23:27:53.445194Z  INFO get_payload_v3{otel.kind=Server payload_id=0x03e519718de24e48}: rollup_boost::server: received get_payload_v3
2025-11-12T23:27:53.445205Z  INFO get_payload_v3{otel.kind=Server payload_id=0x03e519718de24e48}:get_payload_v3{otel.kind=Client target="l2" url=http://op-geth:8551/ payload_id=0x03e519718de24e48}: rollup_boost::client::rpc: Sending get_payload_v3 to l2
2025-11-12T23:27:53.445246Z  INFO get_payload_v3{otel.kind=Server payload_id=0x03e519718de24e48}: rollup_boost::server: builder has no payload, skipping get_payload call to builder
2025-11-12T23:27:53.446015Z  INFO get_payload_v3{otel.kind=Server payload_id=0x03e519718de24e48 builder_has_payload=false payload_source="l2"}: rollup_boost::server: returning block hash=0x706cf54e64fab4fed58512821d4121bcdb514929e456119b1e759eadb77ffd74 number=3 context=l2 payload_id=0x03e519718de24e48
2025-11-12T23:27:53.446839Z  INFO proxy::call: proxying request to rollup-boost server method="engine_newPayloadV3"
2025-11-12T23:27:53.446920Z  INFO new_payload_v3{otel.kind=Server}: rollup_boost::server: received new_payload_v3
2025-11-12T23:27:53.446928Z  INFO new_payload_v3{otel.kind=Server}: rollup_boost::server: received new_payload block_hash=0x706cf54e64fab4fed58512821d4121bcdb514929e456119b1e759eadb77ffd74 version="v3"
2025-11-12T23:27:53.446957Z  INFO new_payload_v3{otel.kind=Server}:new_payload_v3{otel.kind=Client target="l2" url=http://op-geth:8551/}: rollup_boost::client::rpc: Sending new_payload_v3 to l2
2025-11-12T23:27:53.447115Z  INFO new_payload_v3{otel.kind=Client target="builder" url=http://op-rbuilder:8551/}: rollup_boost::client::rpc: Sending new_payload_v3 to builder
2025-11-12T23:27:53.449423Z  INFO proxy::call: proxying request to rollup-boost server method="engine_forkchoiceUpdatedV3"
2025-11-12T23:27:53.449513Z  INFO fork_choice_updated_v3{otel.kind=Server head_block_hash=0x706cf54e64fab4fed58512821d4121bcdb514929e456119b1e759eadb77ffd74 timestamp=None}:fork_choice_updated_v3{otel.kind=Client target="l2" head_block_hash=0x706cf54e64fab4fed58512821d4121bcdb514929e456119b1e759eadb77ffd74 url=http://op-geth:8551/}: rollup_boost::client::rpc: Sending fork_choice_updated_v3 to l2
2025-11-12T23:27:53.449643Z  INFO fork_choice_updated_v3{otel.kind=Client target="builder" head_block_hash=0x706cf54e64fab4fed58512821d4121bcdb514929e456119b1e759eadb77ffd74 url=http://op-rbuilder:8551/}: rollup_boost::client::rpc: Sending fork_choice_updated_v3 to builder
2025-11-12T23:27:53.452124Z ERROR new_payload_v3{otel.kind=Client target="builder" url=http://op-rbuilder:8551/ block_hash="0x706cf54e64fab4fed58512821d4121bcdb514929e456119b1e759eadb77ffd74" code=13}: rollup_boost::client::rpc: error=client error (Connect)
2025-11-12T23:27:53.454500Z ERROR fork_choice_updated_v3{otel.kind=Client target="builder" head_block_hash=0x706cf54e64fab4fed58512821d4121bcdb514929e456119b1e759eadb77ffd74 url=http://op-rbuilder:8551/ code=13}: rollup_boost::client::rpc: error=client error (Connect)
2025-11-12T23:27:53.455055Z  INFO proxy::call: proxying request to rollup-boost server method="engine_forkchoiceUpdatedV3"
2025-11-12T23:27:53.455114Z  INFO fork_choice_updated_v3{otel.kind=Server head_block_hash=0x706cf54e64fab4fed58512821d4121bcdb514929e456119b1e759eadb77ffd74 timestamp=Some(1762990072)}:fork_choice_updated_v3{otel.kind=Client target="l2" head_block_hash=0x706cf54e64fab4fed58512821d4121bcdb514929e456119b1e759eadb77ffd74 url=http://op-geth:8551/}: rollup_boost::client::rpc: Sending fork_choice_updated_v3 to l2
2025-11-12T23:27:53.455164Z  INFO fork_choice_updated_v3{otel.kind=Server head_block_hash=0x706cf54e64fab4fed58512821d4121bcdb514929e456119b1e759eadb77ffd74 timestamp=Some(1762990072)}:fork_choice_updated_v3{otel.kind=Client target="builder" head_block_hash=0x706cf54e64fab4fed58512821d4121bcdb514929e456119b1e759eadb77ffd74 url=http://op-rbuilder:8551/}: rollup_boost::client::rpc: Sending fork_choice_updated_v3 to builder
2025-11-12T23:27:53.460205Z ERROR fork_choice_updated_v3{otel.kind=Server head_block_hash=0x706cf54e64fab4fed58512821d4121bcdb514929e456119b1e759eadb77ffd74 timestamp=Some(1762990072)}:fork_choice_updated_v3{otel.kind=Client target="builder" head_block_hash=0x706cf54e64fab4fed58512821d4121bcdb514929e456119b1e759eadb77ffd74 url=http://op-rbuilder:8551/ code=13}: rollup_boost::client::rpc: error=client error (Connect)
2025-11-12T23:27:53.460251Z  INFO fork_choice_updated_v3{otel.kind=Server head_block_hash=0x706cf54e64fab4fed58512821d4121bcdb514929e456119b1e759eadb77ffd74 timestamp=Some(1762990072)}: rollup_boost::server: block building started payload_id=0x03585951cfb02033 builder_building=false
2025-11-12T23:27:53.461700Z  INFO proxy::call: proxying request to rollup-boost server method="engine_getPayloadV3"
2025-11-12T23:27:53.461770Z  INFO get_payload_v3{otel.kind=Server payload_id=0x03585951cfb02033}: rollup_boost::server: received get_payload_v3
2025-11-12T23:27:53.461793Z  INFO get_payload_v3{otel.kind=Server payload_id=0x03585951cfb02033}:get_payload_v3{otel.kind=Client target="l2" url=http://op-geth:8551/ payload_id=0x03585951cfb02033}: rollup_boost::client::rpc: Sending get_payload_v3 to l2
2025-11-12T23:27:53.461844Z  INFO get_payload_v3{otel.kind=Server payload_id=0x03585951cfb02033}: rollup_boost::server: builder has no payload, skipping get_payload call to builder
2025-11-12T23:27:53.462561Z  INFO get_payload_v3{otel.kind=Server payload_id=0x03585951cfb02033 builder_has_payload=false payload_source="l2"}: rollup_boost::server: returning block hash=0x74c497759c94423017e13059f31063e3cb1a0cd3ce61d573b421eb43fd6116f6 number=4 context=l2 payload_id=0x03585951cfb02033
2025-11-12T23:27:53.463285Z  INFO proxy::call: proxying request to rollup-boost server method="engine_newPayloadV3"
2025-11-12T23:27:53.463326Z  INFO new_payload_v3{otel.kind=Server}: rollup_boost::server: received new_payload_v3
2025-11-12T23:27:53.463363Z  INFO new_payload_v3{otel.kind=Server}: rollup_boost::server: received new_payload block_hash=0x74c497759c94423017e13059f31063e3cb1a0cd3ce61d573b421eb43fd6116f6 version="v3"
2025-11-12T23:27:53.463392Z  INFO new_payload_v3{otel.kind=Server}:new_payload_v3{otel.kind=Client target="l2" url=http://op-geth:8551/}: rollup_boost::client::rpc: Sending new_payload_v3 to l2
2025-11-12T23:27:53.463516Z  INFO new_payload_v3{otel.kind=Client target="builder" url=http://op-rbuilder:8551/}: rollup_boost::client::rpc: Sending new_payload_v3 to builder
2025-11-12T23:27:53.466763Z  INFO proxy::call: proxying request to rollup-boost server method="engine_forkchoiceUpdatedV3"
2025-11-12T23:27:53.466903Z  INFO fork_choice_updated_v3{otel.kind=Server head_block_hash=0x74c497759c94423017e13059f31063e3cb1a0cd3ce61d573b421eb43fd6116f6 timestamp=None}:fork_choice_updated_v3{otel.kind=Client target="l2" head_block_hash=0x74c497759c94423017e13059f31063e3cb1a0cd3ce61d573b421eb43fd6116f6 url=http://op-geth:8551/}: rollup_boost::client::rpc: Sending fork_choice_updated_v3 to l2
2025-11-12T23:27:53.467097Z  INFO fork_choice_updated_v3{otel.kind=Client target="builder" head_block_hash=0x74c497759c94423017e13059f31063e3cb1a0cd3ce61d573b421eb43fd6116f6 url=http://op-rbuilder:8551/}: rollup_boost::client::rpc: Sending fork_choice_updated_v3 to builder
2025-11-12T23:27:53.469929Z ERROR new_payload_v3{otel.kind=Client target="builder" url=http://op-rbuilder:8551/ block_hash="0x74c497759c94423017e13059f31063e3cb1a0cd3ce61d573b421eb43fd6116f6" code=13}: rollup_boost::client::rpc: error=client error (Connect)
2025-11-12T23:27:53.472998Z ERROR fork_choice_updated_v3{otel.kind=Client target="builder" head_block_hash=0x74c497759c94423017e13059f31063e3cb1a0cd3ce61d573b421eb43fd6116f6 url=http://op-rbuilder:8551/ code=13}: rollup_boost::client::rpc: error=client error (Connect)
2025-11-12T23:27:53.473700Z  INFO proxy::call: proxying request to rollup-boost server method="engine_forkchoiceUpdatedV3"
2025-11-12T23:27:53.473819Z  INFO fork_choice_updated_v3{otel.kind=Server head_block_hash=0x74c497759c94423017e13059f31063e3cb1a0cd3ce61d573b421eb43fd6116f6 timestamp=Some(1762990074)}:fork_choice_updated_v3{otel.kind=Client target="l2" head_block_hash=0x74c497759c94423017e13059f31063e3cb1a0cd3ce61d573b421eb43fd6116f6 url=http://op-geth:8551/}: rollup_boost::client::rpc: Sending fork_choice_updated_v3 to l2
2025-11-12T23:27:53.473915Z  INFO fork_choice_updated_v3{otel.kind=Server head_block_hash=0x74c497759c94423017e13059f31063e3cb1a0cd3ce61d573b421eb43fd6116f6 timestamp=Some(1762990074)}:fork_choice_updated_v3{otel.kind=Client target="builder" head_block_hash=0x74c497759c94423017e13059f31063e3cb1a0cd3ce61d573b421eb43fd6116f6 url=http://op-rbuilder:8551/}: rollup_boost::client::rpc: Sending fork_choice_updated_v3 to builder
2025-11-12T23:27:53.478484Z ERROR fork_choice_updated_v3{otel.kind=Server head_block_hash=0x74c497759c94423017e13059f31063e3cb1a0cd3ce61d573b421eb43fd6116f6 timestamp=Some(1762990074)}:fork_choice_updated_v3{otel.kind=Client target="builder" head_block_hash=0x74c497759c94423017e13059f31063e3cb1a0cd3ce61d573b421eb43fd6116f6 url=http://op-rbuilder:8551/ code=13}: rollup_boost::client::rpc: error=client error (Connect)
2025-11-12T23:27:53.478530Z  INFO fork_choice_updated_v3{otel.kind=Server head_block_hash=0x74c497759c94423017e13059f31063e3cb1a0cd3ce61d573b421eb43fd6116f6 timestamp=Some(1762990074)}: rollup_boost::server: block building started payload_id=0x03ae094d14076c7d builder_building=false
2025-11-12T23:27:53.952011Z  INFO proxy::call: proxying request to rollup-boost server method="engine_getPayloadV3"
2025-11-12T23:27:53.952077Z  INFO get_payload_v3{otel.kind=Server payload_id=0x03ae094d14076c7d}: rollup_boost::server: received get_payload_v3
2025-11-12T23:27:53.952089Z  INFO get_payload_v3{otel.kind=Server payload_id=0x03ae094d14076c7d}:get_payload_v3{otel.kind=Client target="l2" url=http://op-geth:8551/ payload_id=0x03ae094d14076c7d}: rollup_boost::client::rpc: Sending get_payload_v3 to l2
2025-11-12T23:27:53.952147Z  INFO get_payload_v3{otel.kind=Server payload_id=0x03ae094d14076c7d}: rollup_boost::server: builder has no payload, skipping get_payload call to builder
2025-11-12T23:27:53.952762Z  INFO get_payload_v3{otel.kind=Server payload_id=0x03ae094d14076c7d builder_has_payload=false payload_source="l2"}: rollup_boost::server: returning block hash=0x468c48411f7a5d34c788209be4740e8b71d4eb28c9b503845461d404910a6f66 number=5 context=l2 payload_id=0x03ae094d14076c7d
2025-11-12T23:27:53.953348Z  INFO proxy::call: proxying request to rollup-boost server method="engine_newPayloadV3"
2025-11-12T23:27:53.953416Z  INFO new_payload_v3{otel.kind=Server}: rollup_boost::server: received new_payload_v3
2025-11-12T23:27:53.953424Z  INFO new_payload_v3{otel.kind=Server}: rollup_boost::server: received new_payload block_hash=0x468c48411f7a5d34c788209be4740e8b71d4eb28c9b503845461d404910a6f66 version="v3"
2025-11-12T23:27:53.953457Z  INFO new_payload_v3{otel.kind=Server}:new_payload_v3{otel.kind=Client target="l2" url=http://op-geth:8551/}: rollup_boost::client::rpc: Sending new_payload_v3 to l2
2025-11-12T23:27:53.953559Z  INFO new_payload_v3{otel.kind=Client target="builder" url=http://op-rbuilder:8551/}: rollup_boost::client::rpc: Sending new_payload_v3 to builder
2025-11-12T23:27:53.955384Z  INFO proxy::call: proxying request to rollup-boost server method="engine_forkchoiceUpdatedV3"
2025-11-12T23:27:53.955447Z  INFO fork_choice_updated_v3{otel.kind=Server head_block_hash=0x468c48411f7a5d34c788209be4740e8b71d4eb28c9b503845461d404910a6f66 timestamp=None}:fork_choice_updated_v3{otel.kind=Client target="l2" head_block_hash=0x468c48411f7a5d34c788209be4740e8b71d4eb28c9b503845461d404910a6f66 url=http://op-geth:8551/}: rollup_boost::client::rpc: Sending fork_choice_updated_v3 to l2
2025-11-12T23:27:53.955593Z  INFO fork_choice_updated_v3{otel.kind=Client target="builder" head_block_hash=0x468c48411f7a5d34c788209be4740e8b71d4eb28c9b503845461d404910a6f66 url=http://op-rbuilder:8551/}: rollup_boost::client::rpc: Sending fork_choice_updated_v3 to builder
2025-11-12T23:27:53.958175Z ERROR new_payload_v3{otel.kind=Client target="builder" url=http://op-rbuilder:8551/ block_hash="0x468c48411f7a5d34c788209be4740e8b71d4eb28c9b503845461d404910a6f66" code=13}: rollup_boost::client::rpc: error=client error (Connect)
2025-11-12T23:27:53.959444Z ERROR fork_choice_updated_v3{otel.kind=Client target="builder" head_block_hash=0x468c48411f7a5d34c788209be4740e8b71d4eb28c9b503845461d404910a6f66 url=http://op-rbuilder:8551/ code=13}: rollup_boost::client::rpc: error=client error (Connect)
2025-11-12T23:27:54.002609Z  INFO proxy::call: proxying request to rollup-boost server method="engine_forkchoiceUpdatedV3"
2025-11-12T23:27:54.002687Z  INFO fork_choice_updated_v3{otel.kind=Server head_block_hash=0x468c48411f7a5d34c788209be4740e8b71d4eb28c9b503845461d404910a6f66 timestamp=Some(1762990076)}:fork_choice_updated_v3{otel.kind=Client target="l2" head_block_hash=0x468c48411f7a5d34c788209be4740e8b71d4eb28c9b503845461d404910a6f66 url=http://op-geth:8551/}: rollup_boost::client::rpc: Sending fork_choice_updated_v3 to l2
2025-11-12T23:27:54.002734Z  INFO fork_choice_updated_v3{otel.kind=Server head_block_hash=0x468c48411f7a5d34c788209be4740e8b71d4eb28c9b503845461d404910a6f66 timestamp=Some(1762990076)}:fork_choice_updated_v3{otel.kind=Client target="builder" head_block_hash=0x468c48411f7a5d34c788209be4740e8b71d4eb28c9b503845461d404910a6f66 url=http://op-rbuilder:8551/}: rollup_boost::client::rpc: Sending fork_choice_updated_v3 to builder
2025-11-12T23:27:54.006874Z ERROR fork_choice_updated_v3{otel.kind=Server head_block_hash=0x468c48411f7a5d34c788209be4740e8b71d4eb28c9b503845461d404910a6f66 timestamp=Some(1762990076)}:fork_choice_updated_v3{otel.kind=Client target="builder" head_block_hash=0x468c48411f7a5d34c788209be4740e8b71d4eb28c9b503845461d404910a6f66 url=http://op-rbuilder:8551/ code=13}: rollup_boost::client::rpc: error=client error (Connect)
2025-11-12T23:27:54.006914Z  INFO fork_choice_updated_v3{otel.kind=Server head_block_hash=0x468c48411f7a5d34c788209be4740e8b71d4eb28c9b503845461d404910a6f66 timestamp=Some(1762990076)}: rollup_boost::server: block building started payload_id=0x03f4dfa081f19baa builder_building=false
2025-11-12T23:27:55.951592Z  INFO proxy::call: proxying request to rollup-boost server method="engine_getPayloadV3"
2025-11-12T23:27:55.951689Z  INFO get_payload_v3{otel.kind=Server payload_id=0x03f4dfa081f19baa}: rollup_boost::server: received get_payload_v3
2025-11-12T23:27:55.951729Z  INFO get_payload_v3{otel.kind=Server payload_id=0x03f4dfa081f19baa}:get_payload_v3{otel.kind=Client target="l2" url=http://op-geth:8551/ payload_id=0x03f4dfa081f19baa}: rollup_boost::client::rpc: Sending get_payload_v3 to l2
2025-11-12T23:27:55.951831Z  INFO get_payload_v3{otel.kind=Server payload_id=0x03f4dfa081f19baa}: rollup_boost::server: builder has no payload, skipping get_payload call to builder
2025-11-12T23:27:55.952916Z  INFO get_payload_v3{otel.kind=Server payload_id=0x03f4dfa081f19baa builder_has_payload=false payload_source="l2"}: rollup_boost::server: returning block hash=0xe0f57f0c334e53b158ab2fa2c8c7308482b5a5dfb5b112c23dbb415d5d23ba1e number=6 context=l2 payload_id=0x03f4dfa081f19baa
2025-11-12T23:27:55.953859Z  INFO proxy::call: proxying request to rollup-boost server method="engine_newPayloadV3"
2025-11-12T23:27:55.953905Z  INFO new_payload_v3{otel.kind=Server}: rollup_boost::server: received new_payload_v3
2025-11-12T23:27:55.953913Z  INFO new_payload_v3{otel.kind=Server}: rollup_boost::server: received new_payload block_hash=0xe0f57f0c334e53b158ab2fa2c8c7308482b5a5dfb5b112c23dbb415d5d23ba1e version="v3"
2025-11-12T23:27:55.954040Z  INFO new_payload_v3{otel.kind=Server}:new_payload_v3{otel.kind=Client target="l2" url=http://op-geth:8551/}: rollup_boost::client::rpc: Sending new_payload_v3 to l2
2025-11-12T23:27:55.954207Z  INFO new_payload_v3{otel.kind=Client target="builder" url=http://op-rbuilder:8551/}: rollup_boost::client::rpc: Sending new_payload_v3 to builder
2025-11-12T23:27:55.956670Z  INFO proxy::call: proxying request to rollup-boost server method="engine_forkchoiceUpdatedV3"
2025-11-12T23:27:55.956806Z  INFO fork_choice_updated_v3{otel.kind=Server head_block_hash=0xe0f57f0c334e53b158ab2fa2c8c7308482b5a5dfb5b112c23dbb415d5d23ba1e timestamp=None}:fork_choice_updated_v3{otel.kind=Client target="l2" head_block_hash=0xe0f57f0c334e53b158ab2fa2c8c7308482b5a5dfb5b112c23dbb415d5d23ba1e url=http://op-geth:8551/}: rollup_boost::client::rpc: Sending fork_choice_updated_v3 to l2
2025-11-12T23:27:55.956911Z  INFO fork_choice_updated_v3{otel.kind=Client target="builder" head_block_hash=0xe0f57f0c334e53b158ab2fa2c8c7308482b5a5dfb5b112c23dbb415d5d23ba1e url=http://op-rbuilder:8551/}: rollup_boost::client::rpc: Sending fork_choice_updated_v3 to builder
2025-11-12T23:27:55.986736Z ERROR new_payload_v3{otel.kind=Client target="builder" url=http://op-rbuilder:8551/ block_hash="0xe0f57f0c334e53b158ab2fa2c8c7308482b5a5dfb5b112c23dbb415d5d23ba1e" code=13}: rollup_boost::client::rpc: error=client error (Connect)
2025-11-12T23:27:55.987651Z ERROR fork_choice_updated_v3{otel.kind=Client target="builder" head_block_hash=0xe0f57f0c334e53b158ab2fa2c8c7308482b5a5dfb5b112c23dbb415d5d23ba1e url=http://op-rbuilder:8551/ code=13}: rollup_boost::client::rpc: error=client error (Connect)
2025-11-12T23:27:56.005447Z  INFO proxy::call: proxying request to rollup-boost server method="engine_forkchoiceUpdatedV3"
2025-11-12T23:27:56.005537Z  INFO fork_choice_updated_v3{otel.kind=Server head_block_hash=0xe0f57f0c334e53b158ab2fa2c8c7308482b5a5dfb5b112c23dbb415d5d23ba1e timestamp=Some(1762990078)}:fork_choice_updated_v3{otel.kind=Client target="l2" head_block_hash=0xe0f57f0c334e53b158ab2fa2c8c7308482b5a5dfb5b112c23dbb415d5d23ba1e url=http://op-geth:8551/}: rollup_boost::client::rpc: Sending fork_choice_updated_v3 to l2
2025-11-12T23:27:56.005592Z  INFO fork_choice_updated_v3{otel.kind=Server head_block_hash=0xe0f57f0c334e53b158ab2fa2c8c7308482b5a5dfb5b112c23dbb415d5d23ba1e timestamp=Some(1762990078)}:fork_choice_updated_v3{otel.kind=Client target="builder" head_block_hash=0xe0f57f0c334e53b158ab2fa2c8c7308482b5a5dfb5b112c23dbb415d5d23ba1e url=http://op-rbuilder:8551/}: rollup_boost::client::rpc: Sending fork_choice_updated_v3 to builder
2025-11-12T23:27:56.011280Z ERROR fork_choice_updated_v3{otel.kind=Server head_block_hash=0xe0f57f0c334e53b158ab2fa2c8c7308482b5a5dfb5b112c23dbb415d5d23ba1e timestamp=Some(1762990078)}:fork_choice_updated_v3{otel.kind=Client target="builder" head_block_hash=0xe0f57f0c334e53b158ab2fa2c8c7308482b5a5dfb5b112c23dbb415d5d23ba1e url=http://op-rbuilder:8551/ code=13}: rollup_boost::client::rpc: error=client error (Connect)
2025-11-12T23:27:56.011326Z  INFO fork_choice_updated_v3{otel.kind=Server head_block_hash=0xe0f57f0c334e53b158ab2fa2c8c7308482b5a5dfb5b112c23dbb415d5d23ba1e timestamp=Some(1762990078)}: rollup_boost::server: block building started payload_id=0x03bf6eaaee66c043 builder_building=false
2025-11-12T23:27:57.950540Z  INFO proxy::call: proxying request to rollup-boost server method="engine_getPayloadV3"
2025-11-12T23:27:57.950604Z  INFO get_payload_v3{otel.kind=Server payload_id=0x03bf6eaaee66c043}: rollup_boost::server: received get_payload_v3
2025-11-12T23:27:57.950616Z  INFO get_payload_v3{otel.kind=Server payload_id=0x03bf6eaaee66c043}:get_payload_v3{otel.kind=Client target="l2" url=http://op-geth:8551/ payload_id=0x03bf6eaaee66c043}: rollup_boost::client::rpc: Sending get_payload_v3 to l2
2025-11-12T23:27:57.950671Z  INFO get_payload_v3{otel.kind=Server payload_id=0x03bf6eaaee66c043}: rollup_boost::server: builder has no payload, skipping get_payload call to builder
2025-11-12T23:27:57.951692Z  INFO get_payload_v3{otel.kind=Server payload_id=0x03bf6eaaee66c043 builder_has_payload=false payload_source="l2"}: rollup_boost::server: returning block hash=0x789ca5ff499dd5b2319e41332efa74f28ab493af6ca74dd846349a693c9e314a number=7 context=l2 payload_id=0x03bf6eaaee66c043
2025-11-12T23:27:57.952892Z  INFO proxy::call: proxying request to rollup-boost server method="engine_newPayloadV3"
2025-11-12T23:27:57.953001Z  INFO new_payload_v3{otel.kind=Server}: rollup_boost::server: received new_payload_v3
2025-11-12T23:27:57.953014Z  INFO new_payload_v3{otel.kind=Server}: rollup_boost::server: received new_payload block_hash=0x789ca5ff499dd5b2319e41332efa74f28ab493af6ca74dd846349a693c9e314a version="v3"
2025-11-12T23:27:57.953124Z  INFO new_payload_v3{otel.kind=Server}:new_payload_v3{otel.kind=Client target="l2" url=http://op-geth:8551/}: rollup_boost::client::rpc: Sending new_payload_v3 to l2
2025-11-12T23:27:57.953311Z  INFO new_payload_v3{otel.kind=Client target="builder" url=http://op-rbuilder:8551/}: rollup_boost::client::rpc: Sending new_payload_v3 to builder
2025-11-12T23:27:57.955715Z  INFO proxy::call: proxying request to rollup-boost server method="engine_forkchoiceUpdatedV3"
2025-11-12T23:27:57.955757Z  INFO fork_choice_updated_v3{otel.kind=Server head_block_hash=0x789ca5ff499dd5b2319e41332efa74f28ab493af6ca74dd846349a693c9e314a timestamp=None}:fork_choice_updated_v3{otel.kind=Client target="l2" head_block_hash=0x789ca5ff499dd5b2319e41332efa74f28ab493af6ca74dd846349a693c9e314a url=http://op-geth:8551/}: rollup_boost::client::rpc: Sending fork_choice_updated_v3 to l2
2025-11-12T23:27:57.955938Z  INFO fork_choice_updated_v3{otel.kind=Client target="builder" head_block_hash=0x789ca5ff499dd5b2319e41332efa74f28ab493af6ca74dd846349a693c9e314a url=http://op-rbuilder:8551/}: rollup_boost::client::rpc: Sending fork_choice_updated_v3 to builder
2025-11-12T23:27:57.959007Z ERROR new_payload_v3{otel.kind=Client target="builder" url=http://op-rbuilder:8551/ block_hash="0x789ca5ff499dd5b2319e41332efa74f28ab493af6ca74dd846349a693c9e314a" code=13}: rollup_boost::client::rpc: error=client error (Connect)
2025-11-12T23:27:57.961816Z ERROR fork_choice_updated_v3{otel.kind=Client target="builder" head_block_hash=0x789ca5ff499dd5b2319e41332efa74f28ab493af6ca74dd846349a693c9e314a url=http://op-rbuilder:8551/ code=13}: rollup_boost::client::rpc: error=client error (Connect)
2025-11-12T23:27:58.003372Z  INFO proxy::call: proxying request to rollup-boost server method="engine_forkchoiceUpdatedV3"
2025-11-12T23:27:58.003458Z  INFO fork_choice_updated_v3{otel.kind=Server head_block_hash=0x789ca5ff499dd5b2319e41332efa74f28ab493af6ca74dd846349a693c9e314a timestamp=Some(1762990080)}:fork_choice_updated_v3{otel.kind=Client target="l2" head_block_hash=0x789ca5ff499dd5b2319e41332efa74f28ab493af6ca74dd846349a693c9e314a url=http://op-geth:8551/}: rollup_boost::client::rpc: Sending fork_choice_updated_v3 to l2
2025-11-12T23:27:58.003507Z  INFO fork_choice_updated_v3{otel.kind=Server head_block_hash=0x789ca5ff499dd5b2319e41332efa74f28ab493af6ca74dd846349a693c9e314a timestamp=Some(1762990080)}:fork_choice_updated_v3{otel.kind=Client target="builder" head_block_hash=0x789ca5ff499dd5b2319e41332efa74f28ab493af6ca74dd846349a693c9e314a url=http://op-rbuilder:8551/}: rollup_boost::client::rpc: Sending fork_choice_updated_v3 to builder
2025-11-12T23:27:58.007091Z ERROR fork_choice_updated_v3{otel.kind=Server head_block_hash=0x789ca5ff499dd5b2319e41332efa74f28ab493af6ca74dd846349a693c9e314a timestamp=Some(1762990080)}:fork_choice_updated_v3{otel.kind=Client target="builder" head_block_hash=0x789ca5ff499dd5b2319e41332efa74f28ab493af6ca74dd846349a693c9e314a url=http://op-rbuilder:8551/ code=13}: rollup_boost::client::rpc: error=client error (Connect)
2025-11-12T23:27:58.007132Z  INFO fork_choice_updated_v3{otel.kind=Server head_block_hash=0x789ca5ff499dd5b2319e41332efa74f28ab493af6ca74dd846349a693c9e314a timestamp=Some(1762990080)}: rollup_boost::server: block building started payload_id=0x0386f6cca0022057 builder_building=false
2025-11-12T23:27:59.952639Z  INFO proxy::call: proxying request to rollup-boost server method="engine_getPayloadV3"
2025-11-12T23:27:59.952702Z  INFO get_payload_v3{otel.kind=Server payload_id=0x0386f6cca0022057}: rollup_boost::server: received get_payload_v3
2025-11-12T23:27:59.952714Z  INFO get_payload_v3{otel.kind=Server payload_id=0x0386f6cca0022057}:get_payload_v3{otel.kind=Client target="l2" url=http://op-geth:8551/ payload_id=0x0386f6cca0022057}: rollup_boost::client::rpc: Sending get_payload_v3 to l2
2025-11-12T23:27:59.952768Z  INFO get_payload_v3{otel.kind=Server payload_id=0x0386f6cca0022057}: rollup_boost::server: builder has no payload, skipping get_payload call to builder
2025-11-12T23:27:59.953524Z  INFO get_payload_v3{otel.kind=Server payload_id=0x0386f6cca0022057 builder_has_payload=false payload_source="l2"}: rollup_boost::server: returning block hash=0xd4f596d5efaedbbd817c4c56ae42ab968916467c2ed1c50d0f808a6a221e0e52 number=8 context=l2 payload_id=0x0386f6cca0022057
2025-11-12T23:27:59.954256Z  INFO proxy::call: proxying request to rollup-boost server method="engine_newPayloadV3"
2025-11-12T23:27:59.954342Z  INFO new_payload_v3{otel.kind=Server}: rollup_boost::server: received new_payload_v3
2025-11-12T23:27:59.954350Z  INFO new_payload_v3{otel.kind=Server}: rollup_boost::server: received new_payload block_hash=0xd4f596d5efaedbbd817c4c56ae42ab968916467c2ed1c50d0f808a6a221e0e52 version="v3"
2025-11-12T23:27:59.954384Z  INFO new_payload_v3{otel.kind=Server}:new_payload_v3{otel.kind=Client target="l2" url=http://op-geth:8551/}: rollup_boost::client::rpc: Sending new_payload_v3 to l2
2025-11-12T23:27:59.954471Z  INFO new_payload_v3{otel.kind=Client target="builder" url=http://op-rbuilder:8551/}: rollup_boost::client::rpc: Sending new_payload_v3 to builder
2025-11-12T23:27:59.956617Z  INFO proxy::call: proxying request to rollup-boost server method="engine_forkchoiceUpdatedV3"
2025-11-12T23:27:59.956687Z  INFO fork_choice_updated_v3{otel.kind=Server head_block_hash=0xd4f596d5efaedbbd817c4c56ae42ab968916467c2ed1c50d0f808a6a221e0e52 timestamp=None}:fork_choice_updated_v3{otel.kind=Client target="l2" head_block_hash=0xd4f596d5efaedbbd817c4c56ae42ab968916467c2ed1c50d0f808a6a221e0e52 url=http://op-geth:8551/}: rollup_boost::client::rpc: Sending fork_choice_updated_v3 to l2
2025-11-12T23:27:59.956781Z  INFO fork_choice_updated_v3{otel.kind=Client target="builder" head_block_hash=0xd4f596d5efaedbbd817c4c56ae42ab968916467c2ed1c50d0f808a6a221e0e52 url=http://op-rbuilder:8551/}: rollup_boost::client::rpc: Sending fork_choice_updated_v3 to builder
2025-11-12T23:27:59.960816Z ERROR new_payload_v3{otel.kind=Client target="builder" url=http://op-rbuilder:8551/ block_hash="0xd4f596d5efaedbbd817c4c56ae42ab968916467c2ed1c50d0f808a6a221e0e52" code=13}: rollup_boost::client::rpc: error=client error (Connect)
2025-11-12T23:27:59.962523Z ERROR fork_choice_updated_v3{otel.kind=Client target="builder" head_block_hash=0xd4f596d5efaedbbd817c4c56ae42ab968916467c2ed1c50d0f808a6a221e0e52 url=http://op-rbuilder:8551/ code=13}: rollup_boost::client::rpc: error=client error (Connect)
2025-11-12T23:28:00.002878Z  INFO proxy::call: proxying request to rollup-boost server method="engine_forkchoiceUpdatedV3"
2025-11-12T23:28:00.002981Z  INFO fork_choice_updated_v3{otel.kind=Server head_block_hash=0xd4f596d5efaedbbd817c4c56ae42ab968916467c2ed1c50d0f808a6a221e0e52 timestamp=Some(1762990082)}:fork_choice_updated_v3{otel.kind=Client target="l2" head_block_hash=0xd4f596d5efaedbbd817c4c56ae42ab968916467c2ed1c50d0f808a6a221e0e52 url=http://op-geth:8551/}: rollup_boost::client::rpc: Sending fork_choice_updated_v3 to l2
2025-11-12T23:28:00.003066Z  INFO fork_choice_updated_v3{otel.kind=Server head_block_hash=0xd4f596d5efaedbbd817c4c56ae42ab968916467c2ed1c50d0f808a6a221e0e52 timestamp=Some(1762990082)}:fork_choice_updated_v3{otel.kind=Client target="builder" head_block_hash=0xd4f596d5efaedbbd817c4c56ae42ab968916467c2ed1c50d0f808a6a221e0e52 url=http://op-rbuilder:8551/}: rollup_boost::client::rpc: Sending fork_choice_updated_v3 to builder
2025-11-12T23:28:00.008654Z ERROR fork_choice_updated_v3{otel.kind=Server head_block_hash=0xd4f596d5efaedbbd817c4c56ae42ab968916467c2ed1c50d0f808a6a221e0e52 timestamp=Some(1762990082)}:fork_choice_updated_v3{otel.kind=Client target="builder" head_block_hash=0xd4f596d5efaedbbd817c4c56ae42ab968916467c2ed1c50d0f808a6a221e0e52 url=http://op-rbuilder:8551/ code=13}: rollup_boost::client::rpc: error=client error (Connect)
2025-11-12T23:28:00.008701Z  INFO fork_choice_updated_v3{otel.kind=Server head_block_hash=0xd4f596d5efaedbbd817c4c56ae42ab968916467c2ed1c50d0f808a6a221e0e52 timestamp=Some(1762990082)}: rollup_boost::server: block building started payload_id=0x0304dd7a6fa6a257 builder_building=false
2025-11-12T23:28:01.950432Z  INFO proxy::call: proxying request to rollup-boost server method="engine_getPayloadV3"
2025-11-12T23:28:01.950505Z  INFO get_payload_v3{otel.kind=Server payload_id=0x0304dd7a6fa6a257}: rollup_boost::server: received get_payload_v3
2025-11-12T23:28:01.950517Z  INFO get_payload_v3{otel.kind=Server payload_id=0x0304dd7a6fa6a257}:get_payload_v3{otel.kind=Client target="l2" url=http://op-geth:8551/ payload_id=0x0304dd7a6fa6a257}: rollup_boost::client::rpc: Sending get_payload_v3 to l2
2025-11-12T23:28:01.950574Z  INFO get_payload_v3{otel.kind=Server payload_id=0x0304dd7a6fa6a257}: rollup_boost::server: builder has no payload, skipping get_payload call to builder
2025-11-12T23:28:01.951361Z  INFO get_payload_v3{otel.kind=Server payload_id=0x0304dd7a6fa6a257 builder_has_payload=false payload_source="l2"}: rollup_boost::server: returning block hash=0x64b089955466d67b1ea5091b58998902b3426344eefd31a7bc250bc5f2e00f3b number=9 context=l2 payload_id=0x0304dd7a6fa6a257
2025-11-12T23:28:01.952066Z  INFO proxy::call: proxying request to rollup-boost server method="engine_newPayloadV3"
2025-11-12T23:28:01.952123Z  INFO new_payload_v3{otel.kind=Server}: rollup_boost::server: received new_payload_v3
2025-11-12T23:28:01.952139Z  INFO new_payload_v3{otel.kind=Server}: rollup_boost::server: received new_payload block_hash=0x64b089955466d67b1ea5091b58998902b3426344eefd31a7bc250bc5f2e00f3b version="v3"
2025-11-12T23:28:01.952283Z  INFO new_payload_v3{otel.kind=Server}:new_payload_v3{otel.kind=Client target="l2" url=http://op-geth:8551/}: rollup_boost::client::rpc: Sending new_payload_v3 to l2
2025-11-12T23:28:01.952414Z  INFO new_payload_v3{otel.kind=Client target="builder" url=http://op-rbuilder:8551/}: rollup_boost::client::rpc: Sending new_payload_v3 to builder
2025-11-12T23:28:01.954267Z  INFO proxy::call: proxying request to rollup-boost server method="engine_forkchoiceUpdatedV3"
2025-11-12T23:28:01.954334Z  INFO fork_choice_updated_v3{otel.kind=Server head_block_hash=0x64b089955466d67b1ea5091b58998902b3426344eefd31a7bc250bc5f2e00f3b timestamp=None}:fork_choice_updated_v3{otel.kind=Client target="l2" head_block_hash=0x64b089955466d67b1ea5091b58998902b3426344eefd31a7bc250bc5f2e00f3b url=http://op-geth:8551/}: rollup_boost::client::rpc: Sending fork_choice_updated_v3 to l2
2025-11-12T23:28:01.954484Z  INFO fork_choice_updated_v3{otel.kind=Client target="builder" head_block_hash=0x64b089955466d67b1ea5091b58998902b3426344eefd31a7bc250bc5f2e00f3b url=http://op-rbuilder:8551/}: rollup_boost::client::rpc: Sending fork_choice_updated_v3 to builder
2025-11-12T23:28:01.956695Z ERROR new_payload_v3{otel.kind=Client target="builder" url=http://op-rbuilder:8551/ block_hash="0x64b089955466d67b1ea5091b58998902b3426344eefd31a7bc250bc5f2e00f3b" code=13}: rollup_boost::client::rpc: error=client error (Connect)
2025-11-12T23:28:01.964590Z ERROR fork_choice_updated_v3{otel.kind=Client target="builder" head_block_hash=0x64b089955466d67b1ea5091b58998902b3426344eefd31a7bc250bc5f2e00f3b url=http://op-rbuilder:8551/ code=13}: rollup_boost::client::rpc: error=client error (Connect)
2025-11-12T23:28:02.002711Z  INFO proxy::call: proxying request to rollup-boost server method="engine_forkchoiceUpdatedV3"
2025-11-12T23:28:02.002808Z  INFO fork_choice_updated_v3{otel.kind=Server head_block_hash=0x64b089955466d67b1ea5091b58998902b3426344eefd31a7bc250bc5f2e00f3b timestamp=Some(1762990084)}:fork_choice_updated_v3{otel.kind=Client target="l2" head_block_hash=0x64b089955466d67b1ea5091b58998902b3426344eefd31a7bc250bc5f2e00f3b url=http://op-geth:8551/}: rollup_boost::client::rpc: Sending fork_choice_updated_v3 to l2
2025-11-12T23:28:02.002865Z  INFO fork_choice_updated_v3{otel.kind=Server head_block_hash=0x64b089955466d67b1ea5091b58998902b3426344eefd31a7bc250bc5f2e00f3b timestamp=Some(1762990084)}:fork_choice_updated_v3{otel.kind=Client target="builder" head_block_hash=0x64b089955466d67b1ea5091b58998902b3426344eefd31a7bc250bc5f2e00f3b url=http://op-rbuilder:8551/}: rollup_boost::client::rpc: Sending fork_choice_updated_v3 to builder
2025-11-12T23:28:02.008274Z ERROR fork_choice_updated_v3{otel.kind=Server head_block_hash=0x64b089955466d67b1ea5091b58998902b3426344eefd31a7bc250bc5f2e00f3b timestamp=Some(1762990084)}:fork_choice_updated_v3{otel.kind=Client target="builder" head_block_hash=0x64b089955466d67b1ea5091b58998902b3426344eefd31a7bc250bc5f2e00f3b url=http://op-rbuilder:8551/ code=13}: rollup_boost::client::rpc: error=client error (Connect)
2025-11-12T23:28:02.008321Z  INFO fork_choice_updated_v3{otel.kind=Server head_block_hash=0x64b089955466d67b1ea5091b58998902b3426344eefd31a7bc250bc5f2e00f3b timestamp=Some(1762990084)}: rollup_boost::server: block building started payload_id=0x03e05963da9c3456 builder_building=false
2025-11-12T23:28:03.950472Z  INFO proxy::call: proxying request to rollup-boost server method="engine_getPayloadV3"
2025-11-12T23:28:03.950541Z  INFO get_payload_v3{otel.kind=Server payload_id=0x03e05963da9c3456}: rollup_boost::server: received get_payload_v3
2025-11-12T23:28:03.950553Z  INFO get_payload_v3{otel.kind=Server payload_id=0x03e05963da9c3456}:get_payload_v3{otel.kind=Client target="l2" url=http://op-geth:8551/ payload_id=0x03e05963da9c3456}: rollup_boost::client::rpc: Sending get_payload_v3 to l2
2025-11-12T23:28:03.950611Z  INFO get_payload_v3{otel.kind=Server payload_id=0x03e05963da9c3456}: rollup_boost::server: builder has no payload, skipping get_payload call to builder
2025-11-12T23:28:03.951545Z  INFO get_payload_v3{otel.kind=Server payload_id=0x03e05963da9c3456 builder_has_payload=false payload_source="l2"}: rollup_boost::server: returning block hash=0x8c1be6d3b85d2aa58c65a27098ca6ca0561d51e37d6f9e69b205f3352c28ca14 number=10 context=l2 payload_id=0x03e05963da9c3456
2025-11-12T23:28:03.952317Z  INFO proxy::call: proxying request to rollup-boost server method="engine_newPayloadV3"
2025-11-12T23:28:03.952380Z  INFO new_payload_v3{otel.kind=Server}: rollup_boost::server: received new_payload_v3
2025-11-12T23:28:03.952386Z  INFO new_payload_v3{otel.kind=Server}: rollup_boost::server: received new_payload block_hash=0x8c1be6d3b85d2aa58c65a27098ca6ca0561d51e37d6f9e69b205f3352c28ca14 version="v3"
2025-11-12T23:28:03.952418Z  INFO new_payload_v3{otel.kind=Server}:new_payload_v3{otel.kind=Client target="l2" url=http://op-geth:8551/}: rollup_boost::client::rpc: Sending new_payload_v3 to l2
2025-11-12T23:28:03.952543Z  INFO new_payload_v3{otel.kind=Client target="builder" url=http://op-rbuilder:8551/}: rollup_boost::client::rpc: Sending new_payload_v3 to builder
2025-11-12T23:28:03.954394Z  INFO proxy::call: proxying request to rollup-boost server method="engine_forkchoiceUpdatedV3"
2025-11-12T23:28:03.954461Z  INFO fork_choice_updated_v3{otel.kind=Server head_block_hash=0x8c1be6d3b85d2aa58c65a27098ca6ca0561d51e37d6f9e69b205f3352c28ca14 timestamp=None}:fork_choice_updated_v3{otel.kind=Client target="l2" head_block_hash=0x8c1be6d3b85d2aa58c65a27098ca6ca0561d51e37d6f9e69b205f3352c28ca14 url=http://op-geth:8551/}: rollup_boost::client::rpc: Sending fork_choice_updated_v3 to l2
2025-11-12T23:28:03.954611Z  INFO fork_choice_updated_v3{otel.kind=Client target="builder" head_block_hash=0x8c1be6d3b85d2aa58c65a27098ca6ca0561d51e37d6f9e69b205f3352c28ca14 url=http://op-rbuilder:8551/}: rollup_boost::client::rpc: Sending fork_choice_updated_v3 to builder
2025-11-12T23:28:03.957850Z ERROR new_payload_v3{otel.kind=Client target="builder" url=http://op-rbuilder:8551/ block_hash="0x8c1be6d3b85d2aa58c65a27098ca6ca0561d51e37d6f9e69b205f3352c28ca14" code=13}: rollup_boost::client::rpc: error=client error (Connect)
2025-11-12T23:28:03.958836Z ERROR fork_choice_updated_v3{otel.kind=Client target="builder" head_block_hash=0x8c1be6d3b85d2aa58c65a27098ca6ca0561d51e37d6f9e69b205f3352c28ca14 url=http://op-rbuilder:8551/ code=13}: rollup_boost::client::rpc: error=client error (Connect)
2025-11-12T23:28:04.002092Z  INFO proxy::call: proxying request to rollup-boost server method="engine_forkchoiceUpdatedV3"
2025-11-12T23:28:04.002169Z  INFO fork_choice_updated_v3{otel.kind=Server head_block_hash=0x8c1be6d3b85d2aa58c65a27098ca6ca0561d51e37d6f9e69b205f3352c28ca14 timestamp=Some(1762990086)}:fork_choice_updated_v3{otel.kind=Client target="l2" head_block_hash=0x8c1be6d3b85d2aa58c65a27098ca6ca0561d51e37d6f9e69b205f3352c28ca14 url=http://op-geth:8551/}: rollup_boost::client::rpc: Sending fork_choice_updated_v3 to l2
2025-11-12T23:28:04.002219Z  INFO fork_choice_updated_v3{otel.kind=Server head_block_hash=0x8c1be6d3b85d2aa58c65a27098ca6ca0561d51e37d6f9e69b205f3352c28ca14 timestamp=Some(1762990086)}:fork_choice_updated_v3{otel.kind=Client target="builder" head_block_hash=0x8c1be6d3b85d2aa58c65a27098ca6ca0561d51e37d6f9e69b205f3352c28ca14 url=http://op-rbuilder:8551/}: rollup_boost::client::rpc: Sending fork_choice_updated_v3 to builder
2025-11-12T23:28:04.007106Z ERROR fork_choice_updated_v3{otel.kind=Server head_block_hash=0x8c1be6d3b85d2aa58c65a27098ca6ca0561d51e37d6f9e69b205f3352c28ca14 timestamp=Some(1762990086)}:fork_choice_updated_v3{otel.kind=Client target="builder" head_block_hash=0x8c1be6d3b85d2aa58c65a27098ca6ca0561d51e37d6f9e69b205f3352c28ca14 url=http://op-rbuilder:8551/ code=13}: rollup_boost::client::rpc: error=client error (Connect)
2025-11-12T23:28:04.007146Z  INFO fork_choice_updated_v3{otel.kind=Server head_block_hash=0x8c1be6d3b85d2aa58c65a27098ca6ca0561d51e37d6f9e69b205f3352c28ca14 timestamp=Some(1762990086)}: rollup_boost::server: block building started payload_id=0x031636fdd544d3fd builder_building=false
2025-11-12T23:28:05.950992Z  INFO proxy::call: proxying request to rollup-boost server method="engine_getPayloadV3"
2025-11-12T23:28:05.951178Z  INFO get_payload_v3{otel.kind=Server payload_id=0x031636fdd544d3fd}: rollup_boost::server: received get_payload_v3
2025-11-12T23:28:05.951201Z  INFO get_payload_v3{otel.kind=Server payload_id=0x031636fdd544d3fd}:get_payload_v3{otel.kind=Client target="l2" url=http://op-geth:8551/ payload_id=0x031636fdd544d3fd}: rollup_boost::client::rpc: Sending get_payload_v3 to l2
2025-11-12T23:28:05.951294Z  INFO get_payload_v3{otel.kind=Server payload_id=0x031636fdd544d3fd}: rollup_boost::server: builder has no payload, skipping get_payload call to builder
2025-11-12T23:28:05.952611Z  INFO get_payload_v3{otel.kind=Server payload_id=0x031636fdd544d3fd builder_has_payload=false payload_source="l2"}: rollup_boost::server: returning block hash=0x9d89185ddaa810ccc80716461503adc29eec2b26e8c5ad21b9a9986db29f65c4 number=11 context=l2 payload_id=0x031636fdd544d3fd
2025-11-12T23:28:05.953606Z  INFO proxy::call: proxying request to rollup-boost server method="engine_newPayloadV3"
2025-11-12T23:28:05.953707Z  INFO new_payload_v3{otel.kind=Server}: rollup_boost::server: received new_payload_v3
2025-11-12T23:28:05.953717Z  INFO new_payload_v3{otel.kind=Server}: rollup_boost::server: received new_payload block_hash=0x9d89185ddaa810ccc80716461503adc29eec2b26e8c5ad21b9a9986db29f65c4 version="v3"
2025-11-12T23:28:05.953760Z  INFO new_payload_v3{otel.kind=Server}:new_payload_v3{otel.kind=Client target="l2" url=http://op-geth:8551/}: rollup_boost::client::rpc: Sending new_payload_v3 to l2
2025-11-12T23:28:05.953976Z  INFO new_payload_v3{otel.kind=Client target="builder" url=http://op-rbuilder:8551/}: rollup_boost::client::rpc: Sending new_payload_v3 to builder
2025-11-12T23:28:05.958920Z  INFO proxy::call: proxying request to rollup-boost server method="engine_forkchoiceUpdatedV3"
2025-11-12T23:28:05.959145Z  INFO fork_choice_updated_v3{otel.kind=Server head_block_hash=0x9d89185ddaa810ccc80716461503adc29eec2b26e8c5ad21b9a9986db29f65c4 timestamp=None}:fork_choice_updated_v3{otel.kind=Client target="l2" head_block_hash=0x9d89185ddaa810ccc80716461503adc29eec2b26e8c5ad21b9a9986db29f65c4 url=http://op-geth:8551/}: rollup_boost::client::rpc: Sending fork_choice_updated_v3 to l2
2025-11-12T23:28:05.959266Z  INFO fork_choice_updated_v3{otel.kind=Client target="builder" head_block_hash=0x9d89185ddaa810ccc80716461503adc29eec2b26e8c5ad21b9a9986db29f65c4 url=http://op-rbuilder:8551/}: rollup_boost::client::rpc: Sending fork_choice_updated_v3 to builder
2025-11-12T23:28:05.960485Z ERROR new_payload_v3{otel.kind=Client target="builder" url=http://op-rbuilder:8551/ block_hash="0x9d89185ddaa810ccc80716461503adc29eec2b26e8c5ad21b9a9986db29f65c4" code=13}: rollup_boost::client::rpc: error=client error (Connect)
2025-11-12T23:28:05.964067Z ERROR fork_choice_updated_v3{otel.kind=Client target="builder" head_block_hash=0x9d89185ddaa810ccc80716461503adc29eec2b26e8c5ad21b9a9986db29f65c4 url=http://op-rbuilder:8551/ code=13}: rollup_boost::client::rpc: error=client error (Connect)
2025-11-12T23:28:06.002548Z  INFO proxy::call: proxying request to rollup-boost server method="engine_forkchoiceUpdatedV3"
2025-11-12T23:28:06.002624Z  INFO fork_choice_updated_v3{otel.kind=Server head_block_hash=0x9d89185ddaa810ccc80716461503adc29eec2b26e8c5ad21b9a9986db29f65c4 timestamp=Some(1762990088)}:fork_choice_updated_v3{otel.kind=Client target="l2" head_block_hash=0x9d89185ddaa810ccc80716461503adc29eec2b26e8c5ad21b9a9986db29f65c4 url=http://op-geth:8551/}: rollup_boost::client::rpc: Sending fork_choice_updated_v3 to l2
2025-11-12T23:28:06.002689Z  INFO fork_choice_updated_v3{otel.kind=Server head_block_hash=0x9d89185ddaa810ccc80716461503adc29eec2b26e8c5ad21b9a9986db29f65c4 timestamp=Some(1762990088)}:fork_choice_updated_v3{otel.kind=Client target="builder" head_block_hash=0x9d89185ddaa810ccc80716461503adc29eec2b26e8c5ad21b9a9986db29f65c4 url=http://op-rbuilder:8551/}: rollup_boost::client::rpc: Sending fork_choice_updated_v3 to builder
2025-11-12T23:28:06.008319Z ERROR fork_choice_updated_v3{otel.kind=Server head_block_hash=0x9d89185ddaa810ccc80716461503adc29eec2b26e8c5ad21b9a9986db29f65c4 timestamp=Some(1762990088)}:fork_choice_updated_v3{otel.kind=Client target="builder" head_block_hash=0x9d89185ddaa810ccc80716461503adc29eec2b26e8c5ad21b9a9986db29f65c4 url=http://op-rbuilder:8551/ code=13}: rollup_boost::client::rpc: error=client error (Connect)
2025-11-12T23:28:06.008342Z  INFO fork_choice_updated_v3{otel.kind=Server head_block_hash=0x9d89185ddaa810ccc80716461503adc29eec2b26e8c5ad21b9a9986db29f65c4 timestamp=Some(1762990088)}: rollup_boost::server: block building started payload_id=0x0335176ccbe09626 builder_building=false
2025-11-12T23:28:07.950520Z  INFO proxy::call: proxying request to rollup-boost server method="engine_getPayloadV3"
2025-11-12T23:28:07.950586Z  INFO get_payload_v3{otel.kind=Server payload_id=0x0335176ccbe09626}: rollup_boost::server: received get_payload_v3
2025-11-12T23:28:07.950599Z  INFO get_payload_v3{otel.kind=Server payload_id=0x0335176ccbe09626}:get_payload_v3{otel.kind=Client target="l2" url=http://op-geth:8551/ payload_id=0x0335176ccbe09626}: rollup_boost::client::rpc: Sending get_payload_v3 to l2
2025-11-12T23:28:07.950658Z  INFO get_payload_v3{otel.kind=Server payload_id=0x0335176ccbe09626}: rollup_boost::server: builder has no payload, skipping get_payload call to builder
2025-11-12T23:28:07.951442Z  INFO get_payload_v3{otel.kind=Server payload_id=0x0335176ccbe09626 builder_has_payload=false payload_source="l2"}: rollup_boost::server: returning block hash=0x244446386c71392fed9fe52fcea447a42ef73dfb81ec5f1756e3816c493b6dab number=12 context=l2 payload_id=0x0335176ccbe09626
2025-11-12T23:28:07.952254Z  INFO proxy::call: proxying request to rollup-boost server method="engine_newPayloadV3"
2025-11-12T23:28:07.952329Z  INFO new_payload_v3{otel.kind=Server}: rollup_boost::server: received new_payload_v3
2025-11-12T23:28:07.952335Z  INFO new_payload_v3{otel.kind=Server}: rollup_boost::server: received new_payload block_hash=0x244446386c71392fed9fe52fcea447a42ef73dfb81ec5f1756e3816c493b6dab version="v3"
2025-11-12T23:28:07.952368Z  INFO new_payload_v3{otel.kind=Server}:new_payload_v3{otel.kind=Client target="l2" url=http://op-geth:8551/}: rollup_boost::client::rpc: Sending new_payload_v3 to l2
2025-11-12T23:28:07.952467Z  INFO new_payload_v3{otel.kind=Client target="builder" url=http://op-rbuilder:8551/}: rollup_boost::client::rpc: Sending new_payload_v3 to builder
2025-11-12T23:28:07.955138Z  INFO proxy::call: proxying request to rollup-boost server method="engine_forkchoiceUpdatedV3"
2025-11-12T23:28:07.955187Z  INFO fork_choice_updated_v3{otel.kind=Server head_block_hash=0x244446386c71392fed9fe52fcea447a42ef73dfb81ec5f1756e3816c493b6dab timestamp=None}:fork_choice_updated_v3{otel.kind=Client target="l2" head_block_hash=0x244446386c71392fed9fe52fcea447a42ef73dfb81ec5f1756e3816c493b6dab url=http://op-geth:8551/}: rollup_boost::client::rpc: Sending fork_choice_updated_v3 to l2
2025-11-12T23:28:07.955400Z  INFO fork_choice_updated_v3{otel.kind=Client target="builder" head_block_hash=0x244446386c71392fed9fe52fcea447a42ef73dfb81ec5f1756e3816c493b6dab url=http://op-rbuilder:8551/}: rollup_boost::client::rpc: Sending fork_choice_updated_v3 to builder
2025-11-12T23:28:07.956494Z ERROR new_payload_v3{otel.kind=Client target="builder" url=http://op-rbuilder:8551/ block_hash="0x244446386c71392fed9fe52fcea447a42ef73dfb81ec5f1756e3816c493b6dab" code=13}: rollup_boost::client::rpc: error=client error (Connect)
2025-11-12T23:28:07.958895Z ERROR fork_choice_updated_v3{otel.kind=Client target="builder" head_block_hash=0x244446386c71392fed9fe52fcea447a42ef73dfb81ec5f1756e3816c493b6dab url=http://op-rbuilder:8551/ code=13}: rollup_boost::client::rpc: error=client error (Connect)
2025-11-12T23:28:08.004095Z  INFO proxy::call: proxying request to rollup-boost server method="engine_forkchoiceUpdatedV3"
2025-11-12T23:28:08.004203Z  INFO fork_choice_updated_v3{otel.kind=Server head_block_hash=0x244446386c71392fed9fe52fcea447a42ef73dfb81ec5f1756e3816c493b6dab timestamp=Some(1762990090)}:fork_choice_updated_v3{otel.kind=Client target="l2" head_block_hash=0x244446386c71392fed9fe52fcea447a42ef73dfb81ec5f1756e3816c493b6dab url=http://op-geth:8551/}: rollup_boost::client::rpc: Sending fork_choice_updated_v3 to l2
2025-11-12T23:28:08.004250Z  INFO fork_choice_updated_v3{otel.kind=Server head_block_hash=0x244446386c71392fed9fe52fcea447a42ef73dfb81ec5f1756e3816c493b6dab timestamp=Some(1762990090)}:fork_choice_updated_v3{otel.kind=Client target="builder" head_block_hash=0x244446386c71392fed9fe52fcea447a42ef73dfb81ec5f1756e3816c493b6dab url=http://op-rbuilder:8551/}: rollup_boost::client::rpc: Sending fork_choice_updated_v3 to builder
2025-11-12T23:28:08.007956Z ERROR fork_choice_updated_v3{otel.kind=Server head_block_hash=0x244446386c71392fed9fe52fcea447a42ef73dfb81ec5f1756e3816c493b6dab timestamp=Some(1762990090)}:fork_choice_updated_v3{otel.kind=Client target="builder" head_block_hash=0x244446386c71392fed9fe52fcea447a42ef73dfb81ec5f1756e3816c493b6dab url=http://op-rbuilder:8551/ code=13}: rollup_boost::client::rpc: error=client error (Connect)
2025-11-12T23:28:08.008120Z  INFO fork_choice_updated_v3{otel.kind=Server head_block_hash=0x244446386c71392fed9fe52fcea447a42ef73dfb81ec5f1756e3816c493b6dab timestamp=Some(1762990090)}: rollup_boost::server: block building started payload_id=0x0358d7a6cfdc2055 builder_building=false
2025-11-12T23:28:09.950432Z  INFO proxy::call: proxying request to rollup-boost server method="engine_getPayloadV3"
2025-11-12T23:28:09.950515Z  INFO get_payload_v3{otel.kind=Server payload_id=0x0358d7a6cfdc2055}: rollup_boost::server: received get_payload_v3
2025-11-12T23:28:09.950528Z  INFO get_payload_v3{otel.kind=Server payload_id=0x0358d7a6cfdc2055}:get_payload_v3{otel.kind=Client target="l2" url=http://op-geth:8551/ payload_id=0x0358d7a6cfdc2055}: rollup_boost::client::rpc: Sending get_payload_v3 to l2
2025-11-12T23:28:09.950584Z  INFO get_payload_v3{otel.kind=Server payload_id=0x0358d7a6cfdc2055}: rollup_boost::server: builder has no payload, skipping get_payload call to builder
2025-11-12T23:28:09.951433Z  INFO get_payload_v3{otel.kind=Server payload_id=0x0358d7a6cfdc2055 builder_has_payload=false payload_source="l2"}: rollup_boost::server: returning block hash=0x53d6e279f0086c0430058bd503d11b99db5d387bfeff8d20b737ac993ed8b34d number=13 context=l2 payload_id=0x0358d7a6cfdc2055
2025-11-12T23:28:09.952496Z  INFO proxy::call: proxying request to rollup-boost server method="engine_newPayloadV3"
2025-11-12T23:28:09.952565Z  INFO new_payload_v3{otel.kind=Server}: rollup_boost::server: received new_payload_v3
2025-11-12T23:28:09.952571Z  INFO new_payload_v3{otel.kind=Server}: rollup_boost::server: received new_payload block_hash=0x53d6e279f0086c0430058bd503d11b99db5d387bfeff8d20b737ac993ed8b34d version="v3"
2025-11-12T23:28:09.952603Z  INFO new_payload_v3{otel.kind=Server}:new_payload_v3{otel.kind=Client target="l2" url=http://op-geth:8551/}: rollup_boost::client::rpc: Sending new_payload_v3 to l2
2025-11-12T23:28:09.952713Z  INFO new_payload_v3{otel.kind=Client target="builder" url=http://op-rbuilder:8551/}: rollup_boost::client::rpc: Sending new_payload_v3 to builder
2025-11-12T23:28:09.954347Z  INFO proxy::call: proxying request to rollup-boost server method="engine_forkchoiceUpdatedV3"
2025-11-12T23:28:09.954424Z  INFO fork_choice_updated_v3{otel.kind=Server head_block_hash=0x53d6e279f0086c0430058bd503d11b99db5d387bfeff8d20b737ac993ed8b34d timestamp=None}:fork_choice_updated_v3{otel.kind=Client target="l2" head_block_hash=0x53d6e279f0086c0430058bd503d11b99db5d387bfeff8d20b737ac993ed8b34d url=http://op-geth:8551/}: rollup_boost::client::rpc: Sending fork_choice_updated_v3 to l2
2025-11-12T23:28:09.954644Z  INFO fork_choice_updated_v3{otel.kind=Client target="builder" head_block_hash=0x53d6e279f0086c0430058bd503d11b99db5d387bfeff8d20b737ac993ed8b34d url=http://op-rbuilder:8551/}: rollup_boost::client::rpc: Sending fork_choice_updated_v3 to builder
2025-11-12T23:28:09.957765Z ERROR new_payload_v3{otel.kind=Client target="builder" url=http://op-rbuilder:8551/ block_hash="0x53d6e279f0086c0430058bd503d11b99db5d387bfeff8d20b737ac993ed8b34d" code=13}: rollup_boost::client::rpc: error=client error (Connect)
2025-11-12T23:28:09.958607Z ERROR fork_choice_updated_v3{otel.kind=Client target="builder" head_block_hash=0x53d6e279f0086c0430058bd503d11b99db5d387bfeff8d20b737ac993ed8b34d url=http://op-rbuilder:8551/ code=13}: rollup_boost::client::rpc: error=client error (Connect)
2025-11-12T23:28:10.003239Z  INFO proxy::call: proxying request to rollup-boost server method="engine_forkchoiceUpdatedV3"
2025-11-12T23:28:10.003296Z  INFO fork_choice_updated_v3{otel.kind=Server head_block_hash=0x53d6e279f0086c0430058bd503d11b99db5d387bfeff8d20b737ac993ed8b34d timestamp=Some(1762990092)}:fork_choice_updated_v3{otel.kind=Client target="l2" head_block_hash=0x53d6e279f0086c0430058bd503d11b99db5d387bfeff8d20b737ac993ed8b34d url=http://op-geth:8551/}: rollup_boost::client::rpc: Sending fork_choice_updated_v3 to l2
2025-11-12T23:28:10.003459Z  INFO fork_choice_updated_v3{otel.kind=Server head_block_hash=0x53d6e279f0086c0430058bd503d11b99db5d387bfeff8d20b737ac993ed8b34d timestamp=Some(1762990092)}:fork_choice_updated_v3{otel.kind=Client target="builder" head_block_hash=0x53d6e279f0086c0430058bd503d11b99db5d387bfeff8d20b737ac993ed8b34d url=http://op-rbuilder:8551/}: rollup_boost::client::rpc: Sending fork_choice_updated_v3 to builder
2025-11-12T23:28:10.009158Z ERROR fork_choice_updated_v3{otel.kind=Server head_block_hash=0x53d6e279f0086c0430058bd503d11b99db5d387bfeff8d20b737ac993ed8b34d timestamp=Some(1762990092)}:fork_choice_updated_v3{otel.kind=Client target="builder" head_block_hash=0x53d6e279f0086c0430058bd503d11b99db5d387bfeff8d20b737ac993ed8b34d url=http://op-rbuilder:8551/ code=13}: rollup_boost::client::rpc: error=client error (Connect)
2025-11-12T23:28:10.009199Z  INFO fork_choice_updated_v3{otel.kind=Server head_block_hash=0x53d6e279f0086c0430058bd503d11b99db5d387bfeff8d20b737ac993ed8b34d timestamp=Some(1762990092)}: rollup_boost::server: block building started payload_id=0x0360cbd8d3c0e1a4 builder_building=false
2025-11-12T23:28:11.951233Z  INFO proxy::call: proxying request to rollup-boost server method="engine_getPayloadV3"
2025-11-12T23:28:11.951294Z  INFO get_payload_v3{otel.kind=Server payload_id=0x0360cbd8d3c0e1a4}: rollup_boost::server: received get_payload_v3
2025-11-12T23:28:11.951313Z  INFO get_payload_v3{otel.kind=Server payload_id=0x0360cbd8d3c0e1a4}:get_payload_v3{otel.kind=Client target="l2" url=http://op-geth:8551/ payload_id=0x0360cbd8d3c0e1a4}: rollup_boost::client::rpc: Sending get_payload_v3 to l2
2025-11-12T23:28:11.951423Z  INFO get_payload_v3{otel.kind=Server payload_id=0x0360cbd8d3c0e1a4}: rollup_boost::server: builder has no payload, skipping get_payload call to builder
2025-11-12T23:28:11.952821Z  INFO get_payload_v3{otel.kind=Server payload_id=0x0360cbd8d3c0e1a4 builder_has_payload=false payload_source="l2"}: rollup_boost::server: returning block hash=0x28efe5cccaedcdaaec021cc2c7dd2c9db63c799a593c265715454b4d30047600 number=14 context=l2 payload_id=0x0360cbd8d3c0e1a4
2025-11-12T23:28:11.953929Z  INFO proxy::call: proxying request to rollup-boost server method="engine_newPayloadV3"
2025-11-12T23:28:11.954128Z  INFO new_payload_v3{otel.kind=Server}: rollup_boost::server: received new_payload_v3
2025-11-12T23:28:11.954220Z  INFO new_payload_v3{otel.kind=Server}: rollup_boost::server: received new_payload block_hash=0x28efe5cccaedcdaaec021cc2c7dd2c9db63c799a593c265715454b4d30047600 version="v3"
2025-11-12T23:28:11.954282Z  INFO new_payload_v3{otel.kind=Server}:new_payload_v3{otel.kind=Client target="l2" url=http://op-geth:8551/}: rollup_boost::client::rpc: Sending new_payload_v3 to l2
2025-11-12T23:28:11.954390Z  INFO new_payload_v3{otel.kind=Client target="builder" url=http://op-rbuilder:8551/}: rollup_boost::client::rpc: Sending new_payload_v3 to builder
2025-11-12T23:28:11.957592Z  INFO proxy::call: proxying request to rollup-boost server method="engine_forkchoiceUpdatedV3"
2025-11-12T23:28:11.957681Z  INFO fork_choice_updated_v3{otel.kind=Server head_block_hash=0x28efe5cccaedcdaaec021cc2c7dd2c9db63c799a593c265715454b4d30047600 timestamp=None}:fork_choice_updated_v3{otel.kind=Client target="l2" head_block_hash=0x28efe5cccaedcdaaec021cc2c7dd2c9db63c799a593c265715454b4d30047600 url=http://op-geth:8551/}: rollup_boost::client::rpc: Sending fork_choice_updated_v3 to l2
2025-11-12T23:28:11.957788Z  INFO fork_choice_updated_v3{otel.kind=Client target="builder" head_block_hash=0x28efe5cccaedcdaaec021cc2c7dd2c9db63c799a593c265715454b4d30047600 url=http://op-rbuilder:8551/}: rollup_boost::client::rpc: Sending fork_choice_updated_v3 to builder
2025-11-12T23:28:11.962213Z ERROR new_payload_v3{otel.kind=Client target="builder" url=http://op-rbuilder:8551/ block_hash="0x28efe5cccaedcdaaec021cc2c7dd2c9db63c799a593c265715454b4d30047600" code=13}: rollup_boost::client::rpc: error=client error (Connect)
2025-11-12T23:28:11.963132Z ERROR fork_choice_updated_v3{otel.kind=Client target="builder" head_block_hash=0x28efe5cccaedcdaaec021cc2c7dd2c9db63c799a593c265715454b4d30047600 url=http://op-rbuilder:8551/ code=13}: rollup_boost::client::rpc: error=client error (Connect)
2025-11-12T23:28:12.005691Z  INFO proxy::call: proxying request to rollup-boost server method="engine_forkchoiceUpdatedV3"
2025-11-12T23:28:12.005807Z  INFO fork_choice_updated_v3{otel.kind=Server head_block_hash=0x28efe5cccaedcdaaec021cc2c7dd2c9db63c799a593c265715454b4d30047600 timestamp=Some(1762990094)}:fork_choice_updated_v3{otel.kind=Client target="l2" head_block_hash=0x28efe5cccaedcdaaec021cc2c7dd2c9db63c799a593c265715454b4d30047600 url=http://op-geth:8551/}: rollup_boost::client::rpc: Sending fork_choice_updated_v3 to l2
2025-11-12T23:28:12.005881Z  INFO fork_choice_updated_v3{otel.kind=Server head_block_hash=0x28efe5cccaedcdaaec021cc2c7dd2c9db63c799a593c265715454b4d30047600 timestamp=Some(1762990094)}:fork_choice_updated_v3{otel.kind=Client target="builder" head_block_hash=0x28efe5cccaedcdaaec021cc2c7dd2c9db63c799a593c265715454b4d30047600 url=http://op-rbuilder:8551/}: rollup_boost::client::rpc: Sending fork_choice_updated_v3 to builder
2025-11-12T23:28:12.010700Z ERROR fork_choice_updated_v3{otel.kind=Server head_block_hash=0x28efe5cccaedcdaaec021cc2c7dd2c9db63c799a593c265715454b4d30047600 timestamp=Some(1762990094)}:fork_choice_updated_v3{otel.kind=Client target="builder" head_block_hash=0x28efe5cccaedcdaaec021cc2c7dd2c9db63c799a593c265715454b4d30047600 url=http://op-rbuilder:8551/ code=13}: rollup_boost::client::rpc: error=client error (Connect)
2025-11-12T23:28:12.010750Z  INFO fork_choice_updated_v3{otel.kind=Server head_block_hash=0x28efe5cccaedcdaaec021cc2c7dd2c9db63c799a593c265715454b4d30047600 timestamp=Some(1762990094)}: rollup_boost::server: block building started payload_id=0x03d5f271c5b860b2 builder_building=false
2025-11-12T23:28:13.950533Z  INFO proxy::call: proxying request to rollup-boost server method="engine_getPayloadV3"
2025-11-12T23:28:13.950634Z  INFO get_payload_v3{otel.kind=Server payload_id=0x03d5f271c5b860b2}: rollup_boost::server: received get_payload_v3
2025-11-12T23:28:13.950647Z  INFO get_payload_v3{otel.kind=Server payload_id=0x03d5f271c5b860b2}:get_payload_v3{otel.kind=Client target="l2" url=http://op-geth:8551/ payload_id=0x03d5f271c5b860b2}: rollup_boost::client::rpc: Sending get_payload_v3 to l2
2025-11-12T23:28:13.950722Z  INFO get_payload_v3{otel.kind=Server payload_id=0x03d5f271c5b860b2}: rollup_boost::server: builder has no payload, skipping get_payload call to builder
2025-11-12T23:28:13.951442Z  INFO get_payload_v3{otel.kind=Server payload_id=0x03d5f271c5b860b2 builder_has_payload=false payload_source="l2"}: rollup_boost::server: returning block hash=0x7673177954dcf0ab14432f28405c3b56c9f6f3993f8a04ee6b0dc5e4fb53a5db number=15 context=l2 payload_id=0x03d5f271c5b860b2
2025-11-12T23:28:13.952492Z  INFO proxy::call: proxying request to rollup-boost server method="engine_newPayloadV3"
2025-11-12T23:28:13.952546Z  INFO new_payload_v3{otel.kind=Server}: rollup_boost::server: received new_payload_v3
2025-11-12T23:28:13.952552Z  INFO new_payload_v3{otel.kind=Server}: rollup_boost::server: received new_payload block_hash=0x7673177954dcf0ab14432f28405c3b56c9f6f3993f8a04ee6b0dc5e4fb53a5db version="v3"
2025-11-12T23:28:13.952601Z  INFO new_payload_v3{otel.kind=Server}:new_payload_v3{otel.kind=Client target="l2" url=http://op-geth:8551/}: rollup_boost::client::rpc: Sending new_payload_v3 to l2
2025-11-12T23:28:13.952733Z  INFO new_payload_v3{otel.kind=Client target="builder" url=http://op-rbuilder:8551/}: rollup_boost::client::rpc: Sending new_payload_v3 to builder
2025-11-12T23:28:13.955379Z  INFO proxy::call: proxying request to rollup-boost server method="engine_forkchoiceUpdatedV3"
2025-11-12T23:28:13.955461Z  INFO fork_choice_updated_v3{otel.kind=Server head_block_hash=0x7673177954dcf0ab14432f28405c3b56c9f6f3993f8a04ee6b0dc5e4fb53a5db timestamp=None}:fork_choice_updated_v3{otel.kind=Client target="l2" head_block_hash=0x7673177954dcf0ab14432f28405c3b56c9f6f3993f8a04ee6b0dc5e4fb53a5db url=http://op-geth:8551/}: rollup_boost::client::rpc: Sending fork_choice_updated_v3 to l2
2025-11-12T23:28:13.955614Z  INFO fork_choice_updated_v3{otel.kind=Client target="builder" head_block_hash=0x7673177954dcf0ab14432f28405c3b56c9f6f3993f8a04ee6b0dc5e4fb53a5db url=http://op-rbuilder:8551/}: rollup_boost::client::rpc: Sending fork_choice_updated_v3 to builder
2025-11-12T23:28:13.957143Z ERROR new_payload_v3{otel.kind=Client target="builder" url=http://op-rbuilder:8551/ block_hash="0x7673177954dcf0ab14432f28405c3b56c9f6f3993f8a04ee6b0dc5e4fb53a5db" code=13}: rollup_boost::client::rpc: error=client error (Connect)
2025-11-12T23:28:13.960155Z ERROR fork_choice_updated_v3{otel.kind=Client target="builder" head_block_hash=0x7673177954dcf0ab14432f28405c3b56c9f6f3993f8a04ee6b0dc5e4fb53a5db url=http://op-rbuilder:8551/ code=13}: rollup_boost::client::rpc: error=client error (Connect)
2025-11-12T23:28:14.003692Z  INFO proxy::call: proxying request to rollup-boost server method="engine_forkchoiceUpdatedV3"
2025-11-12T23:28:14.003869Z  INFO fork_choice_updated_v3{otel.kind=Server head_block_hash=0x7673177954dcf0ab14432f28405c3b56c9f6f3993f8a04ee6b0dc5e4fb53a5db timestamp=Some(1762990096)}:fork_choice_updated_v3{otel.kind=Client target="l2" head_block_hash=0x7673177954dcf0ab14432f28405c3b56c9f6f3993f8a04ee6b0dc5e4fb53a5db url=http://op-geth:8551/}: rollup_boost::client::rpc: Sending fork_choice_updated_v3 to l2
2025-11-12T23:28:14.004382Z  INFO fork_choice_updated_v3{otel.kind=Server head_block_hash=0x7673177954dcf0ab14432f28405c3b56c9f6f3993f8a04ee6b0dc5e4fb53a5db timestamp=Some(1762990096)}:fork_choice_updated_v3{otel.kind=Client target="builder" head_block_hash=0x7673177954dcf0ab14432f28405c3b56c9f6f3993f8a04ee6b0dc5e4fb53a5db url=http://op-rbuilder:8551/}: rollup_boost::client::rpc: Sending fork_choice_updated_v3 to builder
2025-11-12T23:28:14.011211Z ERROR fork_choice_updated_v3{otel.kind=Server head_block_hash=0x7673177954dcf0ab14432f28405c3b56c9f6f3993f8a04ee6b0dc5e4fb53a5db timestamp=Some(1762990096)}:fork_choice_updated_v3{otel.kind=Client target="builder" head_block_hash=0x7673177954dcf0ab14432f28405c3b56c9f6f3993f8a04ee6b0dc5e4fb53a5db url=http://op-rbuilder:8551/ code=13}: rollup_boost::client::rpc: error=client error (Connect)
2025-11-12T23:28:14.012019Z  INFO fork_choice_updated_v3{otel.kind=Server head_block_hash=0x7673177954dcf0ab14432f28405c3b56c9f6f3993f8a04ee6b0dc5e4fb53a5db timestamp=Some(1762990096)}: rollup_boost::server: block building started payload_id=0x03a8422b71fe81a1 builder_building=false
